{"C:\\Users\\Abhishek\\.gemini\\antigravity\\scratch\\thalai-guardianV8\\thalai-backend\\server.js": {"path":"C:\\Users\\Abhishek\\.gemini\\antigravity\\scratch\\thalai-guardianV8\\thalai-backend\\server.js","statementMap":{"0":{"start":{"line":1,"column":16},"end":{"line":1,"column":34}},"1":{"start":{"line":2,"column":13},"end":{"line":2,"column":28}},"2":{"start":{"line":3,"column":15},"end":{"line":3,"column":32}},"3":{"start":{"line":4,"column":0},"end":{"line":4,"column":27}},"4":{"start":{"line":5,"column":15},"end":{"line":5,"column":32}},"5":{"start":{"line":6,"column":12},"end":{"line":6,"column":26}},"6":{"start":{"line":7,"column":18},"end":{"line":7,"column":40}},"7":{"start":{"line":8,"column":21},"end":{"line":8,"column":57}},"8":{"start":{"line":9,"column":15},"end":{"line":9,"column":40}},"9":{"start":{"line":10,"column":23},"end":{"line":10,"column":58}},"10":{"start":{"line":13,"column":21},"end":{"line":13,"column":53}},"11":{"start":{"line":14,"column":19},"end":{"line":14,"column":49}},"12":{"start":{"line":15,"column":20},"end":{"line":15,"column":51}},"13":{"start":{"line":16,"column":22},"end":{"line":16,"column":55}},"14":{"start":{"line":17,"column":20},"end":{"line":17,"column":51}},"15":{"start":{"line":18,"column":20},"end":{"line":18,"column":51}},"16":{"start":{"line":19,"column":23},"end":{"line":19,"column":57}},"17":{"start":{"line":20,"column":22},"end":{"line":20,"column":55}},"18":{"start":{"line":21,"column":27},"end":{"line":21,"column":65}},"19":{"start":{"line":22,"column":21},"end":{"line":22,"column":53}},"20":{"start":{"line":23,"column":26},"end":{"line":23,"column":63}},"21":{"start":{"line":24,"column":25},"end":{"line":24,"column":61}},"22":{"start":{"line":29,"column":12},"end":{"line":29,"column":21}},"23":{"start":{"line":32,"column":0},"end":{"line":32,"column":12}},"24":{"start":{"line":35,"column":23},"end":{"line":41,"column":17}},"25":{"start":{"line":43,"column":20},"end":{"line":72,"column":1}},"26":{"start":{"line":46,"column":4},"end":{"line":46,"column":45}},"27":{"start":{"line":46,"column":17},"end":{"line":46,"column":45}},"28":{"start":{"line":48,"column":22},"end":{"line":50,"column":5}},"29":{"start":{"line":49,"column":6},"end":{"line":49,"column":54}},"30":{"start":{"line":54,"column":27},"end":{"line":54,"column":58}},"31":{"start":{"line":56,"column":4},"end":{"line":68,"column":5}},"32":{"start":{"line":57,"column":6},"end":{"line":57,"column":27}},"33":{"start":{"line":60,"column":6},"end":{"line":62,"column":7}},"34":{"start":{"line":61,"column":8},"end":{"line":61,"column":36}},"35":{"start":{"line":63,"column":6},"end":{"line":63,"column":77}},"36":{"start":{"line":67,"column":6},"end":{"line":67,"column":27}},"37":{"start":{"line":75,"column":0},"end":{"line":75,"column":18}},"38":{"start":{"line":76,"column":0},"end":{"line":76,"column":15}},"39":{"start":{"line":77,"column":0},"end":{"line":77,"column":27}},"40":{"start":{"line":78,"column":0},"end":{"line":78,"column":40}},"41":{"start":{"line":79,"column":0},"end":{"line":79,"column":62}},"42":{"start":{"line":82,"column":0},"end":{"line":95,"column":1}},"43":{"start":{"line":83,"column":2},"end":{"line":87,"column":6}},"44":{"start":{"line":85,"column":26},"end":{"line":85,"column":79}},"45":{"start":{"line":90,"column":2},"end":{"line":94,"column":6}},"46":{"start":{"line":92,"column":26},"end":{"line":92,"column":79}},"47":{"start":{"line":98,"column":0},"end":{"line":98,"column":28}},"48":{"start":{"line":99,"column":0},"end":{"line":99,"column":37}},"49":{"start":{"line":100,"column":0},"end":{"line":100,"column":33}},"50":{"start":{"line":101,"column":0},"end":{"line":101,"column":35}},"51":{"start":{"line":102,"column":0},"end":{"line":102,"column":40}},"52":{"start":{"line":103,"column":0},"end":{"line":103,"column":36}},"53":{"start":{"line":104,"column":0},"end":{"line":104,"column":35}},"54":{"start":{"line":105,"column":0},"end":{"line":105,"column":41}},"55":{"start":{"line":106,"column":0},"end":{"line":106,"column":39}},"56":{"start":{"line":107,"column":0},"end":{"line":107,"column":50}},"57":{"start":{"line":108,"column":0},"end":{"line":108,"column":37}},"58":{"start":{"line":109,"column":0},"end":{"line":109,"column":48}},"59":{"start":{"line":110,"column":0},"end":{"line":110,"column":46}},"60":{"start":{"line":113,"column":0},"end":{"line":115,"column":3}},"61":{"start":{"line":114,"column":2},"end":{"line":114,"column":70}},"62":{"start":{"line":119,"column":0},"end":{"line":148,"column":1}},"63":{"start":{"line":120,"column":15},"end":{"line":120,"column":30}},"64":{"start":{"line":121,"column":13},"end":{"line":121,"column":26}},"65":{"start":{"line":122,"column":23},"end":{"line":122,"column":70}},"66":{"start":{"line":124,"column":2},"end":{"line":124,"column":64}},"67":{"start":{"line":126,"column":2},"end":{"line":133,"column":3}},"68":{"start":{"line":127,"column":4},"end":{"line":127,"column":50}},"69":{"start":{"line":128,"column":4},"end":{"line":128,"column":62}},"70":{"start":{"line":130,"column":4},"end":{"line":130,"column":56}},"71":{"start":{"line":131,"column":4},"end":{"line":131,"column":53}},"72":{"start":{"line":132,"column":4},"end":{"line":132,"column":54}},"73":{"start":{"line":135,"column":2},"end":{"line":135,"column":40}},"74":{"start":{"line":137,"column":2},"end":{"line":147,"column":5}},"75":{"start":{"line":139,"column":4},"end":{"line":139,"column":50}},"76":{"start":{"line":139,"column":36},"end":{"line":139,"column":50}},"77":{"start":{"line":141,"column":22},"end":{"line":141,"column":62}},"78":{"start":{"line":142,"column":4},"end":{"line":146,"column":5}},"79":{"start":{"line":143,"column":6},"end":{"line":143,"column":30}},"80":{"start":{"line":145,"column":6},"end":{"line":145,"column":72}},"81":{"start":{"line":151,"column":0},"end":{"line":156,"column":3}},"82":{"start":{"line":152,"column":2},"end":{"line":155,"column":5}},"83":{"start":{"line":159,"column":0},"end":{"line":159,"column":22}},"84":{"start":{"line":162,"column":13},"end":{"line":162,"column":37}},"85":{"start":{"line":163,"column":0},"end":{"line":191,"column":1}},"86":{"start":{"line":164,"column":17},"end":{"line":172,"column":4}},"87":{"start":{"line":165,"column":4},"end":{"line":169,"column":7}},"88":{"start":{"line":170,"column":4},"end":{"line":170,"column":53}},"89":{"start":{"line":171,"column":4},"end":{"line":171,"column":76}},"90":{"start":{"line":175,"column":2},"end":{"line":190,"column":5}},"91":{"start":{"line":176,"column":4},"end":{"line":176,"column":97}},"92":{"start":{"line":177,"column":4},"end":{"line":189,"column":5}},"93":{"start":{"line":178,"column":6},"end":{"line":178,"column":57}},"94":{"start":{"line":179,"column":6},"end":{"line":179,"column":56}},"95":{"start":{"line":180,"column":6},"end":{"line":180,"column":66}},"96":{"start":{"line":181,"column":6},"end":{"line":181,"column":70}},"97":{"start":{"line":182,"column":6},"end":{"line":182,"column":58}},"98":{"start":{"line":183,"column":6},"end":{"line":183,"column":76}},"99":{"start":{"line":184,"column":6},"end":{"line":184,"column":57}},"100":{"start":{"line":185,"column":6},"end":{"line":185,"column":22}},"101":{"start":{"line":187,"column":6},"end":{"line":187,"column":46}},"102":{"start":{"line":188,"column":6},"end":{"line":188,"column":22}},"103":{"start":{"line":193,"column":0},"end":{"line":193,"column":21}}},"fnMap":{"0":{"name":"(anonymous_0)","decl":{"start":{"line":44,"column":10},"end":{"line":44,"column":11}},"loc":{"start":{"line":44,"column":38},"end":{"line":69,"column":3}},"line":44},"1":{"name":"(anonymous_1)","decl":{"start":{"line":48,"column":42},"end":{"line":48,"column":43}},"loc":{"start":{"line":49,"column":6},"end":{"line":49,"column":54}},"line":49},"2":{"name":"(anonymous_2)","decl":{"start":{"line":85,"column":13},"end":{"line":85,"column":14}},"loc":{"start":{"line":85,"column":26},"end":{"line":85,"column":79}},"line":85},"3":{"name":"(anonymous_3)","decl":{"start":{"line":92,"column":13},"end":{"line":92,"column":14}},"loc":{"start":{"line":92,"column":26},"end":{"line":92,"column":79}},"line":92},"4":{"name":"(anonymous_4)","decl":{"start":{"line":113,"column":23},"end":{"line":113,"column":24}},"loc":{"start":{"line":113,"column":37},"end":{"line":115,"column":1}},"line":113},"5":{"name":"(anonymous_5)","decl":{"start":{"line":137,"column":15},"end":{"line":137,"column":16}},"loc":{"start":{"line":137,"column":35},"end":{"line":147,"column":3}},"line":137},"6":{"name":"(anonymous_6)","decl":{"start":{"line":151,"column":8},"end":{"line":151,"column":9}},"loc":{"start":{"line":151,"column":22},"end":{"line":156,"column":1}},"line":151},"7":{"name":"(anonymous_7)","decl":{"start":{"line":164,"column":34},"end":{"line":164,"column":35}},"loc":{"start":{"line":164,"column":40},"end":{"line":172,"column":3}},"line":164},"8":{"name":"(anonymous_8)","decl":{"start":{"line":175,"column":21},"end":{"line":175,"column":22}},"loc":{"start":{"line":175,"column":32},"end":{"line":190,"column":3}},"line":175}},"branchMap":{"0":{"loc":{"start":{"line":46,"column":4},"end":{"line":46,"column":45}},"type":"if","locations":[{"start":{"line":46,"column":4},"end":{"line":46,"column":45}},{"start":{},"end":{}}],"line":46},"1":{"loc":{"start":{"line":49,"column":6},"end":{"line":49,"column":54}},"type":"binary-expr","locations":[{"start":{"line":49,"column":6},"end":{"line":49,"column":24}},{"start":{"line":49,"column":28},"end":{"line":49,"column":54}}],"line":49},"2":{"loc":{"start":{"line":56,"column":4},"end":{"line":68,"column":5}},"type":"if","locations":[{"start":{"line":56,"column":4},"end":{"line":68,"column":5}},{"start":{"line":58,"column":11},"end":{"line":68,"column":5}}],"line":56},"3":{"loc":{"start":{"line":56,"column":8},"end":{"line":56,"column":35}},"type":"binary-expr","locations":[{"start":{"line":56,"column":8},"end":{"line":56,"column":17}},{"start":{"line":56,"column":21},"end":{"line":56,"column":35}}],"line":56},"4":{"loc":{"start":{"line":60,"column":6},"end":{"line":62,"column":7}},"type":"if","locations":[{"start":{"line":60,"column":6},"end":{"line":62,"column":7}},{"start":{},"end":{}}],"line":60},"5":{"loc":{"start":{"line":60,"column":10},"end":{"line":60,"column":114}},"type":"binary-expr","locations":[{"start":{"line":60,"column":10},"end":{"line":60,"column":48}},{"start":{"line":60,"column":53},"end":{"line":60,"column":81}},{"start":{"line":60,"column":85},"end":{"line":60,"column":113}}],"line":60},"6":{"loc":{"start":{"line":82,"column":0},"end":{"line":95,"column":1}},"type":"if","locations":[{"start":{"line":82,"column":0},"end":{"line":95,"column":1}},{"start":{"line":88,"column":7},"end":{"line":95,"column":1}}],"line":82},"7":{"loc":{"start":{"line":119,"column":0},"end":{"line":148,"column":1}},"type":"if","locations":[{"start":{"line":119,"column":0},"end":{"line":148,"column":1}},{"start":{},"end":{}}],"line":119},"8":{"loc":{"start":{"line":119,"column":4},"end":{"line":119,"column":82}},"type":"binary-expr","locations":[{"start":{"line":119,"column":4},"end":{"line":119,"column":41}},{"start":{"line":119,"column":45},"end":{"line":119,"column":82}}],"line":119},"9":{"loc":{"start":{"line":126,"column":2},"end":{"line":133,"column":3}},"type":"if","locations":[{"start":{"line":126,"column":2},"end":{"line":133,"column":3}},{"start":{"line":129,"column":9},"end":{"line":133,"column":3}}],"line":126},"10":{"loc":{"start":{"line":139,"column":4},"end":{"line":139,"column":50}},"type":"if","locations":[{"start":{"line":139,"column":4},"end":{"line":139,"column":50}},{"start":{},"end":{}}],"line":139},"11":{"loc":{"start":{"line":142,"column":4},"end":{"line":146,"column":5}},"type":"if","locations":[{"start":{"line":142,"column":4},"end":{"line":146,"column":5}},{"start":{"line":144,"column":11},"end":{"line":146,"column":5}}],"line":142},"12":{"loc":{"start":{"line":162,"column":13},"end":{"line":162,"column":37}},"type":"binary-expr","locations":[{"start":{"line":162,"column":13},"end":{"line":162,"column":29}},{"start":{"line":162,"column":33},"end":{"line":162,"column":37}}],"line":162},"13":{"loc":{"start":{"line":163,"column":0},"end":{"line":191,"column":1}},"type":"if","locations":[{"start":{"line":163,"column":0},"end":{"line":191,"column":1}},{"start":{},"end":{}}],"line":163},"14":{"loc":{"start":{"line":167,"column":19},"end":{"line":167,"column":56}},"type":"binary-expr","locations":[{"start":{"line":167,"column":19},"end":{"line":167,"column":39}},{"start":{"line":167,"column":43},"end":{"line":167,"column":56}}],"line":167},"15":{"loc":{"start":{"line":171,"column":35},"end":{"line":171,"column":72}},"type":"binary-expr","locations":[{"start":{"line":171,"column":35},"end":{"line":171,"column":55}},{"start":{"line":171,"column":59},"end":{"line":171,"column":72}}],"line":171},"16":{"loc":{"start":{"line":177,"column":4},"end":{"line":189,"column":5}},"type":"if","locations":[{"start":{"line":177,"column":4},"end":{"line":189,"column":5}},{"start":{"line":186,"column":11},"end":{"line":189,"column":5}}],"line":177}},"s":{"0":6,"1":6,"2":6,"3":6,"4":6,"5":6,"6":6,"7":6,"8":6,"9":6,"10":6,"11":6,"12":6,"13":6,"14":6,"15":6,"16":6,"17":6,"18":6,"19":6,"20":6,"21":6,"22":6,"23":6,"24":6,"25":6,"26":28,"27":28,"28":0,"29":0,"30":0,"31":0,"32":0,"33":0,"34":0,"35":0,"36":0,"37":6,"38":6,"39":6,"40":6,"41":6,"42":6,"43":0,"44":0,"45":6,"46":28,"47":6,"48":6,"49":6,"50":6,"51":6,"52":6,"53":6,"54":6,"55":6,"56":6,"57":6,"58":6,"59":6,"60":6,"61":1,"62":6,"63":0,"64":0,"65":0,"66":0,"67":0,"68":0,"69":0,"70":0,"71":0,"72":0,"73":0,"74":0,"75":0,"76":0,"77":0,"78":0,"79":0,"80":0,"81":6,"82":0,"83":6,"84":6,"85":6,"86":0,"87":0,"88":0,"89":0,"90":0,"91":0,"92":0,"93":0,"94":0,"95":0,"96":0,"97":0,"98":0,"99":0,"100":0,"101":0,"102":0,"103":6},"f":{"0":28,"1":0,"2":0,"3":28,"4":1,"5":0,"6":0,"7":0,"8":0},"b":{"0":[28,0],"1":[0,0],"2":[0,0],"3":[0,0],"4":[0,0],"5":[0,0,0],"6":[0,6],"7":[0,6],"8":[6,6],"9":[0,0],"10":[0,0],"11":[0,0],"12":[6,0],"13":[0,6],"14":[0,0],"15":[0,0],"16":[0,0]},"_coverageSchema":"1a1c01bbd47fc00a2c39e90264f33305004495a9","hash":"d8d5072107f08c8e5264eb5b661adce4852f5f10"}
,"C:\\Users\\Abhishek\\.gemini\\antigravity\\scratch\\thalai-guardianV8\\thalai-backend\\config\\db.js": {"path":"C:\\Users\\Abhishek\\.gemini\\antigravity\\scratch\\thalai-guardianV8\\thalai-backend\\config\\db.js","statementMap":{"0":{"start":{"line":1,"column":17},"end":{"line":1,"column":36}},"1":{"start":{"line":2,"column":0},"end":{"line":2,"column":27}},"2":{"start":{"line":4,"column":18},"end":{"line":24,"column":1}},"3":{"start":{"line":5,"column":2},"end":{"line":23,"column":3}},"4":{"start":{"line":6,"column":19},"end":{"line":6,"column":114}},"5":{"start":{"line":9,"column":4},"end":{"line":13,"column":5}},"6":{"start":{"line":10,"column":6},"end":{"line":12,"column":29}},"7":{"start":{"line":15,"column":17},"end":{"line":15,"column":49}},"8":{"start":{"line":17,"column":4},"end":{"line":19,"column":5}},"9":{"start":{"line":18,"column":6},"end":{"line":18,"column":66}},"10":{"start":{"line":21,"column":4},"end":{"line":21,"column":66}},"11":{"start":{"line":22,"column":4},"end":{"line":22,"column":20}},"12":{"start":{"line":26,"column":0},"end":{"line":26,"column":27}}},"fnMap":{"0":{"name":"(anonymous_0)","decl":{"start":{"line":4,"column":18},"end":{"line":4,"column":19}},"loc":{"start":{"line":4,"column":30},"end":{"line":24,"column":1}},"line":4}},"branchMap":{"0":{"loc":{"start":{"line":6,"column":19},"end":{"line":6,"column":114}},"type":"binary-expr","locations":[{"start":{"line":6,"column":19},"end":{"line":6,"column":40}},{"start":{"line":6,"column":44},"end":{"line":6,"column":67}},{"start":{"line":6,"column":71},"end":{"line":6,"column":114}}],"line":6},"1":{"loc":{"start":{"line":9,"column":4},"end":{"line":13,"column":5}},"type":"if","locations":[{"start":{"line":9,"column":4},"end":{"line":13,"column":5}},{"start":{},"end":{}}],"line":9},"2":{"loc":{"start":{"line":9,"column":8},"end":{"line":9,"column":70}},"type":"binary-expr","locations":[{"start":{"line":9,"column":8},"end":{"line":9,"column":39}},{"start":{"line":9,"column":43},"end":{"line":9,"column":70}}],"line":9},"3":{"loc":{"start":{"line":10,"column":17},"end":{"line":12,"column":28}},"type":"cond-expr","locations":[{"start":{"line":11,"column":10},"end":{"line":11,"column":41}},{"start":{"line":12,"column":10},"end":{"line":12,"column":28}}],"line":10},"4":{"loc":{"start":{"line":17,"column":4},"end":{"line":19,"column":5}},"type":"if","locations":[{"start":{"line":17,"column":4},"end":{"line":19,"column":5}},{"start":{},"end":{}}],"line":17}},"s":{"0":6,"1":6,"2":6,"3":6,"4":6,"5":6,"6":6,"7":6,"8":6,"9":0,"10":0,"11":0,"12":6},"f":{"0":6},"b":{"0":[6,0,0],"1":[6,0],"2":[6,6],"3":[0,6],"4":[0,6]},"_coverageSchema":"1a1c01bbd47fc00a2c39e90264f33305004495a9","hash":"8b2c12c64aac08cdb9f94bb25c92b88baedc3905"}
,"C:\\Users\\Abhishek\\.gemini\\antigravity\\scratch\\thalai-guardianV8\\thalai-backend\\controllers\\adminController.js": {"path":"C:\\Users\\Abhishek\\.gemini\\antigravity\\scratch\\thalai-guardianV8\\thalai-backend\\controllers\\adminController.js","statementMap":{"0":{"start":{"line":1,"column":13},"end":{"line":1,"column":43}},"1":{"start":{"line":2,"column":14},"end":{"line":2,"column":45}},"2":{"start":{"line":3,"column":16},"end":{"line":3,"column":49}},"3":{"start":{"line":4,"column":15},"end":{"line":4,"column":47}},"4":{"start":{"line":5,"column":31},"end":{"line":5,"column":72}},"5":{"start":{"line":6,"column":15},"end":{"line":6,"column":41}},"6":{"start":{"line":13,"column":18},"end":{"line":44,"column":1}},"7":{"start":{"line":14,"column":2},"end":{"line":43,"column":3}},"8":{"start":{"line":15,"column":19},"end":{"line":18,"column":30}},"9":{"start":{"line":21,"column":34},"end":{"line":27,"column":6}},"10":{"start":{"line":22,"column":26},"end":{"line":22,"column":51}},"11":{"start":{"line":23,"column":6},"end":{"line":26,"column":8}},"12":{"start":{"line":29,"column":4},"end":{"line":35,"column":7}},"13":{"start":{"line":37,"column":4},"end":{"line":37,"column":46}},"14":{"start":{"line":38,"column":4},"end":{"line":42,"column":7}},"15":{"start":{"line":51,"column":20},"end":{"line":180,"column":1}},"16":{"start":{"line":52,"column":2},"end":{"line":179,"column":3}},"17":{"start":{"line":53,"column":86},"end":{"line":53,"column":94}},"18":{"start":{"line":55,"column":4},"end":{"line":60,"column":5}},"19":{"start":{"line":56,"column":6},"end":{"line":59,"column":9}},"20":{"start":{"line":62,"column":18},"end":{"line":62,"column":64}},"21":{"start":{"line":64,"column":4},"end":{"line":69,"column":5}},"22":{"start":{"line":65,"column":6},"end":{"line":68,"column":9}},"23":{"start":{"line":72,"column":17},"end":{"line":72,"column":66}},"24":{"start":{"line":73,"column":4},"end":{"line":78,"column":5}},"25":{"start":{"line":74,"column":6},"end":{"line":77,"column":9}},"26":{"start":{"line":81,"column":33},"end":{"line":81,"column":56}},"27":{"start":{"line":84,"column":4},"end":{"line":84,"column":28}},"28":{"start":{"line":85,"column":4},"end":{"line":85,"column":34}},"29":{"start":{"line":86,"column":4},"end":{"line":86,"column":36}},"30":{"start":{"line":89,"column":4},"end":{"line":91,"column":5}},"31":{"start":{"line":90,"column":6},"end":{"line":90,"column":55}},"32":{"start":{"line":94,"column":4},"end":{"line":106,"column":5}},"33":{"start":{"line":95,"column":28},"end":{"line":95,"column":66}},"34":{"start":{"line":96,"column":6},"end":{"line":105,"column":7}},"35":{"start":{"line":97,"column":8},"end":{"line":97,"column":52}},"36":{"start":{"line":98,"column":8},"end":{"line":98,"column":101}},"37":{"start":{"line":99,"column":8},"end":{"line":99,"column":50}},"38":{"start":{"line":101,"column":8},"end":{"line":104,"column":11}},"39":{"start":{"line":109,"column":4},"end":{"line":111,"column":5}},"40":{"start":{"line":110,"column":6},"end":{"line":110,"column":26}},"41":{"start":{"line":114,"column":4},"end":{"line":126,"column":5}},"42":{"start":{"line":115,"column":26},"end":{"line":115,"column":51}},"43":{"start":{"line":117,"column":6},"end":{"line":121,"column":7}},"44":{"start":{"line":118,"column":8},"end":{"line":118,"column":81}},"45":{"start":{"line":119,"column":8},"end":{"line":119,"column":53}},"46":{"start":{"line":120,"column":8},"end":{"line":120,"column":70}},"47":{"start":{"line":124,"column":26},"end":{"line":124,"column":51}},"48":{"start":{"line":125,"column":6},"end":{"line":125,"column":68}},"49":{"start":{"line":128,"column":4},"end":{"line":128,"column":23}},"50":{"start":{"line":131,"column":4},"end":{"line":136,"column":6}},"51":{"start":{"line":139,"column":4},"end":{"line":147,"column":5}},"52":{"start":{"line":140,"column":6},"end":{"line":146,"column":8}},"53":{"start":{"line":150,"column":4},"end":{"line":153,"column":7}},"54":{"start":{"line":156,"column":4},"end":{"line":156,"column":79}},"55":{"start":{"line":157,"column":4},"end":{"line":157,"column":53}},"56":{"start":{"line":160,"column":29},"end":{"line":160,"column":54}},"57":{"start":{"line":162,"column":4},"end":{"line":171,"column":7}},"58":{"start":{"line":173,"column":4},"end":{"line":173,"column":48}},"59":{"start":{"line":174,"column":4},"end":{"line":178,"column":7}},"60":{"start":{"line":187,"column":29},"end":{"line":236,"column":1}},"61":{"start":{"line":188,"column":2},"end":{"line":235,"column":3}},"62":{"start":{"line":189,"column":19},"end":{"line":192,"column":30}},"63":{"start":{"line":194,"column":30},"end":{"line":212,"column":6}},"64":{"start":{"line":195,"column":26},"end":{"line":195,"column":51}},"65":{"start":{"line":196,"column":6},"end":{"line":211,"column":8}},"66":{"start":{"line":214,"column":4},"end":{"line":227,"column":7}},"67":{"start":{"line":221,"column":52},"end":{"line":221,"column":62}},"68":{"start":{"line":222,"column":54},"end":{"line":222,"column":105}},"69":{"start":{"line":223,"column":52},"end":{"line":223,"column":86}},"70":{"start":{"line":224,"column":52},"end":{"line":224,"column":64}},"71":{"start":{"line":229,"column":4},"end":{"line":229,"column":58}},"72":{"start":{"line":230,"column":4},"end":{"line":234,"column":7}},"73":{"start":{"line":243,"column":17},"end":{"line":351,"column":1}},"74":{"start":{"line":244,"column":2},"end":{"line":350,"column":3}},"75":{"start":{"line":246,"column":26},"end":{"line":246,"column":88}},"76":{"start":{"line":249,"column":24},"end":{"line":249,"column":84}},"77":{"start":{"line":252,"column":25},"end":{"line":252,"column":86}},"78":{"start":{"line":255,"column":27},"end":{"line":255,"column":75}},"79":{"start":{"line":258,"column":28},"end":{"line":258,"column":77}},"80":{"start":{"line":261,"column":27},"end":{"line":261,"column":111}},"81":{"start":{"line":264,"column":20},"end":{"line":264,"column":53}},"82":{"start":{"line":265,"column":28},"end":{"line":265,"column":103}},"83":{"start":{"line":268,"column":30},"end":{"line":268,"column":83}},"84":{"start":{"line":271,"column":23},"end":{"line":292,"column":6}},"85":{"start":{"line":294,"column":28},"end":{"line":310,"column":6}},"86":{"start":{"line":312,"column":29},"end":{"line":319,"column":6}},"87":{"start":{"line":321,"column":4},"end":{"line":342,"column":7}},"88":{"start":{"line":344,"column":4},"end":{"line":344,"column":45}},"89":{"start":{"line":345,"column":4},"end":{"line":349,"column":7}},"90":{"start":{"line":360,"column":19},"end":{"line":382,"column":1}},"91":{"start":{"line":361,"column":2},"end":{"line":381,"column":3}},"92":{"start":{"line":362,"column":20},"end":{"line":365,"column":30}},"93":{"start":{"line":367,"column":4},"end":{"line":373,"column":7}},"94":{"start":{"line":375,"column":4},"end":{"line":375,"column":47}},"95":{"start":{"line":376,"column":4},"end":{"line":380,"column":7}},"96":{"start":{"line":389,"column":21},"end":{"line":440,"column":1}},"97":{"start":{"line":390,"column":2},"end":{"line":439,"column":3}},"98":{"start":{"line":391,"column":32},"end":{"line":391,"column":40}},"99":{"start":{"line":393,"column":4},"end":{"line":398,"column":5}},"100":{"start":{"line":394,"column":6},"end":{"line":397,"column":9}},"101":{"start":{"line":400,"column":19},"end":{"line":400,"column":67}},"102":{"start":{"line":402,"column":4},"end":{"line":407,"column":5}},"103":{"start":{"line":403,"column":6},"end":{"line":406,"column":9}},"104":{"start":{"line":410,"column":4},"end":{"line":410,"column":29}},"105":{"start":{"line":411,"column":4},"end":{"line":411,"column":41}},"106":{"start":{"line":412,"column":4},"end":{"line":412,"column":37}},"107":{"start":{"line":413,"column":4},"end":{"line":415,"column":5}},"108":{"start":{"line":414,"column":6},"end":{"line":414,"column":39}},"109":{"start":{"line":417,"column":4},"end":{"line":417,"column":24}},"110":{"start":{"line":419,"column":4},"end":{"line":419,"column":87}},"111":{"start":{"line":422,"column":4},"end":{"line":422,"column":69}},"112":{"start":{"line":423,"column":4},"end":{"line":423,"column":54}},"113":{"start":{"line":425,"column":4},"end":{"line":431,"column":7}},"114":{"start":{"line":433,"column":4},"end":{"line":433,"column":49}},"115":{"start":{"line":434,"column":4},"end":{"line":438,"column":7}},"116":{"start":{"line":447,"column":30},"end":{"line":515,"column":1}},"117":{"start":{"line":448,"column":2},"end":{"line":514,"column":3}},"118":{"start":{"line":449,"column":43},"end":{"line":449,"column":51}},"119":{"start":{"line":451,"column":4},"end":{"line":456,"column":5}},"120":{"start":{"line":452,"column":6},"end":{"line":455,"column":9}},"121":{"start":{"line":458,"column":19},"end":{"line":458,"column":50}},"122":{"start":{"line":459,"column":20},"end":{"line":459,"column":53}},"123":{"start":{"line":461,"column":4},"end":{"line":466,"column":5}},"124":{"start":{"line":462,"column":6},"end":{"line":465,"column":9}},"125":{"start":{"line":468,"column":4},"end":{"line":473,"column":5}},"126":{"start":{"line":469,"column":6},"end":{"line":472,"column":9}},"127":{"start":{"line":476,"column":4},"end":{"line":481,"column":5}},"128":{"start":{"line":477,"column":6},"end":{"line":480,"column":9}},"129":{"start":{"line":484,"column":4},"end":{"line":506,"column":5}},"130":{"start":{"line":485,"column":6},"end":{"line":485,"column":65}},"131":{"start":{"line":486,"column":6},"end":{"line":486,"column":26}},"132":{"start":{"line":488,"column":6},"end":{"line":492,"column":9}},"133":{"start":{"line":494,"column":6},"end":{"line":500,"column":9}},"134":{"start":{"line":502,"column":6},"end":{"line":505,"column":9}},"135":{"start":{"line":508,"column":4},"end":{"line":508,"column":60}},"136":{"start":{"line":509,"column":4},"end":{"line":513,"column":7}},"137":{"start":{"line":522,"column":34},"end":{"line":574,"column":1}},"138":{"start":{"line":523,"column":2},"end":{"line":573,"column":3}},"139":{"start":{"line":524,"column":36},"end":{"line":524,"column":44}},"140":{"start":{"line":526,"column":4},"end":{"line":531,"column":5}},"141":{"start":{"line":527,"column":6},"end":{"line":530,"column":9}},"142":{"start":{"line":533,"column":19},"end":{"line":533,"column":50}},"143":{"start":{"line":535,"column":4},"end":{"line":540,"column":5}},"144":{"start":{"line":536,"column":6},"end":{"line":539,"column":9}},"145":{"start":{"line":543,"column":4},"end":{"line":565,"column":5}},"146":{"start":{"line":544,"column":6},"end":{"line":544,"column":38}},"147":{"start":{"line":545,"column":6},"end":{"line":545,"column":26}},"148":{"start":{"line":547,"column":6},"end":{"line":551,"column":9}},"149":{"start":{"line":553,"column":6},"end":{"line":559,"column":9}},"150":{"start":{"line":561,"column":6},"end":{"line":564,"column":9}},"151":{"start":{"line":567,"column":4},"end":{"line":567,"column":64}},"152":{"start":{"line":568,"column":4},"end":{"line":572,"column":7}},"153":{"start":{"line":581,"column":20},"end":{"line":602,"column":1}},"154":{"start":{"line":582,"column":2},"end":{"line":601,"column":3}},"155":{"start":{"line":583,"column":21},"end":{"line":585,"column":30}},"156":{"start":{"line":587,"column":4},"end":{"line":593,"column":7}},"157":{"start":{"line":595,"column":4},"end":{"line":595,"column":48}},"158":{"start":{"line":596,"column":4},"end":{"line":600,"column":7}},"159":{"start":{"line":609,"column":20},"end":{"line":642,"column":1}},"160":{"start":{"line":610,"column":2},"end":{"line":641,"column":3}},"161":{"start":{"line":611,"column":18},"end":{"line":611,"column":34}},"162":{"start":{"line":612,"column":27},"end":{"line":612,"column":80}},"163":{"start":{"line":614,"column":17},"end":{"line":614,"column":38}},"164":{"start":{"line":615,"column":4},"end":{"line":620,"column":5}},"165":{"start":{"line":616,"column":23},"end":{"line":616,"column":85}},"166":{"start":{"line":617,"column":6},"end":{"line":617,"column":29}},"167":{"start":{"line":619,"column":6},"end":{"line":619,"column":57}},"168":{"start":{"line":622,"column":4},"end":{"line":633,"column":7}},"169":{"start":{"line":635,"column":4},"end":{"line":635,"column":49}},"170":{"start":{"line":636,"column":4},"end":{"line":640,"column":7}},"171":{"start":{"line":649,"column":20},"end":{"line":670,"column":1}},"172":{"start":{"line":650,"column":2},"end":{"line":669,"column":3}},"173":{"start":{"line":651,"column":18},"end":{"line":653,"column":30}},"174":{"start":{"line":655,"column":4},"end":{"line":661,"column":7}},"175":{"start":{"line":663,"column":4},"end":{"line":663,"column":49}},"176":{"start":{"line":664,"column":4},"end":{"line":668,"column":7}},"177":{"start":{"line":677,"column":25},"end":{"line":722,"column":1}},"178":{"start":{"line":678,"column":2},"end":{"line":721,"column":3}},"179":{"start":{"line":679,"column":23},"end":{"line":679,"column":33}},"180":{"start":{"line":680,"column":17},"end":{"line":680,"column":44}},"181":{"start":{"line":682,"column":4},"end":{"line":687,"column":5}},"182":{"start":{"line":683,"column":6},"end":{"line":686,"column":9}},"183":{"start":{"line":689,"column":4},"end":{"line":694,"column":5}},"184":{"start":{"line":690,"column":6},"end":{"line":693,"column":9}},"185":{"start":{"line":696,"column":4},"end":{"line":696,"column":35}},"186":{"start":{"line":697,"column":4},"end":{"line":697,"column":22}},"187":{"start":{"line":699,"column":4},"end":{"line":699,"column":112}},"188":{"start":{"line":701,"column":4},"end":{"line":713,"column":7}},"189":{"start":{"line":715,"column":4},"end":{"line":715,"column":54}},"190":{"start":{"line":716,"column":4},"end":{"line":720,"column":7}},"191":{"start":{"line":729,"column":19},"end":{"line":774,"column":1}},"192":{"start":{"line":730,"column":2},"end":{"line":773,"column":3}},"193":{"start":{"line":731,"column":23},"end":{"line":731,"column":33}},"194":{"start":{"line":732,"column":17},"end":{"line":732,"column":44}},"195":{"start":{"line":734,"column":4},"end":{"line":739,"column":5}},"196":{"start":{"line":735,"column":6},"end":{"line":738,"column":9}},"197":{"start":{"line":741,"column":4},"end":{"line":746,"column":5}},"198":{"start":{"line":742,"column":6},"end":{"line":745,"column":9}},"199":{"start":{"line":749,"column":4},"end":{"line":755,"column":5}},"200":{"start":{"line":750,"column":6},"end":{"line":750,"column":53}},"201":{"start":{"line":751,"column":11},"end":{"line":755,"column":5}},"202":{"start":{"line":752,"column":6},"end":{"line":752,"column":55}},"203":{"start":{"line":753,"column":11},"end":{"line":755,"column":5}},"204":{"start":{"line":754,"column":6},"end":{"line":754,"column":54}},"205":{"start":{"line":758,"column":4},"end":{"line":758,"column":41}},"206":{"start":{"line":760,"column":4},"end":{"line":760,"column":79}},"207":{"start":{"line":762,"column":4},"end":{"line":765,"column":7}},"208":{"start":{"line":767,"column":4},"end":{"line":767,"column":47}},"209":{"start":{"line":768,"column":4},"end":{"line":772,"column":7}},"210":{"start":{"line":776,"column":18},"end":{"line":808,"column":1}},"211":{"start":{"line":777,"column":2},"end":{"line":807,"column":3}},"212":{"start":{"line":778,"column":26},"end":{"line":778,"column":34}},"213":{"start":{"line":781,"column":4},"end":{"line":783,"column":5}},"214":{"start":{"line":782,"column":6},"end":{"line":782,"column":92}},"215":{"start":{"line":785,"column":21},"end":{"line":785,"column":45}},"216":{"start":{"line":786,"column":17},"end":{"line":786,"column":32}},"217":{"start":{"line":787,"column":23},"end":{"line":787,"column":68}},"218":{"start":{"line":789,"column":4},"end":{"line":789,"column":54}},"219":{"start":{"line":791,"column":4},"end":{"line":798,"column":7}},"220":{"start":{"line":792,"column":8},"end":{"line":795,"column":9}},"221":{"start":{"line":793,"column":12},"end":{"line":793,"column":55}},"222":{"start":{"line":796,"column":8},"end":{"line":796,"column":58}},"223":{"start":{"line":796,"column":20},"end":{"line":796,"column":58}},"224":{"start":{"line":797,"column":8},"end":{"line":797,"column":60}},"225":{"start":{"line":797,"column":20},"end":{"line":797,"column":60}},"226":{"start":{"line":800,"column":4},"end":{"line":803,"column":7}},"227":{"start":{"line":806,"column":4},"end":{"line":806,"column":67}},"228":{"start":{"line":810,"column":0},"end":{"line":825,"column":2}}},"fnMap":{"0":{"name":"(anonymous_0)","decl":{"start":{"line":13,"column":18},"end":{"line":13,"column":19}},"loc":{"start":{"line":13,"column":38},"end":{"line":44,"column":1}},"line":13},"1":{"name":"(anonymous_1)","decl":{"start":{"line":21,"column":45},"end":{"line":21,"column":46}},"loc":{"start":{"line":21,"column":56},"end":{"line":27,"column":5}},"line":21},"2":{"name":"(anonymous_2)","decl":{"start":{"line":51,"column":20},"end":{"line":51,"column":21}},"loc":{"start":{"line":51,"column":40},"end":{"line":180,"column":1}},"line":51},"3":{"name":"(anonymous_3)","decl":{"start":{"line":187,"column":29},"end":{"line":187,"column":30}},"loc":{"start":{"line":187,"column":49},"end":{"line":236,"column":1}},"line":187},"4":{"name":"(anonymous_4)","decl":{"start":{"line":194,"column":41},"end":{"line":194,"column":42}},"loc":{"start":{"line":194,"column":52},"end":{"line":212,"column":5}},"line":194},"5":{"name":"(anonymous_5)","decl":{"start":{"line":221,"column":45},"end":{"line":221,"column":46}},"loc":{"start":{"line":221,"column":52},"end":{"line":221,"column":62}},"line":221},"6":{"name":"(anonymous_6)","decl":{"start":{"line":222,"column":47},"end":{"line":222,"column":48}},"loc":{"start":{"line":222,"column":54},"end":{"line":222,"column":105}},"line":222},"7":{"name":"(anonymous_7)","decl":{"start":{"line":223,"column":45},"end":{"line":223,"column":46}},"loc":{"start":{"line":223,"column":52},"end":{"line":223,"column":86}},"line":223},"8":{"name":"(anonymous_8)","decl":{"start":{"line":224,"column":45},"end":{"line":224,"column":46}},"loc":{"start":{"line":224,"column":52},"end":{"line":224,"column":64}},"line":224},"9":{"name":"(anonymous_9)","decl":{"start":{"line":243,"column":17},"end":{"line":243,"column":18}},"loc":{"start":{"line":243,"column":37},"end":{"line":351,"column":1}},"line":243},"10":{"name":"(anonymous_10)","decl":{"start":{"line":360,"column":19},"end":{"line":360,"column":20}},"loc":{"start":{"line":360,"column":39},"end":{"line":382,"column":1}},"line":360},"11":{"name":"(anonymous_11)","decl":{"start":{"line":389,"column":21},"end":{"line":389,"column":22}},"loc":{"start":{"line":389,"column":41},"end":{"line":440,"column":1}},"line":389},"12":{"name":"(anonymous_12)","decl":{"start":{"line":447,"column":30},"end":{"line":447,"column":31}},"loc":{"start":{"line":447,"column":50},"end":{"line":515,"column":1}},"line":447},"13":{"name":"(anonymous_13)","decl":{"start":{"line":522,"column":34},"end":{"line":522,"column":35}},"loc":{"start":{"line":522,"column":54},"end":{"line":574,"column":1}},"line":522},"14":{"name":"(anonymous_14)","decl":{"start":{"line":581,"column":20},"end":{"line":581,"column":21}},"loc":{"start":{"line":581,"column":40},"end":{"line":602,"column":1}},"line":581},"15":{"name":"(anonymous_15)","decl":{"start":{"line":609,"column":20},"end":{"line":609,"column":21}},"loc":{"start":{"line":609,"column":40},"end":{"line":642,"column":1}},"line":609},"16":{"name":"(anonymous_16)","decl":{"start":{"line":649,"column":20},"end":{"line":649,"column":21}},"loc":{"start":{"line":649,"column":40},"end":{"line":670,"column":1}},"line":649},"17":{"name":"(anonymous_17)","decl":{"start":{"line":677,"column":25},"end":{"line":677,"column":26}},"loc":{"start":{"line":677,"column":45},"end":{"line":722,"column":1}},"line":677},"18":{"name":"(anonymous_18)","decl":{"start":{"line":729,"column":19},"end":{"line":729,"column":20}},"loc":{"start":{"line":729,"column":39},"end":{"line":774,"column":1}},"line":729},"19":{"name":"(anonymous_19)","decl":{"start":{"line":776,"column":18},"end":{"line":776,"column":19}},"loc":{"start":{"line":776,"column":38},"end":{"line":808,"column":1}},"line":776},"20":{"name":"(anonymous_20)","decl":{"start":{"line":791,"column":33},"end":{"line":791,"column":34}},"loc":{"start":{"line":791,"column":60},"end":{"line":798,"column":5}},"line":791}},"branchMap":{"0":{"loc":{"start":{"line":55,"column":4},"end":{"line":60,"column":5}},"type":"if","locations":[{"start":{"line":55,"column":4},"end":{"line":60,"column":5}},{"start":{},"end":{}}],"line":55},"1":{"loc":{"start":{"line":64,"column":4},"end":{"line":69,"column":5}},"type":"if","locations":[{"start":{"line":64,"column":4},"end":{"line":69,"column":5}},{"start":{},"end":{}}],"line":64},"2":{"loc":{"start":{"line":72,"column":37},"end":{"line":72,"column":65}},"type":"binary-expr","locations":[{"start":{"line":72,"column":37},"end":{"line":72,"column":51}},{"start":{"line":72,"column":55},"end":{"line":72,"column":65}}],"line":72},"3":{"loc":{"start":{"line":73,"column":4},"end":{"line":78,"column":5}},"type":"if","locations":[{"start":{"line":73,"column":4},"end":{"line":78,"column":5}},{"start":{},"end":{}}],"line":73},"4":{"loc":{"start":{"line":73,"column":8},"end":{"line":73,"column":38}},"type":"binary-expr","locations":[{"start":{"line":73,"column":8},"end":{"line":73,"column":13}},{"start":{"line":73,"column":17},"end":{"line":73,"column":38}}],"line":73},"5":{"loc":{"start":{"line":89,"column":4},"end":{"line":91,"column":5}},"type":"if","locations":[{"start":{"line":89,"column":4},"end":{"line":91,"column":5}},{"start":{},"end":{}}],"line":89},"6":{"loc":{"start":{"line":94,"column":4},"end":{"line":106,"column":5}},"type":"if","locations":[{"start":{"line":94,"column":4},"end":{"line":106,"column":5}},{"start":{},"end":{}}],"line":94},"7":{"loc":{"start":{"line":96,"column":6},"end":{"line":105,"column":7}},"type":"if","locations":[{"start":{"line":96,"column":6},"end":{"line":105,"column":7}},{"start":{"line":100,"column":13},"end":{"line":105,"column":7}}],"line":96},"8":{"loc":{"start":{"line":98,"column":34},"end":{"line":98,"column":100}},"type":"binary-expr","locations":[{"start":{"line":98,"column":34},"end":{"line":98,"column":51}},{"start":{"line":98,"column":55},"end":{"line":98,"column":78}},{"start":{"line":98,"column":82},"end":{"line":98,"column":100}}],"line":98},"9":{"loc":{"start":{"line":109,"column":4},"end":{"line":111,"column":5}},"type":"if","locations":[{"start":{"line":109,"column":4},"end":{"line":111,"column":5}},{"start":{},"end":{}}],"line":109},"10":{"loc":{"start":{"line":114,"column":4},"end":{"line":126,"column":5}},"type":"if","locations":[{"start":{"line":114,"column":4},"end":{"line":126,"column":5}},{"start":{"line":122,"column":11},"end":{"line":126,"column":5}}],"line":114},"11":{"loc":{"start":{"line":117,"column":6},"end":{"line":121,"column":7}},"type":"if","locations":[{"start":{"line":117,"column":6},"end":{"line":121,"column":7}},{"start":{},"end":{}}],"line":117},"12":{"loc":{"start":{"line":117,"column":10},"end":{"line":117,"column":76}},"type":"binary-expr","locations":[{"start":{"line":117,"column":10},"end":{"line":117,"column":48}},{"start":{"line":117,"column":52},"end":{"line":117,"column":76}}],"line":117},"13":{"loc":{"start":{"line":118,"column":34},"end":{"line":118,"column":80}},"type":"cond-expr","locations":[{"start":{"line":118,"column":57},"end":{"line":118,"column":67}},{"start":{"line":118,"column":70},"end":{"line":118,"column":80}}],"line":118},"14":{"loc":{"start":{"line":139,"column":4},"end":{"line":147,"column":5}},"type":"if","locations":[{"start":{"line":139,"column":4},"end":{"line":147,"column":5}},{"start":{},"end":{}}],"line":139},"15":{"loc":{"start":{"line":198,"column":14},"end":{"line":198,"column":39}},"type":"binary-expr","locations":[{"start":{"line":198,"column":14},"end":{"line":198,"column":30}},{"start":{"line":198,"column":34},"end":{"line":198,"column":39}}],"line":198},"16":{"loc":{"start":{"line":199,"column":15},"end":{"line":199,"column":41}},"type":"binary-expr","locations":[{"start":{"line":199,"column":15},"end":{"line":199,"column":32}},{"start":{"line":199,"column":36},"end":{"line":199,"column":41}}],"line":199},"17":{"loc":{"start":{"line":200,"column":20},"end":{"line":200,"column":51}},"type":"binary-expr","locations":[{"start":{"line":200,"column":20},"end":{"line":200,"column":42}},{"start":{"line":200,"column":46},"end":{"line":200,"column":51}}],"line":200},"18":{"loc":{"start":{"line":204,"column":27},"end":{"line":204,"column":72}},"type":"binary-expr","locations":[{"start":{"line":204,"column":27},"end":{"line":204,"column":50}},{"start":{"line":204,"column":54},"end":{"line":204,"column":72}}],"line":204},"19":{"loc":{"start":{"line":205,"column":34},"end":{"line":205,"column":96}},"type":"binary-expr","locations":[{"start":{"line":205,"column":34},"end":{"line":205,"column":62}},{"start":{"line":205,"column":66},"end":{"line":205,"column":96}}],"line":205},"20":{"loc":{"start":{"line":207,"column":31},"end":{"line":207,"column":66}},"type":"binary-expr","locations":[{"start":{"line":207,"column":31},"end":{"line":207,"column":58}},{"start":{"line":207,"column":62},"end":{"line":207,"column":66}}],"line":207},"21":{"loc":{"start":{"line":210,"column":24},"end":{"line":210,"column":56}},"type":"binary-expr","locations":[{"start":{"line":210,"column":24},"end":{"line":210,"column":50}},{"start":{"line":210,"column":54},"end":{"line":210,"column":56}}],"line":210},"22":{"loc":{"start":{"line":222,"column":54},"end":{"line":222,"column":105}},"type":"binary-expr","locations":[{"start":{"line":222,"column":54},"end":{"line":222,"column":65}},{"start":{"line":222,"column":69},"end":{"line":222,"column":105}}],"line":222},"23":{"loc":{"start":{"line":332,"column":20},"end":{"line":338,"column":9}},"type":"binary-expr","locations":[{"start":{"line":332,"column":20},"end":{"line":332,"column":33}},{"start":{"line":332,"column":37},"end":{"line":338,"column":9}}],"line":332},"24":{"loc":{"start":{"line":393,"column":4},"end":{"line":398,"column":5}},"type":"if","locations":[{"start":{"line":393,"column":4},"end":{"line":398,"column":5}},{"start":{},"end":{}}],"line":393},"25":{"loc":{"start":{"line":402,"column":4},"end":{"line":407,"column":5}},"type":"if","locations":[{"start":{"line":402,"column":4},"end":{"line":407,"column":5}},{"start":{},"end":{}}],"line":402},"26":{"loc":{"start":{"line":413,"column":4},"end":{"line":415,"column":5}},"type":"if","locations":[{"start":{"line":413,"column":4},"end":{"line":415,"column":5}},{"start":{},"end":{}}],"line":413},"27":{"loc":{"start":{"line":451,"column":4},"end":{"line":456,"column":5}},"type":"if","locations":[{"start":{"line":451,"column":4},"end":{"line":456,"column":5}},{"start":{},"end":{}}],"line":451},"28":{"loc":{"start":{"line":451,"column":8},"end":{"line":451,"column":31}},"type":"binary-expr","locations":[{"start":{"line":451,"column":8},"end":{"line":451,"column":17}},{"start":{"line":451,"column":21},"end":{"line":451,"column":31}}],"line":451},"29":{"loc":{"start":{"line":461,"column":4},"end":{"line":466,"column":5}},"type":"if","locations":[{"start":{"line":461,"column":4},"end":{"line":466,"column":5}},{"start":{},"end":{}}],"line":461},"30":{"loc":{"start":{"line":468,"column":4},"end":{"line":473,"column":5}},"type":"if","locations":[{"start":{"line":468,"column":4},"end":{"line":473,"column":5}},{"start":{},"end":{}}],"line":468},"31":{"loc":{"start":{"line":476,"column":4},"end":{"line":481,"column":5}},"type":"if","locations":[{"start":{"line":476,"column":4},"end":{"line":481,"column":5}},{"start":{},"end":{}}],"line":476},"32":{"loc":{"start":{"line":485,"column":52},"end":{"line":485,"column":63}},"type":"binary-expr","locations":[{"start":{"line":485,"column":52},"end":{"line":485,"column":57}},{"start":{"line":485,"column":61},"end":{"line":485,"column":63}}],"line":485},"33":{"loc":{"start":{"line":526,"column":4},"end":{"line":531,"column":5}},"type":"if","locations":[{"start":{"line":526,"column":4},"end":{"line":531,"column":5}},{"start":{},"end":{}}],"line":526},"34":{"loc":{"start":{"line":526,"column":8},"end":{"line":526,"column":31}},"type":"binary-expr","locations":[{"start":{"line":526,"column":8},"end":{"line":526,"column":17}},{"start":{"line":526,"column":21},"end":{"line":526,"column":31}}],"line":526},"35":{"loc":{"start":{"line":535,"column":4},"end":{"line":540,"column":5}},"type":"if","locations":[{"start":{"line":535,"column":4},"end":{"line":540,"column":5}},{"start":{},"end":{}}],"line":535},"36":{"loc":{"start":{"line":612,"column":27},"end":{"line":612,"column":80}},"type":"binary-expr","locations":[{"start":{"line":612,"column":27},"end":{"line":612,"column":53}},{"start":{"line":612,"column":57},"end":{"line":612,"column":80}}],"line":612},"37":{"loc":{"start":{"line":682,"column":4},"end":{"line":687,"column":5}},"type":"if","locations":[{"start":{"line":682,"column":4},"end":{"line":687,"column":5}},{"start":{},"end":{}}],"line":682},"38":{"loc":{"start":{"line":689,"column":4},"end":{"line":694,"column":5}},"type":"if","locations":[{"start":{"line":689,"column":4},"end":{"line":694,"column":5}},{"start":{},"end":{}}],"line":689},"39":{"loc":{"start":{"line":699,"column":24},"end":{"line":699,"column":63}},"type":"cond-expr","locations":[{"start":{"line":699,"column":40},"end":{"line":699,"column":51}},{"start":{"line":699,"column":54},"end":{"line":699,"column":63}}],"line":699},"40":{"loc":{"start":{"line":703,"column":23},"end":{"line":703,"column":66}},"type":"cond-expr","locations":[{"start":{"line":703,"column":39},"end":{"line":703,"column":50}},{"start":{"line":703,"column":53},"end":{"line":703,"column":66}}],"line":703},"41":{"loc":{"start":{"line":734,"column":4},"end":{"line":739,"column":5}},"type":"if","locations":[{"start":{"line":734,"column":4},"end":{"line":739,"column":5}},{"start":{},"end":{}}],"line":734},"42":{"loc":{"start":{"line":741,"column":4},"end":{"line":746,"column":5}},"type":"if","locations":[{"start":{"line":741,"column":4},"end":{"line":746,"column":5}},{"start":{},"end":{}}],"line":741},"43":{"loc":{"start":{"line":749,"column":4},"end":{"line":755,"column":5}},"type":"if","locations":[{"start":{"line":749,"column":4},"end":{"line":755,"column":5}},{"start":{"line":751,"column":11},"end":{"line":755,"column":5}}],"line":749},"44":{"loc":{"start":{"line":751,"column":11},"end":{"line":755,"column":5}},"type":"if","locations":[{"start":{"line":751,"column":11},"end":{"line":755,"column":5}},{"start":{"line":753,"column":11},"end":{"line":755,"column":5}}],"line":751},"45":{"loc":{"start":{"line":753,"column":11},"end":{"line":755,"column":5}},"type":"if","locations":[{"start":{"line":753,"column":11},"end":{"line":755,"column":5}},{"start":{},"end":{}}],"line":753},"46":{"loc":{"start":{"line":781,"column":4},"end":{"line":783,"column":5}},"type":"if","locations":[{"start":{"line":781,"column":4},"end":{"line":783,"column":5}},{"start":{},"end":{}}],"line":781},"47":{"loc":{"start":{"line":792,"column":8},"end":{"line":795,"column":9}},"type":"if","locations":[{"start":{"line":792,"column":8},"end":{"line":795,"column":9}},{"start":{},"end":{}}],"line":792},"48":{"loc":{"start":{"line":796,"column":8},"end":{"line":796,"column":58}},"type":"if","locations":[{"start":{"line":796,"column":8},"end":{"line":796,"column":58}},{"start":{},"end":{}}],"line":796},"49":{"loc":{"start":{"line":797,"column":8},"end":{"line":797,"column":60}},"type":"if","locations":[{"start":{"line":797,"column":8},"end":{"line":797,"column":60}},{"start":{},"end":{}}],"line":797}},"s":{"0":6,"1":6,"2":6,"3":6,"4":6,"5":6,"6":6,"7":0,"8":0,"9":0,"10":0,"11":0,"12":0,"13":0,"14":0,"15":6,"16":0,"17":0,"18":0,"19":0,"20":0,"21":0,"22":0,"23":0,"24":0,"25":0,"26":0,"27":0,"28":0,"29":0,"30":0,"31":0,"32":0,"33":0,"34":0,"35":0,"36":0,"37":0,"38":0,"39":0,"40":0,"41":0,"42":0,"43":0,"44":0,"45":0,"46":0,"47":0,"48":0,"49":0,"50":0,"51":0,"52":0,"53":0,"54":0,"55":0,"56":0,"57":0,"58":0,"59":0,"60":6,"61":0,"62":0,"63":0,"64":0,"65":0,"66":0,"67":0,"68":0,"69":0,"70":0,"71":0,"72":0,"73":6,"74":0,"75":0,"76":0,"77":0,"78":0,"79":0,"80":0,"81":0,"82":0,"83":0,"84":0,"85":0,"86":0,"87":0,"88":0,"89":0,"90":6,"91":0,"92":0,"93":0,"94":0,"95":0,"96":6,"97":0,"98":0,"99":0,"100":0,"101":0,"102":0,"103":0,"104":0,"105":0,"106":0,"107":0,"108":0,"109":0,"110":0,"111":0,"112":0,"113":0,"114":0,"115":0,"116":6,"117":0,"118":0,"119":0,"120":0,"121":0,"122":0,"123":0,"124":0,"125":0,"126":0,"127":0,"128":0,"129":0,"130":0,"131":0,"132":0,"133":0,"134":0,"135":0,"136":0,"137":6,"138":0,"139":0,"140":0,"141":0,"142":0,"143":0,"144":0,"145":0,"146":0,"147":0,"148":0,"149":0,"150":0,"151":0,"152":0,"153":6,"154":0,"155":0,"156":0,"157":0,"158":0,"159":6,"160":0,"161":0,"162":0,"163":0,"164":0,"165":0,"166":0,"167":0,"168":0,"169":0,"170":0,"171":6,"172":0,"173":0,"174":0,"175":0,"176":0,"177":6,"178":0,"179":0,"180":0,"181":0,"182":0,"183":0,"184":0,"185":0,"186":0,"187":0,"188":0,"189":0,"190":0,"191":6,"192":0,"193":0,"194":0,"195":0,"196":0,"197":0,"198":0,"199":0,"200":0,"201":0,"202":0,"203":0,"204":0,"205":0,"206":0,"207":0,"208":0,"209":0,"210":6,"211":0,"212":0,"213":0,"214":0,"215":0,"216":0,"217":0,"218":0,"219":0,"220":0,"221":0,"222":0,"223":0,"224":0,"225":0,"226":0,"227":0,"228":6},"f":{"0":0,"1":0,"2":0,"3":0,"4":0,"5":0,"6":0,"7":0,"8":0,"9":0,"10":0,"11":0,"12":0,"13":0,"14":0,"15":0,"16":0,"17":0,"18":0,"19":0,"20":0},"b":{"0":[0,0],"1":[0,0],"2":[0,0],"3":[0,0],"4":[0,0],"5":[0,0],"6":[0,0],"7":[0,0],"8":[0,0,0],"9":[0,0],"10":[0,0],"11":[0,0],"12":[0,0],"13":[0,0],"14":[0,0],"15":[0,0],"16":[0,0],"17":[0,0],"18":[0,0],"19":[0,0],"20":[0,0],"21":[0,0],"22":[0,0],"23":[0,0],"24":[0,0],"25":[0,0],"26":[0,0],"27":[0,0],"28":[0,0],"29":[0,0],"30":[0,0],"31":[0,0],"32":[0,0],"33":[0,0],"34":[0,0],"35":[0,0],"36":[0,0],"37":[0,0],"38":[0,0],"39":[0,0],"40":[0,0],"41":[0,0],"42":[0,0],"43":[0,0],"44":[0,0],"45":[0,0],"46":[0,0],"47":[0,0],"48":[0,0],"49":[0,0]},"_coverageSchema":"1a1c01bbd47fc00a2c39e90264f33305004495a9","hash":"303b0ec7a8df5fcf4e420d33f80929f658a9a6ee"}
,"C:\\Users\\Abhishek\\.gemini\\antigravity\\scratch\\thalai-guardianV8\\thalai-backend\\controllers\\appointmentController.js": {"path":"C:\\Users\\Abhishek\\.gemini\\antigravity\\scratch\\thalai-guardianV8\\thalai-backend\\controllers\\appointmentController.js","statementMap":{"0":{"start":{"line":1,"column":20},"end":{"line":1,"column":57}},"1":{"start":{"line":2,"column":13},"end":{"line":2,"column":43}},"2":{"start":{"line":3,"column":40},"end":{"line":3,"column":82}},"3":{"start":{"line":10,"column":26},"end":{"line":70,"column":1}},"4":{"start":{"line":11,"column":2},"end":{"line":69,"column":3}},"5":{"start":{"line":12,"column":45},"end":{"line":12,"column":53}},"6":{"start":{"line":14,"column":4},"end":{"line":19,"column":5}},"7":{"start":{"line":15,"column":6},"end":{"line":18,"column":9}},"8":{"start":{"line":22,"column":19},"end":{"line":22,"column":48}},"9":{"start":{"line":23,"column":4},"end":{"line":28,"column":5}},"10":{"start":{"line":24,"column":6},"end":{"line":27,"column":9}},"11":{"start":{"line":31,"column":21},"end":{"line":36,"column":6}},"12":{"start":{"line":38,"column":4},"end":{"line":43,"column":5}},"13":{"start":{"line":39,"column":7},"end":{"line":42,"column":10}},"14":{"start":{"line":45,"column":24},"end":{"line":53,"column":6}},"15":{"start":{"line":56,"column":4},"end":{"line":56,"column":74}},"16":{"start":{"line":58,"column":4},"end":{"line":61,"column":7}},"17":{"start":{"line":63,"column":4},"end":{"line":63,"column":54}},"18":{"start":{"line":64,"column":4},"end":{"line":68,"column":7}},"19":{"start":{"line":77,"column":26},"end":{"line":95,"column":1}},"20":{"start":{"line":78,"column":2},"end":{"line":94,"column":3}},"21":{"start":{"line":79,"column":25},"end":{"line":81,"column":33}},"22":{"start":{"line":83,"column":4},"end":{"line":87,"column":7}},"23":{"start":{"line":89,"column":4},"end":{"line":89,"column":55}},"24":{"start":{"line":90,"column":4},"end":{"line":93,"column":7}},"25":{"start":{"line":102,"column":30},"end":{"line":129,"column":1}},"26":{"start":{"line":103,"column":2},"end":{"line":128,"column":3}},"27":{"start":{"line":104,"column":4},"end":{"line":109,"column":5}},"28":{"start":{"line":105,"column":6},"end":{"line":108,"column":9}},"29":{"start":{"line":111,"column":18},"end":{"line":111,"column":76}},"30":{"start":{"line":113,"column":25},"end":{"line":115,"column":33}},"31":{"start":{"line":117,"column":4},"end":{"line":121,"column":7}},"32":{"start":{"line":123,"column":4},"end":{"line":123,"column":59}},"33":{"start":{"line":124,"column":4},"end":{"line":127,"column":7}},"34":{"start":{"line":136,"column":32},"end":{"line":256,"column":1}},"35":{"start":{"line":137,"column":2},"end":{"line":255,"column":3}},"36":{"start":{"line":138,"column":42},"end":{"line":138,"column":50}},"37":{"start":{"line":140,"column":28},"end":{"line":140,"column":99}},"38":{"start":{"line":141,"column":4},"end":{"line":146,"column":5}},"39":{"start":{"line":142,"column":6},"end":{"line":145,"column":9}},"40":{"start":{"line":148,"column":24},"end":{"line":148,"column":65}},"41":{"start":{"line":150,"column":4},"end":{"line":155,"column":5}},"42":{"start":{"line":151,"column":6},"end":{"line":154,"column":9}},"43":{"start":{"line":158,"column":21},"end":{"line":158,"column":78}},"44":{"start":{"line":159,"column":24},"end":{"line":159,"column":79}},"45":{"start":{"line":160,"column":20},"end":{"line":160,"column":45}},"46":{"start":{"line":162,"column":4},"end":{"line":167,"column":5}},"47":{"start":{"line":163,"column":6},"end":{"line":166,"column":9}},"48":{"start":{"line":172,"column":4},"end":{"line":185,"column":5}},"49":{"start":{"line":173,"column":6},"end":{"line":178,"column":7}},"50":{"start":{"line":174,"column":8},"end":{"line":177,"column":11}},"51":{"start":{"line":179,"column":6},"end":{"line":184,"column":7}},"52":{"start":{"line":180,"column":9},"end":{"line":183,"column":12}},"53":{"start":{"line":187,"column":4},"end":{"line":200,"column":5}},"54":{"start":{"line":188,"column":6},"end":{"line":193,"column":7}},"55":{"start":{"line":189,"column":8},"end":{"line":192,"column":11}},"56":{"start":{"line":194,"column":6},"end":{"line":199,"column":7}},"57":{"start":{"line":195,"column":8},"end":{"line":198,"column":11}},"58":{"start":{"line":203,"column":24},"end":{"line":203,"column":52}},"59":{"start":{"line":204,"column":22},"end":{"line":204,"column":46}},"60":{"start":{"line":205,"column":22},"end":{"line":205,"column":46}},"61":{"start":{"line":207,"column":4},"end":{"line":222,"column":5}},"62":{"start":{"line":208,"column":22},"end":{"line":214,"column":8}},"63":{"start":{"line":216,"column":6},"end":{"line":221,"column":7}},"64":{"start":{"line":217,"column":8},"end":{"line":220,"column":11}},"65":{"start":{"line":225,"column":4},"end":{"line":225,"column":44}},"66":{"start":{"line":225,"column":16},"end":{"line":225,"column":44}},"67":{"start":{"line":226,"column":4},"end":{"line":226,"column":38}},"68":{"start":{"line":226,"column":14},"end":{"line":226,"column":38}},"69":{"start":{"line":227,"column":4},"end":{"line":227,"column":38}},"70":{"start":{"line":227,"column":14},"end":{"line":227,"column":38}},"71":{"start":{"line":228,"column":4},"end":{"line":228,"column":41}},"72":{"start":{"line":228,"column":15},"end":{"line":228,"column":41}},"73":{"start":{"line":230,"column":4},"end":{"line":230,"column":29}},"74":{"start":{"line":233,"column":4},"end":{"line":242,"column":5}},"75":{"start":{"line":234,"column":6},"end":{"line":234,"column":84}},"76":{"start":{"line":235,"column":11},"end":{"line":242,"column":5}},"77":{"start":{"line":236,"column":6},"end":{"line":236,"column":92}},"78":{"start":{"line":237,"column":11},"end":{"line":242,"column":5}},"79":{"start":{"line":238,"column":6},"end":{"line":238,"column":86}},"80":{"start":{"line":239,"column":11},"end":{"line":242,"column":5}},"81":{"start":{"line":240,"column":23},"end":{"line":240,"column":71}},"82":{"start":{"line":241,"column":6},"end":{"line":241,"column":76}},"83":{"start":{"line":244,"column":4},"end":{"line":247,"column":7}},"84":{"start":{"line":249,"column":4},"end":{"line":249,"column":54}},"85":{"start":{"line":250,"column":4},"end":{"line":254,"column":7}},"86":{"start":{"line":263,"column":27},"end":{"line":289,"column":1}},"87":{"start":{"line":264,"column":2},"end":{"line":288,"column":3}},"88":{"start":{"line":265,"column":4},"end":{"line":270,"column":5}},"89":{"start":{"line":266,"column":6},"end":{"line":269,"column":9}},"90":{"start":{"line":272,"column":25},"end":{"line":275,"column":30}},"91":{"start":{"line":277,"column":4},"end":{"line":281,"column":7}},"92":{"start":{"line":283,"column":4},"end":{"line":283,"column":56}},"93":{"start":{"line":284,"column":4},"end":{"line":287,"column":7}},"94":{"start":{"line":291,"column":0},"end":{"line":297,"column":2}}},"fnMap":{"0":{"name":"(anonymous_0)","decl":{"start":{"line":10,"column":26},"end":{"line":10,"column":27}},"loc":{"start":{"line":10,"column":46},"end":{"line":70,"column":1}},"line":10},"1":{"name":"(anonymous_1)","decl":{"start":{"line":77,"column":26},"end":{"line":77,"column":27}},"loc":{"start":{"line":77,"column":46},"end":{"line":95,"column":1}},"line":77},"2":{"name":"(anonymous_2)","decl":{"start":{"line":102,"column":30},"end":{"line":102,"column":31}},"loc":{"start":{"line":102,"column":50},"end":{"line":129,"column":1}},"line":102},"3":{"name":"(anonymous_3)","decl":{"start":{"line":136,"column":32},"end":{"line":136,"column":33}},"loc":{"start":{"line":136,"column":52},"end":{"line":256,"column":1}},"line":136},"4":{"name":"(anonymous_4)","decl":{"start":{"line":263,"column":27},"end":{"line":263,"column":28}},"loc":{"start":{"line":263,"column":47},"end":{"line":289,"column":1}},"line":263}},"branchMap":{"0":{"loc":{"start":{"line":14,"column":4},"end":{"line":19,"column":5}},"type":"if","locations":[{"start":{"line":14,"column":4},"end":{"line":19,"column":5}},{"start":{},"end":{}}],"line":14},"1":{"loc":{"start":{"line":14,"column":8},"end":{"line":14,"column":46}},"type":"binary-expr","locations":[{"start":{"line":14,"column":8},"end":{"line":14,"column":17}},{"start":{"line":14,"column":21},"end":{"line":14,"column":26}},{"start":{"line":14,"column":30},"end":{"line":14,"column":35}},{"start":{"line":14,"column":39},"end":{"line":14,"column":46}}],"line":14},"2":{"loc":{"start":{"line":23,"column":4},"end":{"line":28,"column":5}},"type":"if","locations":[{"start":{"line":23,"column":4},"end":{"line":28,"column":5}},{"start":{},"end":{}}],"line":23},"3":{"loc":{"start":{"line":23,"column":8},"end":{"line":23,"column":43}},"type":"binary-expr","locations":[{"start":{"line":23,"column":8},"end":{"line":23,"column":15}},{"start":{"line":23,"column":19},"end":{"line":23,"column":43}}],"line":23},"4":{"loc":{"start":{"line":38,"column":4},"end":{"line":43,"column":5}},"type":"if","locations":[{"start":{"line":38,"column":4},"end":{"line":43,"column":5}},{"start":{},"end":{}}],"line":38},"5":{"loc":{"start":{"line":104,"column":4},"end":{"line":109,"column":5}},"type":"if","locations":[{"start":{"line":104,"column":4},"end":{"line":109,"column":5}},{"start":{},"end":{}}],"line":104},"6":{"loc":{"start":{"line":104,"column":8},"end":{"line":104,"column":63}},"type":"binary-expr","locations":[{"start":{"line":104,"column":8},"end":{"line":104,"column":34}},{"start":{"line":104,"column":38},"end":{"line":104,"column":63}}],"line":104},"7":{"loc":{"start":{"line":111,"column":18},"end":{"line":111,"column":76}},"type":"cond-expr","locations":[{"start":{"line":111,"column":47},"end":{"line":111,"column":71}},{"start":{"line":111,"column":74},"end":{"line":111,"column":76}}],"line":111},"8":{"loc":{"start":{"line":141,"column":4},"end":{"line":146,"column":5}},"type":"if","locations":[{"start":{"line":141,"column":4},"end":{"line":146,"column":5}},{"start":{},"end":{}}],"line":141},"9":{"loc":{"start":{"line":141,"column":8},"end":{"line":141,"column":51}},"type":"binary-expr","locations":[{"start":{"line":141,"column":8},"end":{"line":141,"column":14}},{"start":{"line":141,"column":18},"end":{"line":141,"column":51}}],"line":141},"10":{"loc":{"start":{"line":150,"column":4},"end":{"line":155,"column":5}},"type":"if","locations":[{"start":{"line":150,"column":4},"end":{"line":155,"column":5}},{"start":{},"end":{}}],"line":150},"11":{"loc":{"start":{"line":162,"column":4},"end":{"line":167,"column":5}},"type":"if","locations":[{"start":{"line":162,"column":4},"end":{"line":167,"column":5}},{"start":{},"end":{}}],"line":162},"12":{"loc":{"start":{"line":162,"column":8},"end":{"line":162,"column":45}},"type":"binary-expr","locations":[{"start":{"line":162,"column":8},"end":{"line":162,"column":17}},{"start":{"line":162,"column":21},"end":{"line":162,"column":33}},{"start":{"line":162,"column":37},"end":{"line":162,"column":45}}],"line":162},"13":{"loc":{"start":{"line":172,"column":4},"end":{"line":185,"column":5}},"type":"if","locations":[{"start":{"line":172,"column":4},"end":{"line":185,"column":5}},{"start":{},"end":{}}],"line":172},"14":{"loc":{"start":{"line":173,"column":6},"end":{"line":178,"column":7}},"type":"if","locations":[{"start":{"line":173,"column":6},"end":{"line":178,"column":7}},{"start":{},"end":{}}],"line":173},"15":{"loc":{"start":{"line":173,"column":10},"end":{"line":173,"column":31}},"type":"binary-expr","locations":[{"start":{"line":173,"column":10},"end":{"line":173,"column":19}},{"start":{"line":173,"column":23},"end":{"line":173,"column":31}}],"line":173},"16":{"loc":{"start":{"line":179,"column":6},"end":{"line":184,"column":7}},"type":"if","locations":[{"start":{"line":179,"column":6},"end":{"line":184,"column":7}},{"start":{},"end":{}}],"line":179},"17":{"loc":{"start":{"line":187,"column":4},"end":{"line":200,"column":5}},"type":"if","locations":[{"start":{"line":187,"column":4},"end":{"line":200,"column":5}},{"start":{},"end":{}}],"line":187},"18":{"loc":{"start":{"line":188,"column":6},"end":{"line":193,"column":7}},"type":"if","locations":[{"start":{"line":188,"column":6},"end":{"line":193,"column":7}},{"start":{},"end":{}}],"line":188},"19":{"loc":{"start":{"line":188,"column":10},"end":{"line":188,"column":34}},"type":"binary-expr","locations":[{"start":{"line":188,"column":10},"end":{"line":188,"column":22}},{"start":{"line":188,"column":26},"end":{"line":188,"column":34}}],"line":188},"20":{"loc":{"start":{"line":194,"column":6},"end":{"line":199,"column":7}},"type":"if","locations":[{"start":{"line":194,"column":6},"end":{"line":199,"column":7}},{"start":{},"end":{}}],"line":194},"21":{"loc":{"start":{"line":194,"column":10},"end":{"line":194,"column":64}},"type":"binary-expr","locations":[{"start":{"line":194,"column":10},"end":{"line":194,"column":52}},{"start":{"line":194,"column":56},"end":{"line":194,"column":64}}],"line":194},"22":{"loc":{"start":{"line":203,"column":24},"end":{"line":203,"column":52}},"type":"binary-expr","locations":[{"start":{"line":203,"column":24},"end":{"line":203,"column":30}},{"start":{"line":203,"column":34},"end":{"line":203,"column":52}}],"line":203},"23":{"loc":{"start":{"line":204,"column":22},"end":{"line":204,"column":46}},"type":"binary-expr","locations":[{"start":{"line":204,"column":22},"end":{"line":204,"column":26}},{"start":{"line":204,"column":30},"end":{"line":204,"column":46}}],"line":204},"24":{"loc":{"start":{"line":205,"column":22},"end":{"line":205,"column":46}},"type":"binary-expr","locations":[{"start":{"line":205,"column":22},"end":{"line":205,"column":26}},{"start":{"line":205,"column":30},"end":{"line":205,"column":46}}],"line":205},"25":{"loc":{"start":{"line":207,"column":4},"end":{"line":222,"column":5}},"type":"if","locations":[{"start":{"line":207,"column":4},"end":{"line":222,"column":5}},{"start":{},"end":{}}],"line":207},"26":{"loc":{"start":{"line":216,"column":6},"end":{"line":221,"column":7}},"type":"if","locations":[{"start":{"line":216,"column":6},"end":{"line":221,"column":7}},{"start":{},"end":{}}],"line":216},"27":{"loc":{"start":{"line":225,"column":4},"end":{"line":225,"column":44}},"type":"if","locations":[{"start":{"line":225,"column":4},"end":{"line":225,"column":44}},{"start":{},"end":{}}],"line":225},"28":{"loc":{"start":{"line":226,"column":4},"end":{"line":226,"column":38}},"type":"if","locations":[{"start":{"line":226,"column":4},"end":{"line":226,"column":38}},{"start":{},"end":{}}],"line":226},"29":{"loc":{"start":{"line":227,"column":4},"end":{"line":227,"column":38}},"type":"if","locations":[{"start":{"line":227,"column":4},"end":{"line":227,"column":38}},{"start":{},"end":{}}],"line":227},"30":{"loc":{"start":{"line":228,"column":4},"end":{"line":228,"column":41}},"type":"if","locations":[{"start":{"line":228,"column":4},"end":{"line":228,"column":41}},{"start":{},"end":{}}],"line":228},"31":{"loc":{"start":{"line":233,"column":4},"end":{"line":242,"column":5}},"type":"if","locations":[{"start":{"line":233,"column":4},"end":{"line":242,"column":5}},{"start":{"line":235,"column":11},"end":{"line":242,"column":5}}],"line":233},"32":{"loc":{"start":{"line":235,"column":11},"end":{"line":242,"column":5}},"type":"if","locations":[{"start":{"line":235,"column":11},"end":{"line":242,"column":5}},{"start":{"line":237,"column":11},"end":{"line":242,"column":5}}],"line":235},"33":{"loc":{"start":{"line":237,"column":11},"end":{"line":242,"column":5}},"type":"if","locations":[{"start":{"line":237,"column":11},"end":{"line":242,"column":5}},{"start":{"line":239,"column":11},"end":{"line":242,"column":5}}],"line":237},"34":{"loc":{"start":{"line":239,"column":11},"end":{"line":242,"column":5}},"type":"if","locations":[{"start":{"line":239,"column":11},"end":{"line":242,"column":5}},{"start":{},"end":{}}],"line":239},"35":{"loc":{"start":{"line":240,"column":23},"end":{"line":240,"column":71}},"type":"cond-expr","locations":[{"start":{"line":240,"column":34},"end":{"line":240,"column":50}},{"start":{"line":240,"column":53},"end":{"line":240,"column":71}}],"line":240},"36":{"loc":{"start":{"line":265,"column":4},"end":{"line":270,"column":5}},"type":"if","locations":[{"start":{"line":265,"column":4},"end":{"line":270,"column":5}},{"start":{},"end":{}}],"line":265}},"s":{"0":6,"1":6,"2":6,"3":6,"4":0,"5":0,"6":0,"7":0,"8":0,"9":0,"10":0,"11":0,"12":0,"13":0,"14":0,"15":0,"16":0,"17":0,"18":0,"19":6,"20":0,"21":0,"22":0,"23":0,"24":0,"25":6,"26":0,"27":0,"28":0,"29":0,"30":0,"31":0,"32":0,"33":0,"34":6,"35":0,"36":0,"37":0,"38":0,"39":0,"40":0,"41":0,"42":0,"43":0,"44":0,"45":0,"46":0,"47":0,"48":0,"49":0,"50":0,"51":0,"52":0,"53":0,"54":0,"55":0,"56":0,"57":0,"58":0,"59":0,"60":0,"61":0,"62":0,"63":0,"64":0,"65":0,"66":0,"67":0,"68":0,"69":0,"70":0,"71":0,"72":0,"73":0,"74":0,"75":0,"76":0,"77":0,"78":0,"79":0,"80":0,"81":0,"82":0,"83":0,"84":0,"85":0,"86":6,"87":0,"88":0,"89":0,"90":0,"91":0,"92":0,"93":0,"94":6},"f":{"0":0,"1":0,"2":0,"3":0,"4":0},"b":{"0":[0,0],"1":[0,0,0,0],"2":[0,0],"3":[0,0],"4":[0,0],"5":[0,0],"6":[0,0],"7":[0,0],"8":[0,0],"9":[0,0],"10":[0,0],"11":[0,0],"12":[0,0,0],"13":[0,0],"14":[0,0],"15":[0,0],"16":[0,0],"17":[0,0],"18":[0,0],"19":[0,0],"20":[0,0],"21":[0,0],"22":[0,0],"23":[0,0],"24":[0,0],"25":[0,0],"26":[0,0],"27":[0,0],"28":[0,0],"29":[0,0],"30":[0,0],"31":[0,0],"32":[0,0],"33":[0,0],"34":[0,0],"35":[0,0],"36":[0,0]},"_coverageSchema":"1a1c01bbd47fc00a2c39e90264f33305004495a9","hash":"2c05f9e084d473e10c19717f288e2f19876fa366"}
,"C:\\Users\\Abhishek\\.gemini\\antigravity\\scratch\\thalai-guardianV8\\thalai-backend\\controllers\\authController.js": {"path":"C:\\Users\\Abhishek\\.gemini\\antigravity\\scratch\\thalai-guardianV8\\thalai-backend\\controllers\\authController.js","statementMap":{"0":{"start":{"line":1,"column":13},"end":{"line":1,"column":43}},"1":{"start":{"line":2,"column":14},"end":{"line":2,"column":45}},"2":{"start":{"line":3,"column":16},"end":{"line":3,"column":49}},"3":{"start":{"line":4,"column":15},"end":{"line":4,"column":47}},"4":{"start":{"line":5,"column":58},"end":{"line":5,"column":99}},"5":{"start":{"line":6,"column":15},"end":{"line":6,"column":41}},"6":{"start":{"line":7,"column":83},"end":{"line":7,"column":115}},"7":{"start":{"line":10,"column":25},"end":{"line":30,"column":1}},"8":{"start":{"line":11,"column":16},"end":{"line":11,"column":26}},"9":{"start":{"line":12,"column":20},"end":{"line":12,"column":33}},"10":{"start":{"line":13,"column":12},"end":{"line":13,"column":57}},"11":{"start":{"line":14,"column":20},"end":{"line":14,"column":59}},"12":{"start":{"line":15,"column":18},"end":{"line":15,"column":55}},"13":{"start":{"line":17,"column":2},"end":{"line":19,"column":3}},"14":{"start":{"line":18,"column":4},"end":{"line":18,"column":10}},"15":{"start":{"line":21,"column":2},"end":{"line":27,"column":3}},"16":{"start":{"line":22,"column":4},"end":{"line":26,"column":6}},"17":{"start":{"line":29,"column":2},"end":{"line":29,"column":30}},"18":{"start":{"line":32,"column":33},"end":{"line":52,"column":1}},"19":{"start":{"line":33,"column":16},"end":{"line":33,"column":26}},"20":{"start":{"line":34,"column":23},"end":{"line":34,"column":49}},"21":{"start":{"line":35,"column":20},"end":{"line":35,"column":78}},"22":{"start":{"line":36,"column":26},"end":{"line":36,"column":54}},"23":{"start":{"line":38,"column":2},"end":{"line":49,"column":3}},"24":{"start":{"line":39,"column":29},"end":{"line":39,"column":51}},"25":{"start":{"line":40,"column":4},"end":{"line":40,"column":75}},"26":{"start":{"line":42,"column":4},"end":{"line":48,"column":6}},"27":{"start":{"line":51,"column":2},"end":{"line":51,"column":53}},"28":{"start":{"line":57,"column":17},"end":{"line":413,"column":1}},"29":{"start":{"line":58,"column":2},"end":{"line":412,"column":3}},"30":{"start":{"line":82,"column":8},"end":{"line":82,"column":16}},"31":{"start":{"line":85,"column":4},"end":{"line":90,"column":5}},"32":{"start":{"line":86,"column":6},"end":{"line":89,"column":9}},"33":{"start":{"line":93,"column":23},"end":{"line":93,"column":62}},"34":{"start":{"line":94,"column":4},"end":{"line":99,"column":5}},"35":{"start":{"line":95,"column":6},"end":{"line":98,"column":9}},"36":{"start":{"line":102,"column":29},"end":{"line":102,"column":79}},"37":{"start":{"line":103,"column":4},"end":{"line":108,"column":5}},"38":{"start":{"line":104,"column":6},"end":{"line":107,"column":9}},"39":{"start":{"line":111,"column":23},"end":{"line":111,"column":68}},"40":{"start":{"line":112,"column":4},"end":{"line":117,"column":5}},"41":{"start":{"line":113,"column":6},"end":{"line":116,"column":9}},"42":{"start":{"line":120,"column":4},"end":{"line":125,"column":5}},"43":{"start":{"line":121,"column":6},"end":{"line":124,"column":9}},"44":{"start":{"line":128,"column":23},"end":{"line":128,"column":52}},"45":{"start":{"line":129,"column":4},"end":{"line":134,"column":5}},"46":{"start":{"line":130,"column":6},"end":{"line":133,"column":9}},"47":{"start":{"line":137,"column":4},"end":{"line":199,"column":5}},"48":{"start":{"line":139,"column":23},"end":{"line":139,"column":41}},"49":{"start":{"line":140,"column":6},"end":{"line":140,"column":75}},"50":{"start":{"line":141,"column":6},"end":{"line":146,"column":7}},"51":{"start":{"line":142,"column":8},"end":{"line":145,"column":11}},"52":{"start":{"line":148,"column":28},"end":{"line":148,"column":54}},"53":{"start":{"line":149,"column":6},"end":{"line":155,"column":7}},"54":{"start":{"line":150,"column":8},"end":{"line":154,"column":11}},"55":{"start":{"line":158,"column":6},"end":{"line":163,"column":7}},"56":{"start":{"line":159,"column":8},"end":{"line":162,"column":11}},"57":{"start":{"line":166,"column":6},"end":{"line":181,"column":7}},"58":{"start":{"line":167,"column":35},"end":{"line":170,"column":9}},"59":{"start":{"line":171,"column":8},"end":{"line":180,"column":9}},"60":{"start":{"line":172,"column":10},"end":{"line":179,"column":13}},"61":{"start":{"line":184,"column":30},"end":{"line":190,"column":8}},"62":{"start":{"line":192,"column":6},"end":{"line":198,"column":7}},"63":{"start":{"line":193,"column":8},"end":{"line":197,"column":11}},"64":{"start":{"line":202,"column":4},"end":{"line":202,"column":57}},"65":{"start":{"line":206,"column":4},"end":{"line":226,"column":5}},"66":{"start":{"line":207,"column":6},"end":{"line":216,"column":9}},"67":{"start":{"line":217,"column":6},"end":{"line":217,"column":82}},"68":{"start":{"line":219,"column":6},"end":{"line":219,"column":57}},"69":{"start":{"line":220,"column":6},"end":{"line":220,"column":103}},"70":{"start":{"line":221,"column":6},"end":{"line":225,"column":9}},"71":{"start":{"line":229,"column":4},"end":{"line":365,"column":5}},"72":{"start":{"line":230,"column":6},"end":{"line":292,"column":7}},"73":{"start":{"line":231,"column":29},"end":{"line":242,"column":10}},"74":{"start":{"line":243,"column":8},"end":{"line":243,"column":94}},"75":{"start":{"line":246,"column":8},"end":{"line":246,"column":44}},"76":{"start":{"line":249,"column":8},"end":{"line":271,"column":9}},"77":{"start":{"line":250,"column":10},"end":{"line":250,"column":57}},"78":{"start":{"line":253,"column":10},"end":{"line":253,"column":90}},"79":{"start":{"line":254,"column":10},"end":{"line":254,"column":62}},"80":{"start":{"line":255,"column":10},"end":{"line":255,"column":79}},"81":{"start":{"line":256,"column":10},"end":{"line":256,"column":59}},"82":{"start":{"line":258,"column":10},"end":{"line":258,"column":109}},"83":{"start":{"line":260,"column":10},"end":{"line":265,"column":13}},"84":{"start":{"line":268,"column":10},"end":{"line":268,"column":54}},"85":{"start":{"line":269,"column":10},"end":{"line":269,"column":87}},"86":{"start":{"line":270,"column":10},"end":{"line":270,"column":59}},"87":{"start":{"line":273,"column":8},"end":{"line":273,"column":34}},"88":{"start":{"line":274,"column":8},"end":{"line":274,"column":74}},"89":{"start":{"line":277,"column":8},"end":{"line":277,"column":69}},"90":{"start":{"line":278,"column":8},"end":{"line":282,"column":11}},"91":{"start":{"line":285,"column":8},"end":{"line":285,"column":47}},"92":{"start":{"line":287,"column":8},"end":{"line":291,"column":11}},"93":{"start":{"line":293,"column":11},"end":{"line":365,"column":5}},"94":{"start":{"line":294,"column":6},"end":{"line":316,"column":7}},"95":{"start":{"line":296,"column":8},"end":{"line":299,"column":11}},"96":{"start":{"line":300,"column":8},"end":{"line":300,"column":69}},"97":{"start":{"line":302,"column":8},"end":{"line":306,"column":11}},"98":{"start":{"line":309,"column":8},"end":{"line":309,"column":47}},"99":{"start":{"line":311,"column":8},"end":{"line":315,"column":11}},"100":{"start":{"line":317,"column":11},"end":{"line":365,"column":5}},"101":{"start":{"line":318,"column":6},"end":{"line":364,"column":7}},"102":{"start":{"line":320,"column":8},"end":{"line":326,"column":9}},"103":{"start":{"line":321,"column":10},"end":{"line":321,"column":49}},"104":{"start":{"line":322,"column":10},"end":{"line":325,"column":13}},"105":{"start":{"line":329,"column":31},"end":{"line":329,"column":70}},"106":{"start":{"line":330,"column":8},"end":{"line":336,"column":9}},"107":{"start":{"line":331,"column":10},"end":{"line":331,"column":49}},"108":{"start":{"line":332,"column":10},"end":{"line":335,"column":13}},"109":{"start":{"line":339,"column":8},"end":{"line":347,"column":11}},"110":{"start":{"line":348,"column":8},"end":{"line":348,"column":83}},"111":{"start":{"line":350,"column":8},"end":{"line":354,"column":11}},"112":{"start":{"line":357,"column":8},"end":{"line":357,"column":47}},"113":{"start":{"line":359,"column":8},"end":{"line":363,"column":11}},"114":{"start":{"line":368,"column":18},"end":{"line":368,"column":38}},"115":{"start":{"line":371,"column":4},"end":{"line":375,"column":7}},"116":{"start":{"line":377,"column":4},"end":{"line":390,"column":7}},"117":{"start":{"line":392,"column":4},"end":{"line":392,"column":63}},"118":{"start":{"line":393,"column":4},"end":{"line":393,"column":102}},"119":{"start":{"line":396,"column":4},"end":{"line":405,"column":5}},"120":{"start":{"line":397,"column":6},"end":{"line":404,"column":9}},"121":{"start":{"line":400,"column":58},"end":{"line":403,"column":9}},"122":{"start":{"line":407,"column":4},"end":{"line":411,"column":7}},"123":{"start":{"line":418,"column":14},"end":{"line":518,"column":1}},"124":{"start":{"line":419,"column":2},"end":{"line":517,"column":3}},"125":{"start":{"line":420,"column":32},"end":{"line":420,"column":40}},"126":{"start":{"line":423,"column":4},"end":{"line":427,"column":5}},"127":{"start":{"line":424,"column":6},"end":{"line":426,"column":9}},"128":{"start":{"line":430,"column":17},"end":{"line":430,"column":66}},"129":{"start":{"line":432,"column":4},"end":{"line":438,"column":5}},"130":{"start":{"line":433,"column":6},"end":{"line":437,"column":9}},"131":{"start":{"line":441,"column":4},"end":{"line":446,"column":5}},"132":{"start":{"line":442,"column":6},"end":{"line":445,"column":9}},"133":{"start":{"line":449,"column":4},"end":{"line":456,"column":5}},"134":{"start":{"line":450,"column":31},"end":{"line":450,"column":85}},"135":{"start":{"line":451,"column":6},"end":{"line":455,"column":9}},"136":{"start":{"line":459,"column":20},"end":{"line":459,"column":54}},"137":{"start":{"line":461,"column":4},"end":{"line":486,"column":5}},"138":{"start":{"line":463,"column":6},"end":{"line":463,"column":30}},"139":{"start":{"line":466,"column":6},"end":{"line":476,"column":7}},"140":{"start":{"line":467,"column":8},"end":{"line":467,"column":63}},"141":{"start":{"line":468,"column":8},"end":{"line":468,"column":31}},"142":{"start":{"line":469,"column":8},"end":{"line":469,"column":26}},"143":{"start":{"line":471,"column":8},"end":{"line":475,"column":11}},"144":{"start":{"line":478,"column":6},"end":{"line":478,"column":24}},"145":{"start":{"line":480,"column":32},"end":{"line":480,"column":54}},"146":{"start":{"line":481,"column":6},"end":{"line":485,"column":9}},"147":{"start":{"line":489,"column":4},"end":{"line":489,"column":27}},"148":{"start":{"line":490,"column":4},"end":{"line":490,"column":31}},"149":{"start":{"line":491,"column":4},"end":{"line":491,"column":22}},"150":{"start":{"line":494,"column":18},"end":{"line":494,"column":38}},"151":{"start":{"line":496,"column":4},"end":{"line":509,"column":7}},"152":{"start":{"line":511,"column":4},"end":{"line":511,"column":41}},"153":{"start":{"line":512,"column":4},"end":{"line":516,"column":7}},"154":{"start":{"line":523,"column":19},"end":{"line":558,"column":1}},"155":{"start":{"line":524,"column":2},"end":{"line":557,"column":3}},"156":{"start":{"line":525,"column":17},"end":{"line":525,"column":70}},"157":{"start":{"line":527,"column":4},"end":{"line":531,"column":5}},"158":{"start":{"line":528,"column":6},"end":{"line":530,"column":9}},"159":{"start":{"line":533,"column":19},"end":{"line":533,"column":23}},"160":{"start":{"line":534,"column":4},"end":{"line":542,"column":5}},"161":{"start":{"line":535,"column":6},"end":{"line":535,"column":57}},"162":{"start":{"line":536,"column":11},"
[...]
:{"line":109,"column":2}},"17":{"start":{"line":100,"column":2},"end":{"line":108,"column":5}},"18":{"start":{"line":111,"column":0},"end":{"line":120,"column":2}},"19":{"start":{"line":112,"column":2},"end":{"line":119,"column":5}},"20":{"start":{"line":122,"column":0},"end":{"line":131,"column":2}},"21":{"start":{"line":123,"column":2},"end":{"line":130,"column":5}},"22":{"start":{"line":133,"column":0},"end":{"line":142,"column":2}},"23":{"start":{"line":134,"column":2},"end":{"line":141,"column":5}},"24":{"start":{"line":144,"column":0},"end":{"line":153,"column":2}},"25":{"start":{"line":145,"column":2},"end":{"line":152,"column":5}},"26":{"start":{"line":155,"column":0},"end":{"line":155,"column":24}}},"fnMap":{"0":{"name":"(anonymous_0)","decl":{"start":{"line":21,"column":24},"end":{"line":21,"column":25}},"loc":{"start":{"line":21,"column":72},"end":{"line":27,"column":3}},"line":21},"1":{"name":"(anonymous_1)","decl":{"start":{"line":99,"column":30},"end":{"line":99,"column":31}},"loc":{"start":{"line":99,"column":87},"end":{"line":109,"column":1}},"line":99},"2":{"name":"(anonymous_2)","decl":{"start":{"line":111,"column":30},"end":{"line":111,"column":31}},"loc":{"start":{"line":111,"column":94},"end":{"line":120,"column":1}},"line":111},"3":{"name":"(anonymous_3)","decl":{"start":{"line":122,"column":24},"end":{"line":122,"column":25}},"loc":{"start":{"line":122,"column":70},"end":{"line":131,"column":1}},"line":122},"4":{"name":"(anonymous_4)","decl":{"start":{"line":133,"column":25},"end":{"line":133,"column":26}},"loc":{"start":{"line":133,"column":82},"end":{"line":142,"column":1}},"line":133},"5":{"name":"(anonymous_5)","decl":{"start":{"line":144,"column":25},"end":{"line":144,"column":26}},"loc":{"start":{"line":144,"column":66},"end":{"line":153,"column":1}},"line":144}},"branchMap":{"0":{"loc":{"start":{"line":23,"column":4},"end":{"line":25,"column":5}},"type":"if","locations":[{"start":{"line":23,"column":4},"end":{"line":25,"column":5}},{"start":{},"end":{}}],"line":23},"1":{"loc":{"start":{"line":33,"column":0},"end":{"line":35,"column":1}},"type":"if","locations":[{"start":{"line":33,"column":0},"end":{"line":35,"column":1}},{"start":{},"end":{}}],"line":33},"2":{"loc":{"start":{"line":39,"column":9},"end":{"line":39,"column":40}},"type":"binary-expr","locations":[{"start":{"line":39,"column":9},"end":{"line":39,"column":30}},{"start":{"line":39,"column":34},"end":{"line":39,"column":40}}],"line":39},"3":{"loc":{"start":{"line":81,"column":0},"end":{"line":96,"column":1}},"type":"if","locations":[{"start":{"line":81,"column":0},"end":{"line":96,"column":1}},{"start":{"line":88,"column":7},"end":{"line":96,"column":1}}],"line":81}},"s":{"0":6,"1":6,"2":6,"3":6,"4":58,"5":58,"6":58,"7":58,"8":6,"9":6,"10":6,"11":0,"12":6,"13":6,"14":6,"15":0,"16":6,"17":0,"18":6,"19":0,"20":6,"21":0,"22":6,"23":0,"24":6,"25":6,"26":6},"f":{"0":58,"1":0,"2":0,"3":0,"4":0,"5":6},"b":{"0":[58,0],"1":[0,6],"2":[6,6],"3":[6,0]},"_coverageSchema":"1a1c01bbd47fc00a2c39e90264f33305004495a9","hash":"aba207de6cda1fe6614fbc417114eb16a1a9d185"}
,"C:\\Users\\Abhishek\\.gemini\\antigravity\\scratch\\thalai-guardianV8\\thalai-backend\\utils\\validation.js": {"path":"C:\\Users\\Abhishek\\.gemini\\antigravity\\scratch\\thalai-guardianV8\\thalai-backend\\utils\\validation.js","statementMap":{"0":{"start":{"line":6,"column":48},"end":{"line":6,"column":76}},"1":{"start":{"line":14,"column":4},"end":{"line":14,"column":45}},"2":{"start":{"line":20,"column":31},"end":{"line":48,"column":1}},"3":{"start":{"line":21,"column":17},"end":{"line":21,"column":38}},"4":{"start":{"line":22,"column":2},"end":{"line":31,"column":3}},"5":{"start":{"line":23,"column":4},"end":{"line":30,"column":7}},"6":{"start":{"line":26,"column":43},"end":{"line":29,"column":7}},"7":{"start":{"line":34,"column":15},"end":{"line":34,"column":59}},"8":{"start":{"line":35,"column":19},"end":{"line":35,"column":40}},"9":{"start":{"line":36,"column":22},"end":{"line":36,"column":39}},"10":{"start":{"line":37,"column":22},"end":{"line":37,"column":72}},"11":{"start":{"line":37,"column":45},"end":{"line":37,"column":71}},"12":{"start":{"line":39,"column":2},"end":{"line":45,"column":3}},"13":{"start":{"line":40,"column":4},"end":{"line":44,"column":7}},"14":{"start":{"line":47,"column":2},"end":{"line":47,"column":9}},"15":{"start":{"line":53,"column":19},"end":{"line":64,"column":1}},"16":{"start":{"line":54,"column":2},"end":{"line":63,"column":4}},"17":{"start":{"line":69,"column":21},"end":{"line":72,"column":1}},"18":{"start":{"line":70,"column":21},"end":{"line":70,"column":66}},"19":{"start":{"line":71,"column":2},"end":{"line":71,"column":32}},"20":{"start":{"line":77,"column":21},"end":{"line":80,"column":1}},"21":{"start":{"line":78,"column":21},"end":{"line":78,"column":92}},"22":{"start":{"line":79,"column":2},"end":{"line":79,"column":32}},"23":{"start":{"line":85,"column":26},"end":{"line":88,"column":1}},"24":{"start":{"line":86,"column":27},"end":{"line":86,"column":77}},"25":{"start":{"line":87,"column":2},"end":{"line":87,"column":47}},"26":{"start":{"line":93,"column":24},"end":{"line":99,"column":1}},"27":{"start":{"line":94,"column":2},"end":{"line":94,"column":25}},"28":{"start":{"line":94,"column":13},"end":{"line":94,"column":25}},"29":{"start":{"line":95,"column":20},"end":{"line":95,"column":34}},"30":{"start":{"line":96,"column":16},"end":{"line":96,"column":26}},"31":{"start":{"line":97,"column":2},"end":{"line":97,"column":34}},"32":{"start":{"line":98,"column":2},"end":{"line":98,"column":28}},"33":{"start":{"line":104,"column":25},"end":{"line":123,"column":1}},"34":{"start":{"line":105,"column":2},"end":{"line":107,"column":3}},"35":{"start":{"line":106,"column":4},"end":{"line":106,"column":77}},"36":{"start":{"line":109,"column":14},"end":{"line":109,"column":31}},"37":{"start":{"line":110,"column":2},"end":{"line":112,"column":3}},"38":{"start":{"line":111,"column":4},"end":{"line":111,"column":62}},"39":{"start":{"line":114,"column":2},"end":{"line":120,"column":3}},"40":{"start":{"line":115,"column":4},"end":{"line":119,"column":6}},"41":{"start":{"line":122,"column":2},"end":{"line":122,"column":30}},"42":{"start":{"line":128,"column":33},"end":{"line":151,"column":1}},"43":{"start":{"line":129,"column":2},"end":{"line":131,"column":3}},"44":{"start":{"line":130,"column":4},"end":{"line":130,"column":27}},"45":{"start":{"line":133,"column":20},"end":{"line":133,"column":59}},"46":{"start":{"line":134,"column":26},"end":{"line":134,"column":54}},"47":{"start":{"line":136,"column":2},"end":{"line":148,"column":3}},"48":{"start":{"line":137,"column":29},"end":{"line":140,"column":5}},"49":{"start":{"line":141,"column":4},"end":{"line":147,"column":6}},"50":{"start":{"line":150,"column":2},"end":{"line":150,"column":36}},"51":{"start":{"line":156,"column":23},"end":{"line":169,"column":1}},"52":{"start":{"line":157,"column":2},"end":{"line":159,"column":3}},"53":{"start":{"line":158,"column":4},"end":{"line":158,"column":59}},"54":{"start":{"line":161,"column":2},"end":{"line":166,"column":3}},"55":{"start":{"line":162,"column":4},"end":{"line":165,"column":6}},"56":{"start":{"line":168,"column":2},"end":{"line":168,"column":25}},"57":{"start":{"line":174,"column":23},"end":{"line":187,"column":1}},"58":{"start":{"line":175,"column":2},"end":{"line":177,"column":3}},"59":{"start":{"line":176,"column":4},"end":{"line":176,"column":59}},"60":{"start":{"line":179,"column":2},"end":{"line":184,"column":3}},"61":{"start":{"line":180,"column":4},"end":{"line":183,"column":6}},"62":{"start":{"line":186,"column":2},"end":{"line":186,"column":25}},"63":{"start":{"line":192,"column":26},"end":{"line":335,"column":1}},"64":{"start":{"line":193,"column":2},"end":{"line":334,"column":4}},"65":{"start":{"line":228,"column":8},"end":{"line":230,"column":9}},"66":{"start":{"line":229,"column":10},"end":{"line":229,"column":57}},"67":{"start":{"line":231,"column":8},"end":{"line":231,"column":20}},"68":{"start":{"line":277,"column":8},"end":{"line":279,"column":9}},"69":{"start":{"line":278,"column":10},"end":{"line":278,"column":67}},"70":{"start":{"line":280,"column":8},"end":{"line":280,"column":20}},"71":{"start":{"line":288,"column":8},"end":{"line":290,"column":9}},"72":{"start":{"line":289,"column":10},"end":{"line":289,"column":67}},"73":{"start":{"line":291,"column":8},"end":{"line":291,"column":20}},"74":{"start":{"line":318,"column":8},"end":{"line":320,"column":9}},"75":{"start":{"line":319,"column":10},"end":{"line":319,"column":72}},"76":{"start":{"line":321,"column":8},"end":{"line":321,"column":20}},"77":{"start":{"line":340,"column":32},"end":{"line":384,"column":1}},"78":{"start":{"line":341,"column":2},"end":{"line":383,"column":4}},"79":{"start":{"line":362,"column":8},"end":{"line":364,"column":9}},"80":{"start":{"line":363,"column":10},"end":{"line":363,"column":72}},"81":{"start":{"line":365,"column":8},"end":{"line":365,"column":20}},"82":{"start":{"line":389,"column":31},"end":{"line":442,"column":1}},"83":{"start":{"line":390,"column":2},"end":{"line":441,"column":4}},"84":{"start":{"line":434,"column":21},"end":{"line":434,"column":46}},"85":{"start":{"line":447,"column":27},"end":{"line":454,"column":1}},"86":{"start":{"line":448,"column":2},"end":{"line":453,"column":4}},"87":{"start":{"line":456,"column":0},"end":{"line":473,"column":2}}},"fnMap":{"0":{"name":"(anonymous_0)","decl":{"start":{"line":20,"column":31},"end":{"line":20,"column":32}},"loc":{"start":{"line":20,"column":51},"end":{"line":48,"column":1}},"line":20},"1":{"name":"(anonymous_1)","decl":{"start":{"line":26,"column":33},"end":{"line":26,"column":34}},"loc":{"start":{"line":26,"column":43},"end":{"line":29,"column":7}},"line":26},"2":{"name":"(anonymous_2)","decl":{"start":{"line":37,"column":38},"end":{"line":37,"column":39}},"loc":{"start":{"line":37,"column":45},"end":{"line":37,"column":71}},"line":37},"3":{"name":"(anonymous_3)","decl":{"start":{"line":53,"column":19},"end":{"line":53,"column":20}},"loc":{"start":{"line":53,"column":25},"end":{"line":64,"column":1}},"line":53},"4":{"name":"(anonymous_4)","decl":{"start":{"line":69,"column":21},"end":{"line":69,"column":22}},"loc":{"start":{"line":69,"column":32},"end":{"line":72,"column":1}},"line":69},"5":{"name":"(anonymous_5)","decl":{"start":{"line":77,"column":21},"end":{"line":77,"column":22}},"loc":{"start":{"line":77,"column":32},"end":{"line":80,"column":1}},"line":77},"6":{"name":"(anonymous_6)","decl":{"start":{"line":85,"column":26},"end":{"line":85,"column":27}},"loc":{"start":{"line":85,"column":42},"end":{"line":88,"column":1}},"line":85},"7":{"name":"(anonymous_7)","decl":{"start":{"line":93,"column":24},"end":{"line":93,"column":25}},"loc":{"start":{"line":93,"column":34},"end":{"line":99,"column":1}},"line":93},"8":{"name":"(anonymous_8)","decl":{"start":{"line":104,"column":25},"end":{"line":104,"column":26}},"loc":{"start":{"line":104,"column":34},"end":{"line":123,"column":1}},"line":104},"9":{"name":"(anonymous_9)","decl":{"start":{"line":128,"column":33},"end":{"line":128,"column":34}},"loc":{"start":{"line":128,"column":84},"end":{"line":151,"column":1}},"line":128},"10":{"name":"(anonymous_10)","decl":{"start":{"line":156,"column":23},"end":{"line":156,"column":24}},"loc":{"start":{"line":156,"column":37},"end":{"line":169,"column":1}},"line":156},"11":{"name":"(anonymous_11)","decl":{"start":{"line":174,"column":23},"end":{"line":174,"column":24}},"loc":{"start":{"line":174,"column":37},"end":{"line":187,"column":1}},"line":174},"12":{"name":"(anonymous_12)","decl":{"start":{"line":192,"column":26},"end":{"line":192,"column":27}},"loc":{"start":{"line":192,"column":32},"end":{"line":335,"column":1}},"line":192},"13":{"name":"(anonymous_13)","decl":{"start":{"line":227,"column":14},"end":{"line":227,"column":15}},"loc":{"start":{"line":227,"column":25},"end":{"line":232,"column":7}},"line":227},"14":{"name":"(anonymous_14)","decl":{"start":{"line":276,"column":14},"end":{"line":276,"column":15}},"loc":{"start":{"line":276,"column":25},"end":{"line":281,"column":7}},"line":276},"15":{"name":"(anonymous_15)","decl":{"start":{"line":287,"column":14},"end":{"line":287,"column":15}},"loc":{"start":{"line":287,"column":25},"end":{"line":292,"column":7}},"line":287},"16":{"name":"(anonymous_16)","decl":{"start":{"line":317,"column":14},"end":{"line":317,"column":15}},"loc":{"start":{"line":317,"column":25},"end":{"line":322,"column":7}},"line":317},"17":{"name":"(anonymous_17)","decl":{"start":{"line":340,"column":32},"end":{"line":340,"column":33}},"loc":{"start":{"line":340,"column":38},"end":{"line":384,"column":1}},"line":340},"18":{"name":"(anonymous_18)","decl":{"start":{"line":361,"column":14},"end":{"line":361,"column":15}},"loc":{"start":{"line":361,"column":25},"end":{"line":366,"column":7}},"line":361},"19":{"name":"(anonymous_19)","decl":{"start":{"line":389,"column":31},"end":{"line":389,"column":32}},"loc":{"start":{"line":389,"column":37},"end":{"line":442,"column":1}},"line":389},"20":{"name":"(anonymous_20)","decl":{"start":{"line":434,"column":14},"end":{"line":434,"column":15}},"loc":{"start":{"line":434,"column":21},"end":{"line":434,"column":46}},"line":434},"21":{"name":"(anonymous_21)","decl":{"start":{"line":447,"column":27},"end":{"line":447,"column":28}},"loc":{"start":{"line":447,"column":33},"end":{"line":454,"column":1}},"line":447}},"branchMap":{"0":{"loc":{"start":{"line":22,"column":2},"end":{"line":31,"column":3}},"type":"if","locations":[{"start":{"line":22,"column":2},"end":{"line":31,"column":3}},{"start":{},"end":{}}],"line":22},"1":{"loc":{"start":{"line":27,"column":15},"end":{"line":27,"column":36}},"type":"binary-expr","locations":[{"start":{"line":27,"column":15},"end":{"line":27,"column":23}},{"start":{"line":27,"column":27},"end":{"line":27,"column":36}}],"line":27},"2":{"loc":{"start":{"line":39,"column":2},"end":{"line":45,"column":3}},"type":"if","locations":[{"start":{"line":39,"column":2},"end":{"line":45,"column":3}},{"start":{},"end":{}}],"line":39},"3":{"loc":{"start":{"line":94,"column":2},"end":{"line":94,"column":25}},"type":"if","locations":[{"start":{"line":94,"column":2},"end":{"line":94,"column":25}},{"start":{},"end":{}}],"line":94},"4":{"loc":{"start":{"line":105,"column":2},"end":{"line":107,"column":3}},"type":"if","locations":[{"start":{"line":105,"column":2},"end":{"line":107,"column":3}},{"start":{},"end":{}}],"line":105},"5":{"loc":{"start":{"line":110,"column":2},"end":{"line":112,"column":3}},"type":"if","locations":[{"start":{"line":110,"column":2},"end":{"line":112,"column":3}},{"start":{},"end":{}}],"line":110},"6":{"loc":{"start":{"line":114,"column":2},"end":{"line":120,"column":3}},"type":"if","locations":[{"start":{"line":114,"column":2},"end":{"line":120,"column":3}},{"start":{},"end":{}}],"line":114},"7":{"loc":{"start":{"line":128,"column":52},"end":{"line":128,"column":79}},"type":"default-arg","locations":[{"start":{"line":128,"column":78},"end":{"line":128,"column":79}}],"line":128},"8":{"loc":{"start":{"line":129,"column":2},"end":{"line":131,"column":3}},"type":"if","locations":[{"start":{"line":129,"column":2},"end":{"line":131,"column":3}},{"start":{},"end":{}}],"line":129},"9":{"loc":{"start":{"line":136,"column":2},"end":{"line":148,"column":3}},"type":"if","locations":[{"start":{"line":136,"column":2},"end":{"line":148,"column":3}},{"start":{},"end":{}}],"line":136},"10":{"loc":{"start":{"line":157,"column":2},"end":{"line":159,"column":3}},"type":"if","locations":[{"start":{"line":157,"column":2},"end":{"line":159,"column":3}},{"start":{},"end":{}}],"line":157},"11":{"loc":{"start":{"line":157,"column":6},"end":{"line":157,"column":49}},"type":"binary-expr","locations":[{"start":{"line":157,"column":6},"end":{"line":157,"column":28}},{"start":{"line":157,"column":32},"end":{"line":157,"column":49}}],"line":157},"12":{"loc":{"start":{"line":161,"column":2},"end":{"line":166,"column":3}},"type":"if","locations":[{"start":{"line":161,"column":2},"end":{"line":166,"column":3}},{"start":{},"end":{}}],"line":161},"13":{"loc":{"start":{"line":161,"column":6},"end":{"line":161,"column":37}},"type":"binary-expr","locations":[{"start":{"line":161,"column":6},"end":{"line":161,"column":19}},{"start":{"line":161,"column":23},"end":{"line":161,"column":37}}],"line":161},"14":{"loc":{"start":{"line":175,"column":2},"end":{"line":177,"column":3}},"type":"if","locations":[{"start":{"line":175,"column":2},"end":{"line":177,"column":3}},{"start":{},"end":{}}],"line":175},"15":{"loc":{"start":{"line":175,"column":6},"end":{"line":175,"column":49}},"type":"binary-expr","locations":[{"start":{"line":175,"column":6},"end":{"line":175,"column":28}},{"start":{"line":175,"column":32},"end":{"line":175,"column":49}}],"line":175},"16":{"loc":{"start":{"line":179,"column":2},"end":{"line":184,"column":3}},"type":"if","locations":[{"start":{"line":179,"column":2},"end":{"line":184,"column":3}},{"start":{},"end":{}}],"line":179},"17":{"loc":{"start":{"line":179,"column":6},"end":{"line":179,"column":37}},"type":"binary-expr","locations":[{"start":{"line":179,"column":6},"end":{"line":179,"column":19}},{"start":{"line":179,"column":23},"end":{"line":179,"column":37}}],"line":179},"18":{"loc":{"start":{"line":228,"column":8},"end":{"line":230,"column":9}},"type":"if","locations":[{"start":{"line":228,"column":8},"end":{"line":230,"column":9}},{"start":{},"end":{}}],"line":228},"19":{"loc":{"start":{"line":228,"column":12},"end":{"line":228,"column":41}},"type":"binary-expr","locations":[{"start":{"line":228,"column":12},"end":{"line":228,"column":17}},{"start":{"line":228,"column":21},"end":{"line":228,"column":41}}],"line":228},"20":{"loc":{"start":{"line":277,"column":8},"end":{"line":279,"column":9}},"type":"if","locations":[{"start":{"line":277,"column":8},"end":{"line":279,"column":9}},{"start":{},"end":{}}],"line":277},"21":{"loc":{"start":{"line":288,"column":8},"end":{"line":290,"column":9}},"type":"if","locations":[{"start":{"line":288,"column":8},"end":{"line":290,"column":9}},{"start":{},"end":{}}],"line":288},"22":{"loc":{"start":{"line":318,"column":8},"end":{"line":320,"column":9}},"type":"if","locations":[{"start":{"line":318,"column":8},"end":{"line":320,"column":9}},{"start":{},"end":{}}],"line":318},"23":{"loc":{"start":{"line":362,"column":8},"end":{"line":364,"column":9}},"type":"if","locations":[{"start":{"line":362,"column":8},"end":{"line":364,"column":9}},{"start":{},"end":{}}],"line":362},"24":{"loc":{"start":{"line":434,"column":21},"end":{"line":434,"column":46}},"type":"binary-expr","locations":[{"start":{"line":434,"column":21},"end":{"line":434,"column":25}},{"start":{"line":434,"column":29},"end":{"line":434,"column":46}}],"line":434}},"s":{"0":6,"1":6,"2":6,"3":19,"4":19,"5":4,"6":4,"7":15,"8":15,"9":15,"10":15,"11":104,"12":15,"13":2,"14":13,"15":6,"16":6,"17":6,"18":0,"19":0,"20":6,"21":0,"22":0,"23":6,"24":0,"25":0,"26":6,"27":14,"28":0,"29":14,"30":14,"31":14,"32":14,"33":6,"34":0,"35":0,"36":0,"37":0,"38":0,"39":0,"40":0,"41":0,"42":6,"43":0,"44":0,"45":0,"46":0,"47":0,"48":0,"49":0,"50":0,"51":6,"52":0,"53":0,"54":0,"55":0,"56":0,"57":6,"58":0,"59":0,"60":0,"61":0,"62":0,"63":6,"64":6,"65":0,"66":0,"67":0,"68":11,"69":0,"70":11,"71":0,"72":0,"73":0,"74":3,"75":0,"76":3,"77":6,"78":0,"79":0,"80":0,"81":0,"82":6,"83":6,"84":0,"85":6,"86":6,"87":6},"f":{"0":19,"1":4,"2":104,"3":6,"4":0,"5":0,"6":0,"7":14,"8":0,"9":0,"10":0,"11":0,"12":6,"13":0,"14":11,"15":0,"16":3,"17":0,"18":0,"19":6,"20":0,"21":6},"b":{"0":[4,15],"1":[4,0],"2":[2,13],"3":[0,14],"4":[0,0],"5":[0,0],"6":[0,0],"7":[0],"8":[0,0],"9":[0,0],"10":[0,0],"11":[0,0],"12":[0,0],"13":[0,0],"14":[0,0],"15":[0,0],"16":[0,0],"17":[0,0],"18":[0,0],"19":[0,0],"20":[0,11],"21":[0,0],"22":[0,3],"23":[0,0],"24":[0,0]},"_coverageSchema":"1a1c01bbd47fc00a2c39e90264f33305004495a9","hash":"4a781dc927490dd34f869c7c42db5f1e1e188139"}
}
