TN:
SF:server.js
FN:44,(anonymous_0)
FN:48,(anonymous_1)
FN:85,(anonymous_2)
FN:92,(anonymous_3)
FN:113,(anonymous_4)
FN:137,(anonymous_5)
FN:151,(anonymous_6)
FN:164,(anonymous_7)
FN:175,(anonymous_8)
FNF:9
FNH:3
FNDA:28,(anonymous_0)
FNDA:0,(anonymous_1)
FNDA:0,(anonymous_2)
FNDA:28,(anonymous_3)
FNDA:1,(anonymous_4)
FNDA:0,(anonymous_5)
FNDA:0,(anonymous_6)
FNDA:0,(anonymous_7)
FNDA:0,(anonymous_8)
DA:1,6
DA:2,6
DA:3,6
DA:4,6
DA:5,6
DA:6,6
DA:7,6
DA:8,6
DA:9,6
DA:10,6
DA:13,6
DA:14,6
DA:15,6
DA:16,6
DA:17,6
DA:18,6
DA:19,6
DA:20,6
DA:21,6
DA:22,6
DA:23,6
DA:24,6
DA:29,6
DA:32,6
DA:35,6
DA:43,6
DA:46,28
DA:48,0
DA:49,0
DA:54,0
DA:56,0
DA:57,0
DA:60,0
DA:61,0
DA:63,0
DA:67,0
DA:75,6
DA:76,6
DA:77,6
DA:78,6
DA:79,6
DA:82,6
DA:83,0
DA:85,0
DA:90,6
DA:92,28
DA:98,6
DA:99,6
DA:100,6
DA:101,6
DA:102,6
DA:103,6
DA:104,6
DA:105,6
DA:106,6
DA:107,6
DA:108,6
DA:109,6
DA:110,6
DA:113,6
DA:114,1
DA:119,6
DA:120,0
DA:121,0
DA:122,0
DA:124,0
DA:126,0
DA:127,0
DA:128,0
DA:130,0
DA:131,0
DA:132,0
DA:135,0
DA:137,0
DA:139,0
DA:141,0
DA:142,0
DA:143,0
DA:145,0
DA:151,6
DA:152,0
DA:159,6
DA:162,6
DA:163,6
DA:164,0
DA:165,0
DA:170,0
DA:171,0
DA:175,0
DA:176,0
DA:177,0
DA:178,0
DA:179,0
DA:180,0
DA:181,0
DA:182,0
DA:183,0
DA:184,0
DA:185,0
DA:187,0
DA:188,0
DA:193,6
LF:102
LH:56
BRDA:46,0,0,28
BRDA:46,0,1,0
BRDA:49,1,0,0
BRDA:49,1,1,0
BRDA:56,2,0,0
BRDA:56,2,1,0
BRDA:56,3,0,0
BRDA:56,3,1,0
BRDA:60,4,0,0
BRDA:60,4,1,0
BRDA:60,5,0,0
BRDA:60,5,1,0
BRDA:60,5,2,0
BRDA:82,6,0,0
BRDA:82,6,1,6
BRDA:119,7,0,0
BRDA:119,7,1,6
BRDA:119,8,0,6
BRDA:119,8,1,6
BRDA:126,9,0,0
BRDA:126,9,1,0
BRDA:139,10,0,0
BRDA:139,10,1,0
BRDA:142,11,0,0
BRDA:142,11,1,0
BRDA:162,12,0,6
BRDA:162,12,1,0
BRDA:163,13,0,0
BRDA:163,13,1,6
BRDA:167,14,0,0
BRDA:167,14,1,0
BRDA:171,15,0,0
BRDA:171,15,1,0
BRDA:177,16,0,0
BRDA:177,16,1,0
BRF:35
BRH:7
end_of_record
TN:
SF:config\db.js
FN:4,(anonymous_0)
FNF:1
FNH:1
FNDA:6,(anonymous_0)
DA:1,6
DA:2,6
DA:4,6
DA:5,6
DA:6,6
DA:9,6
DA:10,6
DA:15,6
DA:17,6
DA:18,0
DA:21,0
DA:22,0
DA:26,6
LF:13
LH:10
BRDA:6,0,0,6
BRDA:6,0,1,0
BRDA:6,0,2,0
BRDA:9,1,0,6
BRDA:9,1,1,0
BRDA:9,2,0,6
BRDA:9,2,1,6
BRDA:10,3,0,0
BRDA:10,3,1,6
BRDA:17,4,0,0
BRDA:17,4,1,6
BRF:11
BRH:6
end_of_record
TN:
SF:controllers\adminController.js
FN:13,(anonymous_0)
FN:21,(anonymous_1)
FN:51,(anonymous_2)
FN:187,(anonymous_3)
FN:194,(anonymous_4)
FN:221,(anonymous_5)
FN:222,(anonymous_6)
FN:223,(anonymous_7)
FN:224,(anonymous_8)
FN:243,(anonymous_9)
FN:360,(anonymous_10)
FN:389,(anonymous_11)
FN:447,(anonymous_12)
FN:522,(anonymous_13)
FN:581,(anonymous_14)
FN:609,(anonymous_15)
FN:649,(anonymous_16)
FN:677,(anonymous_17)
FN:729,(anonymous_18)
FN:776,(anonymous_19)
FN:791,(anonymous_20)
FNF:21
FNH:0
FNDA:0,(anonymous_0)
FNDA:0,(anonymous_1)
FNDA:0,(anonymous_2)
FNDA:0,(anonymous_3)
FNDA:0,(anonymous_4)
FNDA:0,(anonymous_5)
FNDA:0,(anonymous_6)
FNDA:0,(anonymous_7)
FNDA:0,(anonymous_8)
FNDA:0,(anonymous_9)
FNDA:0,(anonymous_10)
FNDA:0,(anonymous_11)
FNDA:0,(anonymous_12)
FNDA:0,(anonymous_13)
FNDA:0,(anonymous_14)
FNDA:0,(anonymous_15)
FNDA:0,(anonymous_16)
FNDA:0,(anonymous_17)
FNDA:0,(anonymous_18)
FNDA:0,(anonymous_19)
FNDA:0,(anonymous_20)
DA:1,6
DA:2,6
DA:3,6
DA:4,6
DA:5,6
DA:6,6
DA:13,6
DA:14,0
DA:15,0
DA:21,0
DA:22,0
DA:23,0
DA:29,0
DA:37,0
DA:38,0
DA:51,6
DA:52,0
DA:53,0
DA:55,0
DA:56,0
DA:62,0
DA:64,0
DA:65,0
DA:72,0
DA:73,0
DA:74,0
DA:81,0
DA:84,0
DA:85,0
DA:86,0
DA:89,0
DA:90,0
DA:94,0
DA:95,0
DA:96,0
DA:97,0
DA:98,0
DA:99,0
DA:101,0
DA:109,0
DA:110,0
DA:114,0
DA:115,0
DA:117,0
DA:118,0
DA:119,0
DA:120,0
DA:124,0
DA:125,0
DA:128,0
DA:131,0
DA:139,0
DA:140,0
DA:150,0
DA:156,0
DA:157,0
DA:160,0
DA:162,0
DA:173,0
DA:174,0
DA:187,6
DA:188,0
DA:189,0
DA:194,0
DA:195,0
DA:196,0
DA:214,0
DA:221,0
DA:222,0
DA:223,0
DA:224,0
DA:229,0
DA:230,0
DA:243,6
DA:244,0
DA:246,0
DA:249,0
DA:252,0
DA:255,0
DA:258,0
DA:261,0
DA:264,0
DA:265,0
DA:268,0
DA:271,0
DA:294,0
DA:312,0
DA:321,0
DA:344,0
DA:345,0
DA:360,6
DA:361,0
DA:362,0
DA:367,0
DA:375,0
DA:376,0
DA:389,6
DA:390,0
DA:391,0
DA:393,0
DA:394,0
DA:400,0
DA:402,0
DA:403,0
DA:410,0
DA:411,0
DA:412,0
DA:413,0
DA:414,0
DA:417,0
DA:419,0
DA:422,0
DA:423,0
DA:425,0
DA:433,0
DA:434,0
DA:447,6
DA:448,0
DA:449,0
DA:451,0
DA:452,0
DA:458,0
DA:459,0
DA:461,0
DA:462,0
DA:468,0
DA:469,0
DA:476,0
DA:477,0
DA:484,0
DA:485,0
DA:486,0
DA:488,0
DA:494,0
DA:502,0
DA:508,0
DA:509,0
DA:522,6
DA:523,0
DA:524,0
DA:526,0
DA:527,0
DA:533,0
DA:535,0
DA:536,0
DA:543,0
DA:544,0
DA:545,0
DA:547,0
DA:553,0
DA:561,0
DA:567,0
DA:568,0
DA:581,6
DA:582,0
DA:583,0
DA:587,0
DA:595,0
DA:596,0
DA:609,6
DA:610,0
DA:611,0
DA:612,0
DA:614,0
DA:615,0
DA:616,0
DA:617,0
DA:619,0
DA:622,0
DA:635,0
DA:636,0
DA:649,6
DA:650,0
DA:651,0
DA:655,0
DA:663,0
DA:664,0
DA:677,6
DA:678,0
DA:679,0
DA:680,0
DA:682,0
DA:683,0
DA:689,0
DA:690,0
DA:696,0
DA:697,0
DA:699,0
DA:701,0
DA:715,0
DA:716,0
DA:729,6
DA:730,0
DA:731,0
DA:732,0
DA:734,0
DA:735,0
DA:741,0
DA:742,0
DA:749,0
DA:750,0
DA:751,0
DA:752,0
DA:753,0
DA:754,0
DA:758,0
DA:760,0
DA:762,0
DA:767,0
DA:768,0
DA:776,6
DA:777,0
DA:778,0
DA:781,0
DA:782,0
DA:785,0
DA:786,0
DA:787,0
DA:789,0
DA:791,0
DA:792,0
DA:793,0
DA:796,0
DA:797,0
DA:800,0
DA:806,0
DA:810,6
LF:227
LH:21
BRDA:55,0,0,0
BRDA:55,0,1,0
BRDA:64,1,0,0
BRDA:64,1,1,0
BRDA:72,2,0,0
BRDA:72,2,1,0
BRDA:73,3,0,0
BRDA:73,3,1,0
BRDA:73,4,0,0
BRDA:73,4,1,0
BRDA:89,5,0,0
BRDA:89,5,1,0
BRDA:94,6,0,0
BRDA:94,6,1,0
BRDA:96,7,0,0
BRDA:96,7,1,0
BRDA:98,8,0,0
BRDA:98,8,1,0
BRDA:98,8,2,0
BRDA:109,9,0,0
BRDA:109,9,1,0
BRDA:114,10,0,0
BRDA:114,10,1,0
BRDA:117,11,0,0
BRDA:117,11,1,0
BRDA:117,12,0,0
BRDA:117,12,1,0
BRDA:118,13,0,0
BRDA:118,13,1,0
BRDA:139,14,0,0
BRDA:139,14,1,0
BRDA:198,15,0,0
BRDA:198,15,1,0
BRDA:199,16,0,0
BRDA:199,16,1,0
BRDA:200,17,0,0
BRDA:200,17,1,0
BRDA:204,18,0,0
BRDA:204,18,1,0
BRDA:205,19,0,0
BRDA:205,19,1,0
BRDA:207,20,0,0
BRDA:207,20,1,0
BRDA:210,21,0,0
BRDA:210,21,1,0
BRDA:222,22,0,0
BRDA:222,22,1,0
BRDA:332,23,0,0
BRDA:332,23,1,0
BRDA:393,24,0,0
BRDA:393,24,1,0
BRDA:402,25,0,0
BRDA:402,25,1,0
BRDA:413,26,0,0
BRDA:413,26,1,0
BRDA:451,27,0,0
BRDA:451,27,1,0
BRDA:451,28,0,0
BRDA:451,28,1,0
BRDA:461,29,0,0
BRDA:461,29,1,0
BRDA:468,30,0,0
BRDA:468,30,1,0
BRDA:476,31,0,0
BRDA:476,31,1,0
BRDA:485,32,0,0
BRDA:485,32,1,0
BRDA:526,33,0,0
BRDA:526,33,1,0
BRDA:526,34,0,0
BRDA:526,34,1,0
BRDA:535,35,0,0
BRDA:535,35,1,0
BRDA:612,36,0,0
BRDA:612,36,1,0
BRDA:682,37,0,0
BRDA:682,37,1,0
BRDA:689,38,0,0
BRDA:689,38,1,0
BRDA:699,39,0,0
BRDA:699,39,1,0
BRDA:703,40,0,0
BRDA:703,40,1,0
BRDA:734,41,0,0
BRDA:734,41,1,0
BRDA:741,42,0,0
BRDA:741,42,1,0
BRDA:749,43,0,0
BRDA:749,43,1,0
BRDA:751,44,0,0
BRDA:751,44,1,0
BRDA:753,45,0,0
BRDA:753,45,1,0
BRDA:781,46,0,0
BRDA:781,46,1,0
BRDA:792,47,0,0
BRDA:792,47,1,0
BRDA:796,48,0,0
BRDA:796,48,1,0
BRDA:797,49,0,0
BRDA:797,49,1,0
BRF:101
BRH:0
end_of_record
TN:
SF:controllers\appointmentController.js
FN:10,(anonymous_0)
FN:77,(anonymous_1)
FN:102,(anonymous_2)
FN:136,(anonymous_3)
FN:263,(anonymous_4)
FNF:5
FNH:0
FNDA:0,(anonymous_0)
FNDA:0,(anonymous_1)
FNDA:0,(anonymous_2)
FNDA:0,(anonymous_3)
FNDA:0,(anonymous_4)
DA:1,6
DA:2,6
DA:3,6
DA:10,6
DA:11,0
DA:12,0
DA:14,0
DA:15,0
DA:22,0
DA:23,0
DA:24,0
DA:31,0
DA:38,0
DA:39,0
DA:45,0
DA:56,0
DA:58,0
DA:63,0
DA:64,0
DA:77,6
DA:78,0
DA:79,0
DA:83,0
DA:89,0
DA:90,0
DA:102,6
DA:103,0
DA:104,0
DA:105,0
DA:111,0
DA:113,0
DA:117,0
DA:123,0
DA:124,0
DA:136,6
DA:137,0
DA:138,0
DA:140,0
DA:141,0
DA:142,0
DA:148,0
DA:150,0
DA:151,0
DA:158,0
DA:159,0
DA:160,0
DA:162,0
DA:163,0
DA:172,0
DA:173,0
DA:174,0
DA:179,0
DA:180,0
DA:187,0
DA:188,0
DA:189,0
DA:194,0
DA:195,0
DA:203,0
DA:204,0
DA:205,0
DA:207,0
DA:208,0
DA:216,0
DA:217,0
DA:225,0
DA:226,0
DA:227,0
DA:228,0
DA:230,0
DA:233,0
DA:234,0
DA:235,0
DA:236,0
DA:237,0
DA:238,0
DA:239,0
DA:240,0
DA:241,0
DA:244,0
DA:249,0
DA:250,0
DA:263,6
DA:264,0
DA:265,0
DA:266,0
DA:272,0
DA:277,0
DA:283,0
DA:284,0
DA:291,6
LF:91
LH:9
BRDA:14,0,0,0
BRDA:14,0,1,0
BRDA:14,1,0,0
BRDA:14,1,1,0
BRDA:14,1,2,0
BRDA:14,1,3,0
BRDA:23,2,0,0
BRDA:23,2,1,0
BRDA:23,3,0,0
BRDA:23,3,1,0
BRDA:38,4,0,0
BRDA:38,4,1,0
BRDA:104,5,0,0
BRDA:104,5,1,0
BRDA:104,6,0,0
BRDA:104,6,1,0
BRDA:111,7,0,0
BRDA:111,7,1,0
BRDA:141,8,0,0
BRDA:141,8,1,0
BRDA:141,9,0,0
BRDA:141,9,1,0
BRDA:150,10,0,0
BRDA:150,10,1,0
BRDA:162,11,0,0
BRDA:162,11,1,0
BRDA:162,12,0,0
BRDA:162,12,1,0
BRDA:162,12,2,0
BRDA:172,13,0,0
BRDA:172,13,1,0
BRDA:173,14,0,0
BRDA:173,14,1,0
BRDA:173,15,0,0
BRDA:173,15,1,0
BRDA:179,16,0,0
BRDA:179,16,1,0
BRDA:187,17,0,0
BRDA:187,17,1,0
BRDA:188,18,0,0
BRDA:188,18,1,0
BRDA:188,19,0,0
BRDA:188,19,1,0
BRDA:194,20,0,0
BRDA:194,20,1,0
BRDA:194,21,0,0
BRDA:194,21,1,0
BRDA:203,22,0,0
BRDA:203,22,1,0
BRDA:204,23,0,0
BRDA:204,23,1,0
BRDA:205,24,0,0
BRDA:205,24,1,0
BRDA:207,25,0,0
BRDA:207,25,1,0
BRDA:216,26,0,0
BRDA:216,26,1,0
BRDA:225,27,0,0
BRDA:225,27,1,0
BRDA:226,28,0,0
BRDA:226,28,1,0
BRDA:227,29,0,0
BRDA:227,29,1,0
BRDA:228,30,0,0
BRDA:228,30,1,0
BRDA:233,31,0,0
BRDA:233,31,1,0
BRDA:235,32,0,0
BRDA:235,32,1,0
BRDA:237,33,0,0
BRDA:237,33,1,0
BRDA:239,34,0,0
BRDA:239,34,1,0
BRDA:240,35,0,0
BRDA:240,35,1,0
BRDA:265,36,0,0
BRDA:265,36,1,0
BRF:77
BRH:0
end_of_record
TN:
SF:controllers\authController.js
FN:10,(anonymous_0)
FN:32,(anonymous_1)
FN:57,(anonymous_2)
FN:400,(anonymous_3)
FN:418,(anonymous_4)
FN:523,(anonymous_5)
FN:564,(anonymous_6)
FN:631,(anonymous_7)
FN:637,(anonymous_8)
FN:658,(anonymous_9)
FN:700,(anonymous_10)
FN:741,(anonymous_11)
FN:796,(anonymous_12)
FN:855,(anonymous_13)
FN:909,(anonymous_14)
FN:920,(anonymous_15)
FN:931,(anonymous_16)
FN:959,(anonymous_17)
FN:968,(anonymous_18)
FN:1025,(anonymous_19)
FN:1048,(anonymous_20)
FN:1077,(anonymous_21)
FN:1123,(anonymous_22)
FN:1140,(anonymous_23)
FNF:24
FNH:6
FNDA:7,(anonymous_0)
FNDA:3,(anonymous_1)
FNDA:10,(anonymous_2)
FNDA:0,(anonymous_3)
FNDA:1,(anonymous_4)
FNDA:1,(anonymous_5)
FNDA:0,(anonymous_6)
FNDA:0,(anonymous_7)
FNDA:0,(anonymous_8)
FNDA:0,(anonymous_9)
FNDA:0,(anonymous_10)
FNDA:0,(anonymous_11)
FNDA:1,(anonymous_12)
FNDA:0,(anonymous_13)
FNDA:0,(anonymous_14)
FNDA:0,(anonymous_15)
FNDA:0,(anonymous_16)
FNDA:0,(anonymous_17)
FNDA:0,(anonymous_18)
FNDA:0,(anonymous_19)
FNDA:0,(anonymous_20)
FNDA:0,(anonymous_21)
FNDA:0,(anonymous_22)
FNDA:0,(anonymous_23)
DA:1,6
DA:2,6
DA:3,6
DA:4,6
DA:5,6
DA:6,6
DA:7,6
DA:10,6
DA:11,7
DA:12,7
DA:13,7
DA:14,7
DA:15,7
DA:17,7
DA:18,1
DA:21,7
DA:22,2
DA:29,5
DA:32,6
DA:33,3
DA:34,3
DA:35,3
DA:36,3
DA:38,3
DA:39,2
DA:40,2
DA:42,2
DA:51,1
DA:57,6
DA:58,10
DA:82,10
DA:85,10
DA:86,0
DA:93,10
DA:94,10
DA:95,0
DA:102,10
DA:103,10
DA:104,0
DA:111,10
DA:112,10
DA:113,0
DA:120,10
DA:121,0
DA:128,10
DA:129,10
DA:130,0
DA:137,10
DA:139,7
DA:140,7
DA:141,7
DA:142,0
DA:148,7
DA:149,7
DA:150,2
DA:158,5
DA:159,0
DA:166,5
DA:167,3
DA:171,3
DA:172,2
DA:184,3
DA:192,3
DA:193,0
DA:202,6
DA:206,6
DA:207,6
DA:217,6
DA:219,0
DA:220,0
DA:221,0
DA:229,6
DA:230,3
DA:231,3
DA:243,3
DA:246,3
DA:249,3
DA:250,3
DA:253,3
DA:254,3
DA:255,3
DA:256,3
DA:258,3
DA:260,0
DA:268,0
DA:269,0
DA:270,0
DA:273,3
DA:274,3
DA:277,0
DA:278,0
DA:285,0
DA:287,0
DA:293,3
DA:294,2
DA:296,2
DA:300,2
DA:302,0
DA:309,0
DA:311,0
DA:317,1
DA:318,1
DA:320,1
DA:321,0
DA:322,0
DA:329,1
DA:330,1
DA:331,0
DA:332,0
DA:339,1
DA:348,1
DA:350,0
DA:357,0
DA:359,0
DA:368,6
DA:371,6
DA:377,6
DA:392,0
DA:393,0
DA:396,0
DA:397,0
DA:400,0
DA:407,0
DA:418,6
DA:419,1
DA:420,1
DA:423,1
DA:424,0
DA:430,1
DA:432,1
DA:433,0
DA:441,1
DA:442,0
DA:449,1
DA:450,0
DA:451,0
DA:459,1
DA:461,1
DA:463,0
DA:466,0
DA:467,0
DA:468,0
DA:469,0
DA:471,0
DA:478,0
DA:480,0
DA:481,0
DA:489,1
DA:490,1
DA:491,1
DA:494,0
DA:496,0
DA:511,1
DA:512,1
DA:523,6
DA:524,1
DA:525,1
DA:527,1
DA:528,0
DA:533,1
DA:534,1
DA:535,0
DA:536,1
DA:537,1
DA:540,0
DA:541,0
DA:544,1
DA:552,0
DA:553,0
DA:564,6
DA:565,0
DA:581,0
DA:584,0
DA:585,0
DA:586,0
DA:587,0
DA:588,0
DA:589,0
DA:590,0
DA:591,0
DA:592,0
DA:593,0
DA:595,0
DA:602,0
DA:608,0
DA:609,0
DA:615,0
DA:616,0
DA:617,0
DA:618,0
DA:619,0
DA:621,0
DA:626,0
DA:627,0
DA:628,0
DA:629,0
DA:630,0
DA:631,0
DA:636,0
DA:637,0
DA:642,0
DA:643,0
DA:644,0
DA:646,0
DA:647,0
DA:648,0
DA:650,0
DA:657,0
DA:658,0
DA:659,0
DA:662,0
DA:663,0
DA:664,0
DA:666,0
DA:667,0
DA:668,0
DA:669,0
DA:670,0
DA:671,0
DA:673,0
DA:680,0
DA:688,0
DA:689,0
DA:700,6
DA:701,0
DA:702,0
DA:703,0
DA:709,0
DA:711,0
DA:712,0
DA:718,0
DA:720,0
DA:721,0
DA:724,0
DA:729,0
DA:730,0
DA:741,6
DA:742,0
DA:743,0
DA:744,0
DA:750,0
DA:752,0
DA:753,0
DA:759,0
DA:761,0
DA:762,0
DA:763,0
DA:772,0
DA:778,0
DA:784,0
DA:785,0
DA:796,6
DA:797,1
DA:798,1
DA:800,1
DA:801,0
DA:807,1
DA:808,0
DA:815,1
DA:817,1
DA:818,0
DA:825,1
DA:827,1
DA:828,0
DA:835,1
DA:836,1
DA:838,0
DA:843,1
DA:844,1
DA:855,6
DA:856,0
DA:857,0
DA:858,0
DA:860,0
DA:861,0
DA:867,0
DA:868,0
DA:869,0
DA:870,0
DA:871,0
DA:872,0
DA:873,0
DA:874,0
DA:875,0
DA:876,0
DA:880,0
DA:882,0
DA:884,0
DA:885,0
DA:886,0
DA:887,0
DA:888,0
DA:889,0
DA:890,0
DA:891,0
DA:893,0
DA:894,0
DA:897,0
DA:899,0
DA:900,0
DA:901,0
DA:902,0
DA:903,0
DA:906,0
DA:907,0
DA:908,0
DA:909,0
DA:910,0
DA:913,0
DA:917,0
DA:918,0
DA:919,0
DA:920,0
DA:921,0
DA:924,0
DA:928,0
DA:929,0
DA:930,0
DA:931,0
DA:932,0
DA:937,0
DA:938,0
DA:939,0
DA:940,0
DA:941,0
DA:942,0
DA:943,0
DA:945,0
DA:947,0
DA:948,0
DA:949,0
DA:950,0
DA:951,0
DA:952,0
DA:953,0
DA:956,0
DA:957,0
DA:958,0
DA:959,0
DA:960,0
DA:965,0
DA:966,0
DA:967,0
DA:968,0
DA:969,0
DA:974,0
DA:975,0
DA:977,0
DA:978,0
DA:979,0
DA:980,0
DA:982,0
DA:1005,0
DA:1006,0
DA:1019,0
DA:1024,0
DA:1025,0
DA:1026,0
DA:1036,0
DA:1042,0
DA:1047,0
DA:1048,0
DA:1049,0
DA:1065,0
DA:1071,0
DA:1072,0
DA:1077,0
DA:1078,0
DA:1088,0
DA:1089,0
DA:1100,0
DA:1101,0
DA:1117,0
DA:1118,0
DA:1123,0
DA:1124,0
DA:1134,0
DA:1135,0
DA:1140,0
DA:1141,0
DA:1156,0
DA:1167,0
DA:1168,0
DA:1169,0
DA:1171,0
DA:1177,0
DA:1178,0
DA:1186,6
LF:388
LH:129
BRDA:17,0,0,1
BRDA:17,0,1,6
BRDA:17,1,0,7
BRDA:17,1,1,7
BRDA:17,1,2,2
BRDA:21,2,0,2
BRDA:21,2,1,5
BRDA:32,3,0,0
BRDA:38,4,0,2
BRDA:38,4,1,1
BRDA:85,5,0,0
BRDA:85,5,1,10
BRDA:85,6,0,10
BRDA:85,6,1,10
BRDA:85,6,2,10
BRDA:85,6,3,10
BRDA:85,6,4,10
BRDA:94,7,0,0
BRDA:94,7,1,10
BRDA:103,8,0,0
BRDA:103,8,1,10
BRDA:112,9,0,0
BRDA:112,9,1,10
BRDA:120,10,0,0
BRDA:120,10,1,10
BRDA:129,11,0,0
BRDA:129,11,1,10
BRDA:137,12,0,7
BRDA:137,12,1,3
BRDA:139,13,0,7
BRDA:139,13,1,0
BRDA:141,14,0,0
BRDA:141,14,1,7
BRDA:149,15,0,2
BRDA:149,15,1,5
BRDA:158,16,0,0
BRDA:158,16,1,5
BRDA:158,17,0,5
BRDA:158,17,1,5
BRDA:166,18,0,3
BRDA:166,18,1,2
BRDA:169,19,0,3
BRDA:169,19,1,3
BRDA:171,20,0,2
BRDA:171,20,1,1
BRDA:189,21,0,3
BRDA:189,21,1,3
BRDA:192,22,0,0
BRDA:192,22,1,3
BRDA:215,23,0,6
BRDA:215,23,1,1
BRDA:229,24,0,3
BRDA:229,24,1,3
BRDA:233,25,0,3
BRDA:233,25,1,0
BRDA:236,26,0,3
BRDA:236,26,1,3
BRDA:237,27,0,3
BRDA:237,27,1,2
BRDA:238,28,0,3
BRDA:238,28,1,3
BRDA:253,29,0,0
BRDA:253,29,1,3
BRDA:293,30,0,2
BRDA:293,30,1,1
BRDA:317,31,0,1
BRDA:317,31,1,0
BRDA:320,32,0,0
BRDA:320,32,1,1
BRDA:320,33,0,1
BRDA:320,33,1,1
BRDA:320,33,2,1
BRDA:330,34,0,0
BRDA:330,34,1,1
BRDA:342,35,0,1
BRDA:342,35,1,0
BRDA:344,36,0,1
BRDA:344,36,1,0
BRDA:345,37,0,1
BRDA:345,37,1,1
BRDA:396,38,0,0
BRDA:396,38,1,0
BRDA:423,39,0,0
BRDA:423,39,1,1
BRDA:423,40,0,1
BRDA:423,40,1,1
BRDA:432,41,0,0
BRDA:432,41,1,1
BRDA:441,42,0,0
BRDA:441,42,1,1
BRDA:449,43,0,0
BRDA:449,43,1,1
BRDA:449,44,0,1
BRDA:449,44,1,0
BRDA:461,45,0,0
BRDA:461,45,1,1
BRDA:466,46,0,0
BRDA:466,46,1,0
BRDA:527,47,0,0
BRDA:527,47,1,1
BRDA:534,48,0,0
BRDA:534,48,1,1
BRDA:536,49,0,1
BRDA:536,49,1,0
BRDA:540,50,0,0
BRDA:540,50,1,0
BRDA:585,51,0,0
BRDA:585,51,1,0
BRDA:586,52,0,0
BRDA:586,52,1,0
BRDA:587,53,0,0
BRDA:587,53,1,0
BRDA:588,54,0,0
BRDA:588,54,1,0
BRDA:589,55,0,0
BRDA:589,55,1,0
BRDA:590,56,0,0
BRDA:590,56,1,0
BRDA:592,57,0,0
BRDA:592,57,1,0
BRDA:608,58,0,0
BRDA:608,58,1,0
BRDA:615,59,0,0
BRDA:615,59,1,0
BRDA:617,60,0,0
BRDA:617,60,1,0
BRDA:618,61,0,0
BRDA:618,61,1,0
BRDA:619,62,0,0
BRDA:619,62,1,0
BRDA:626,63,0,0
BRDA:626,63,1,0
BRDA:628,64,0,0
BRDA:628,64,1,0
BRDA:629,65,0,0
BRDA:629,65,1,0
BRDA:630,66,0,0
BRDA:630,66,1,0
BRDA:633,67,0,0
BRDA:633,67,1,0
BRDA:636,68,0,0
BRDA:636,68,1,0
BRDA:639,69,0,0
BRDA:639,69,1,0
BRDA:642,70,0,0
BRDA:642,70,1,0
BRDA:646,71,0,0
BRDA:646,71,1,0
BRDA:647,72,0,0
BRDA:647,72,1,0
BRDA:648,73,0,0
BRDA:648,73,1,0
BRDA:657,74,0,0
BRDA:657,74,1,0
BRDA:662,75,0,0
BRDA:662,75,1,0
BRDA:666,76,0,0
BRDA:666,76,1,0
BRDA:667,77,0,0
BRDA:667,77,1,0
BRDA:668,78,0,0
BRDA:668,78,1,0
BRDA:669,79,0,0
BRDA:669,79,1,0
BRDA:670,80,0,0
BRDA:670,80,1,0
BRDA:671,81,0,0
BRDA:671,81,1,0
BRDA:702,82,0,0
BRDA:702,82,1,0
BRDA:711,83,0,0
BRDA:711,83,1,0
BRDA:720,84,0,0
BRDA:720,84,1,0
BRDA:743,85,0,0
BRDA:743,85,1,0
BRDA:752,86,0,0
BRDA:752,86,1,0
BRDA:761,87,0,0
BRDA:761,87,1,0
BRDA:762,88,0,0
BRDA:762,88,1,0
BRDA:774,89,0,0
BRDA:774,89,1,0
BRDA:800,90,0,0
BRDA:800,90,1,1
BRDA:800,91,0,1
BRDA:800,91,1,1
BRDA:807,92,0,0
BRDA:807,92,1,1
BRDA:817,93,0,0
BRDA:817,93,1,1
BRDA:827,94,0,0
BRDA:827,94,1,1
BRDA:857,95,0,0
BRDA:860,96,0,0
BRDA:860,96,1,0
BRDA:868,97,0,0
BRDA:868,97,1,0
BRDA:870,98,0,0
BRDA:870,98,1,0
BRDA:871,99,0,0
BRDA:871,99,1,0
BRDA:873,100,0,0
BRDA:873,100,1,0
BRDA:874,101,0,0
BRDA:874,101,1,0
BRDA:875,102,0,0
BRDA:875,102,1,0
BRDA:876,103,0,0
BRDA:876,103,1,0
BRDA:882,104,0,0
BRDA:882,104,1,0
BRDA:890,105,0,0
BRDA:890,105,1,0
BRDA:891,106,0,0
BRDA:891,106,1,0
BRDA:893,107,0,0
BRDA:893,107,1,0
BRDA:894,108,0,0
BRDA:894,108,1,0
BRDA:894,109,0,0
BRDA:894,109,1,0
BRDA:894,110,0,0
BRDA:894,110,1,0
BRDA:894,111,0,0
BRDA:894,111,1,0
BRDA:897,112,0,0
BRDA:897,112,1,0
BRDA:897,113,0,0
BRDA:897,113,1,0
BRDA:899,114,0,0
BRDA:899,114,1,0
BRDA:900,115,0,0
BRDA:900,115,1,0
BRDA:901,116,0,0
BRDA:901,116,1,0
BRDA:902,117,0,0
BRDA:902,117,1,0
BRDA:903,118,0,0
BRDA:903,118,1,0
BRDA:908,119,0,0
BRDA:908,119,1,0
BRDA:908,120,0,0
BRDA:908,120,1,0
BRDA:910,121,0,0
BRDA:910,121,1,0
BRDA:910,122,0,0
BRDA:910,122,1,0
BRDA:910,123,0,0
BRDA:910,123,1,0
BRDA:910,124,0,0
BRDA:910,124,1,0
BRDA:919,125,0,0
BRDA:919,125,1,0
BRDA:919,126,0,0
BRDA:919,126,1,0
BRDA:921,127,0,0
BRDA:921,127,1,0
BRDA:921,128,0,0
BRDA:921,128,1,0
BRDA:921,129,0,0
BRDA:921,129,1,0
BRDA:921,130,0,0
BRDA:921,130,1,0
BRDA:921,131,0,0
BRDA:921,131,1,0
BRDA:921,132,0,0
BRDA:921,132,1,0
BRDA:921,133,0,0
BRDA:921,133,1,0
BRDA:921,134,0,0
BRDA:921,134,1,0
BRDA:921,135,0,0
BRDA:921,135,1,0
BRDA:921,136,0,0
BRDA:921,136,1,0
BRDA:921,137,0,0
BRDA:921,137,1,0
BRDA:921,138,0,0
BRDA:921,138,1,0
BRDA:928,139,0,0
BRDA:928,139,1,0
BRDA:928,140,0,0
BRDA:928,140,1,0
BRDA:932,141,0,0
BRDA:932,141,1,0
BRDA:932,142,0,0
BRDA:932,142,1,0
BRDA:932,143,0,0
BRDA:932,143,1,0
BRDA:937,144,0,0
BRDA:937,144,1,0
BRDA:941,145,0,0
BRDA:941,145,1,0
BRDA:942,146,0,0
BRDA:942,146,1,0
BRDA:943,147,0,0
BRDA:943,147,1,0
BRDA:945,148,0,0
BRDA:945,148,1,0
BRDA:945,149,0,0
BRDA:945,149,1,0
BRDA:947,150,0,0
BRDA:947,150,1,0
BRDA:948,151,0,0
BRDA:948,151,1,0
BRDA:949,152,0,0
BRDA:949,152,1,0
BRDA:950,153,0,0
BRDA:950,153,1,0
BRDA:951,154,0,0
BRDA:951,154,1,0
BRDA:952,155,0,0
BRDA:952,155,1,0
BRDA:953,156,0,0
BRDA:953,156,1,0
BRDA:956,157,0,0
BRDA:956,157,1,0
BRDA:956,158,0,0
BRDA:956,158,1,0
BRDA:960,159,0,0
BRDA:960,159,1,0
BRDA:960,160,0,0
BRDA:960,160,1,0
BRDA:960,161,0,0
BRDA:960,161,1,0
BRDA:965,162,0,0
BRDA:965,162,1,0
BRDA:965,163,0,0
BRDA:965,163,1,0
BRDA:969,164,0,0
BRDA:969,164,1,0
BRDA:969,165,0,0
BRDA:969,165,1,0
BRDA:969,166,0,0
BRDA:969,166,1,0
BRDA:969,167,0,0
BRDA:969,167,1,0
BRDA:969,168,0,0
BRDA:969,168,1,0
BRDA:969,169,0,0
BRDA:969,169,1,0
BRDA:969,170,0,0
BRDA:969,170,1,0
BRDA:969,171,0,0
BRDA:969,171,1,0
BRDA:969,172,0,0
BRDA:969,172,1,0
BRDA:980,173,0,0
BRDA:980,173,1,0
BRDA:999,174,0,0
BRDA:999,174,1,0
BRDA:1000,175,0,0
BRDA:1000,175,1,0
BRDA:1001,176,0,0
BRDA:1001,176,1,0
BRDA:1001,177,0,0
BRDA:1001,177,1,0
BRDA:1001,178,0,0
BRDA:1001,178,1,0
BRDA:1001,179,0,0
BRDA:1001,179,1,0
BRDA:1001,180,0,0
BRDA:1001,180,1,0
BRDA:1005,181,0,0
BRDA:1005,181,1,0
BRDA:1005,182,0,0
BRDA:1005,182,1,0
BRDA:1010,183,0,0
BRDA:1010,183,1,0
BRDA:1011,184,0,0
BRDA:1011,184,1,0
BRDA:1012,185,0,0
BRDA:1012,185,1,0
BRDA:1013,186,0,0
BRDA:1013,186,1,0
BRDA:1014,187,0,0
BRDA:1014,187,1,0
BRDA:1020,188,0,0
BRDA:1020,188,1,0
BRDA:1024,189,0,0
BRDA:1024,189,1,0
BRDA:1024,190,0,0
BRDA:1024,190,1,0
BRDA:1028,191,0,0
BRDA:1028,191,1,0
BRDA:1029,192,0,0
BRDA:1029,192,1,0
BRDA:1030,193,0,0
BRDA:1030,193,1,0
BRDA:1031,194,0,0
BRDA:1031,194,1,0
BRDA:1043,195,0,0
BRDA:1043,195,1,0
BRDA:1047,196,0,0
BRDA:1047,196,1,0
BRDA:1047,197,0,0
BRDA:1047,197,1,0
BRDA:1050,198,0,0
BRDA:1050,198,1,0
BRDA:1051,199,0,0
BRDA:1051,199,1,0
BRDA:1052,200,0,0
BRDA:1052,200,1,0
BRDA:1053,201,0,0
BRDA:1053,201,1,0
BRDA:1054,202,0,0
BRDA:1054,202,1,0
BRDA:1055,203,0,0
BRDA:1055,203,1,0
BRDA:1056,204,0,0
BRDA:1056,204,1,0
BRDA:1056,205,0,0
BRDA:1056,205,1,0
BRDA:1057,206,0,0
BRDA:1057,206,1,0
BRDA:1058,207,0,0
BRDA:1058,207,1,0
BRDA:1059,208,0,0
BRDA:1059,208,1,0
BRDA:1060,209,0,0
BRDA:1060,209,1,0
BRDA:1071,210,0,0
BRDA:1071,210,1,0
BRDA:1071,211,0,0
BRDA:1071,211,1,0
BRDA:1079,212,0,0
BRDA:1079,212,1,0
BRDA:1080,213,0,0
BRDA:1080,213,1,0
BRDA:1081,214,0,0
BRDA:1081,214,1,0
BRDA:1088,215,0,0
BRDA:1088,215,1,0
BRDA:1094,216,0,0
BRDA:1094,216,1,0
BRDA:1095,217,0,0
BRDA:1095,217,1,0
BRDA:1096,218,0,0
BRDA:1096,218,1,0
BRDA:1100,219,0,0
BRDA:1100,219,1,0
BRDA:1100,220,0,0
BRDA:1100,220,1,0
BRDA:1105,221,0,0
BRDA:1105,221,1,0
BRDA:1106,222,0,0
BRDA:1106,222,1,0
BRDA:1107,223,0,0
BRDA:1107,223,1,0
BRDA:1108,224,0,0
BRDA:1108,224,1,0
BRDA:1109,225,0,0
BRDA:1109,225,1,0
BRDA:1110,226,0,0
BRDA:1110,226,1,0
BRDA:1111,227,0,0
BRDA:1111,227,1,0
BRDA:1112,228,0,0
BRDA:1112,228,1,0
BRDA:1117,229,0,0
BRDA:1117,229,1,0
BRDA:1117,230,0,0
BRDA:1117,230,1,0
BRDA:1125,231,0,0
BRDA:1125,231,1,0
BRDA:1126,232,0,0
BRDA:1126,232,1,0
BRDA:1127,233,0,0
BRDA:1127,233,1,0
BRDA:1134,234,0,0
BRDA:1134,234,1,0
BRDA:1134,235,0,0
BRDA:1134,235,1,0
BRDA:1142,236,0,0
BRDA:1142,236,1,0
BRDA:1143,237,0,0
BRDA:1143,237,1,0
BRDA:1144,238,0,0
BRDA:1144,238,1,0
BRDA:1144,239,0,0
BRDA:1144,239,1,0
BRDA:1145,240,0,0
BRDA:1145,240,1,0
BRDA:1146,241,0,0
BRDA:1146,241,1,0
BRDA:1147,242,0,0
BRDA:1147,242,1,0
BRDA:1148,243,0,0
BRDA:1148,243,1,0
BRDA:1149,244,0,0
BRDA:1149,244,1,0
BRF:493
BRH:79
end_of_record
TN:
SF:controllers\chatbotController.js
FN:10,(anonymous_0)
FN:88,(anonymous_1)
FN:124,(anonymous_2)
FNF:3
FNH:1
FNDA:2,(anonymous_0)
FNDA:0,(anonymous_1)
FNDA:0,(anonymous_2)
DA:1,6
DA:2,6
DA:3,6
DA:10,6
DA:11,2
DA:12,2
DA:14,2
DA:15,0
DA:22,2
DA:23,2
DA:24,0
DA:28,0
DA:32,2
DA:39,2
DA:45,2
DA:48,2
DA:49,1
DA:63,2
DA:74,0
DA:75,0
DA:88,6
DA:89,0
DA:90,0
DA:92,0
DA:93,0
DA:94,0
DA:97,0
DA:102,0
DA:110,0
DA:111,0
DA:124,6
DA:125,0
DA:126,0
DA:127,0
DA:134,0
DA:135,0
DA:142,6
LF:37
LH:18
BRDA:14,0,0,0
BRDA:14,0,1,2
BRDA:14,1,0,2
BRDA:14,1,1,2
BRDA:23,2,0,0
BRDA:23,2,1,2
BRDA:34,3,0,2
BRDA:34,3,1,1
BRDA:41,4,0,2
BRDA:41,4,1,1
BRDA:45,5,0,2
BRDA:45,5,1,2
BRDA:48,6,0,1
BRDA:48,6,1,1
BRDA:90,7,0,0
BRDA:93,8,0,0
BRDA:93,8,1,0
BRDA:126,9,0,0
BRDA:126,9,1,0
BRF:19
BRH:12
end_of_record
TN:
SF:controllers\connectionController.js
FN:10,(anonymous_0)
FN:57,(anonymous_1)
FN:75,(anonymous_2)
FN:118,(anonymous_3)
FN:146,(anonymous_4)
FNF:5
FNH:0
FNDA:0,(anonymous_0)
FNDA:0,(anonymous_1)
FNDA:0,(anonymous_2)
FNDA:0,(anonymous_3)
FNDA:0,(anonymous_4)
DA:1,6
DA:2,6
DA:3,6
DA:4,6
DA:10,6
DA:11,0
DA:12,0
DA:13,0
DA:15,0
DA:16,0
DA:17,0
DA:22,0
DA:23,0
DA:24,0
DA:25,0
DA:26,0
DA:27,0
DA:29,0
DA:32,0
DA:33,0
DA:34,0
DA:37,0
DA:45,0
DA:47,0
DA:49,0
DA:57,6
DA:58,0
DA:59,0
DA:60,0
DA:65,0
DA:67,0
DA:75,6
DA:76,0
DA:77,0
DA:78,0
DA:79,0
DA:82,0
DA:83,0
DA:84,0
DA:88,0
DA:89,0
DA:93,0
DA:96,0
DA:97,0
DA:100,0
DA:101,0
DA:104,0
DA:105,0
DA:108,0
DA:110,0
DA:118,6
DA:119,0
DA:120,0
DA:121,0
DA:122,0
DA:125,0
DA:126,0
DA:131,0
DA:133,0
DA:138,0
DA:146,6
DA:147,0
DA:148,0
DA:149,0
DA:150,0
DA:155,0
DA:157,0
DA:162,0
LF:68
LH:9
BRDA:16,0,0,0
BRDA:16,0,1,0
BRDA:22,1,0,0
BRDA:22,1,1,0
BRDA:22,2,0,0
BRDA:22,2,1,0
BRDA:25,3,0,0
BRDA:25,3,1,0
BRDA:25,4,0,0
BRDA:25,4,1,0
BRDA:33,5,0,0
BRDA:33,5,1,0
BRDA:59,6,0,0
BRDA:59,6,1,0
BRDA:78,7,0,0
BRDA:78,7,1,0
BRDA:83,8,0,0
BRDA:83,8,1,0
BRDA:88,9,0,0
BRDA:88,9,1,0
BRDA:93,10,0,0
BRDA:93,10,1,0
BRDA:93,10,2,0
BRDA:93,10,3,0
BRDA:96,11,0,0
BRDA:96,11,1,0
BRDA:104,12,0,0
BRDA:104,12,1,0
BRDA:121,13,0,0
BRDA:121,13,1,0
BRDA:121,14,0,0
BRDA:121,14,1,0
BRDA:125,15,0,0
BRDA:125,15,1,0
BRDA:149,16,0,0
BRDA:149,16,1,0
BRF:36
BRH:0
end_of_record
TN:
SF:controllers\doctorController.js
FN:9,(anonymous_0)
FN:29,(anonymous_1)
FN:53,(anonymous_2)
FN:68,(anonymous_3)
FN:115,(anonymous_4)
FN:131,(anonymous_5)
FN:168,(anonymous_6)
FN:201,(anonymous_7)
FN:213,(anonymous_8)
FN:261,(anonymous_9)
FN:277,(anonymous_10)
FN:290,(anonymous_11)
FN:301,(anonymous_12)
FN:321,(anonymous_13)
FNF:14
FNH:0
FNDA:0,(anonymous_0)
FNDA:0,(anonymous_1)
FNDA:0,(anonymous_2)
FNDA:0,(anonymous_3)
FNDA:0,(anonymous_4)
FNDA:0,(anonymous_5)
FNDA:0,(anonymous_6)
FNDA:0,(anonymous_7)
FNDA:0,(anonymous_8)
FNDA:0,(anonymous_9)
FNDA:0,(anonymous_10)
FNDA:0,(anonymous_11)
FNDA:0,(anonymous_12)
FNDA:0,(anonymous_13)
DA:1,6
DA:2,6
DA:3,6
DA:4,6
DA:9,6
DA:10,0
DA:11,0
DA:21,0
DA:22,0
DA:29,0
DA:31,0
DA:40,0
DA:41,0
DA:42,0
DA:53,6
DA:54,0
DA:55,0
DA:57,0
DA:59,0
DA:60,0
DA:67,0
DA:68,0
DA:71,0
DA:72,0
DA:79,0
DA:84,0
DA:85,0
DA:91,0
DA:102,0
DA:103,0
DA:104,0
DA:115,6
DA:116,0
DA:117,0
DA:118,0
DA:120,0
DA:122,0
DA:123,0
DA:130,0
DA:131,0
DA:134,0
DA:135,0
DA:142,0
DA:143,0
DA:145,0
DA:147,0
DA:155,0
DA:156,0
DA:157,0
DA:168,6
DA:169,0
DA:170,0
DA:174,0
DA:175,0
DA:181,0
DA:188,0
DA:189,0
DA:190,0
DA:201,6
DA:202,0
DA:203,0
DA:205,0
DA:206,0
DA:213,0
DA:216,0
DA:217,0
DA:218,0
DA:220,0
DA:221,0
DA:222,0
DA:228,0
DA:235,0
DA:246,0
DA:247,0
DA:248,0
DA:256,6
DA:261,6
DA:262,0
DA:263,0
DA:264,0
DA:266,0
DA:268,0
DA:269,0
DA:276,0
DA:277,0
DA:280,0
DA:281,0
DA:288,0
DA:289,0
DA:290,0
DA:295,0
DA:296,0
DA:297,0
DA:299,0
DA:300,0
DA:301,0
DA:307,0
DA:313,0
DA:314,0
DA:321,0
DA:322,0
DA:325,0
DA:327,0
DA:333,0
DA:334,0
DA:342,6
LF:106
LH:12
BRDA:21,0,0,0
BRDA:21,0,1,0
BRDA:59,1,0,0
BRDA:59,1,1,0
BRDA:68,2,0,0
BRDA:68,2,1,0
BRDA:71,3,0,0
BRDA:71,3,1,0
BRDA:84,4,0,0
BRDA:84,4,1,0
BRDA:122,5,0,0
BRDA:122,5,1,0
BRDA:131,6,0,0
BRDA:131,6,1,0
BRDA:134,7,0,0
BRDA:134,7,1,0
BRDA:174,8,0,0
BRDA:174,8,1,0
BRDA:205,9,0,0
BRDA:205,9,1,0
BRDA:222,10,0,0
BRDA:222,10,1,0
BRDA:223,11,0,0
BRDA:223,11,1,0
BRDA:223,11,2,0
BRDA:223,11,3,0
BRDA:268,12,0,0
BRDA:268,12,1,0
BRDA:277,13,0,0
BRDA:277,13,1,0
BRDA:280,14,0,0
BRDA:280,14,1,0
BRDA:289,15,0,0
BRDA:289,15,1,0
BRDA:292,16,0,0
BRDA:292,16,1,0
BRDA:295,17,0,0
BRDA:295,17,1,0
BRDA:299,18,0,0
BRDA:299,18,1,0
BRDA:300,19,0,0
BRDA:300,19,1,0
BRDA:303,20,0,0
BRDA:303,20,1,0
BRDA:313,21,0,0
BRDA:313,21,1,0
BRF:46
BRH:0
end_of_record
TN:
SF:controllers\donorController.js
FN:9,(anonymous_0)
FN:88,(anonymous_1)
FN:141,(anonymous_2)
FNF:3
FNH:0
FNDA:0,(anonymous_0)
FNDA:0,(anonymous_1)
FNDA:0,(anonymous_2)
DA:1,6
DA:2,6
DA:3,6
DA:4,6
DA:9,6
DA:10,0
DA:11,0
DA:14,0
DA:16,0
DA:17,0
DA:23,0
DA:24,0
DA:31,0
DA:32,0
DA:33,0
DA:35,0
DA:36,0
DA:38,0
DA:39,0
DA:42,0
DA:44,0
DA:51,0
DA:52,0
DA:54,0
DA:55,0
DA:57,0
DA:58,0
DA:61,0
DA:67,0
DA:76,0
DA:77,0
DA:88,6
DA:89,0
DA:90,0
DA:95,0
DA:96,0
DA:104,0
DA:105,0
DA:107,0
DA:113,0
DA:121,0
DA:129,0
DA:130,0
DA:141,6
DA:142,0
DA:143,0
DA:147,0
DA:148,0
DA:156,0
DA:157,0
DA:159,0
DA:165,0
DA:173,0
DA:181,0
DA:182,0
DA:190,6
LF:56
LH:8
BRDA:16,0,0,0
BRDA:16,0,1,0
BRDA:23,1,0,0
BRDA:23,1,1,0
BRDA:23,2,0,0
BRDA:23,2,1,0
BRDA:32,3,0,0
BRDA:32,3,1,0
BRDA:35,4,0,0
BRDA:35,4,1,0
BRDA:38,5,0,0
BRDA:38,5,1,0
BRDA:45,6,0,0
BRDA:45,6,1,0
BRDA:51,7,0,0
BRDA:51,7,1,0
BRDA:54,8,0,0
BRDA:54,8,1,0
BRDA:57,9,0,0
BRDA:57,9,1,0
BRDA:95,10,0,0
BRDA:95,10,1,0
BRDA:147,11,0,0
BRDA:147,11,1,0
BRF:24
BRH:0
end_of_record
TN:
SF:controllers\externalController.js
FN:10,(anonymous_0)
FN:47,(anonymous_1)
FNF:2
FNH:0
FNDA:0,(anonymous_0)
FNDA:0,(anonymous_1)
DA:1,6
DA:2,6
DA:3,6
DA:10,6
DA:11,0
DA:12,0
DA:14,0
DA:15,0
DA:21,0
DA:22,0
DA:24,0
DA:33,0
DA:34,0
DA:47,6
DA:48,0
DA:49,0
DA:51,0
DA:52,0
DA:59,0
DA:60,0
DA:61,0
DA:68,0
DA:71,0
DA:77,0
DA:79,0
DA:94,0
DA:95,0
DA:103,6
LF:28
LH:6
BRDA:14,0,0,0
BRDA:14,0,1,0
BRDA:51,1,0,0
BRDA:51,1,1,0
BRDA:60,2,0,0
BRDA:60,2,1,0
BRF:6
BRH:0
end_of_record
TN:
SF:controllers\matchController.js
FN:12,(anonymous_0)
FN:58,(anonymous_1)
FN:84,(anonymous_2)
FN:111,(anonymous_3)
FN:138,(anonymous_4)
FN:162,(anonymous_5)
FN:187,(anonymous_6)
FN:223,(anonymous_7)
FNF:8
FNH:0
FNDA:0,(anonymous_0)
FNDA:0,(anonymous_1)
FNDA:0,(anonymous_2)
FNDA:0,(anonymous_3)
FNDA:0,(anonymous_4)
FNDA:0,(anonymous_5)
FNDA:0,(anonymous_6)
FNDA:0,(anonymous_7)
DA:1,6
DA:2,6
DA:3,6
DA:4,6
DA:5,6
DA:12,6
DA:13,0
DA:14,0
DA:16,0
DA:17,0
DA:24,0
DA:26,0
DA:27,0
DA:34,0
DA:38,0
DA:45,0
DA:47,0
DA:48,0
DA:54,0
DA:58,0
DA:70,0
DA:71,0
DA:84,6
DA:85,0
DA:86,0
DA:88,0
DA:89,0
DA:96,0
DA:108,0
DA:111,0
DA:124,0
DA:125,0
DA:138,6
DA:139,0
DA:140,0
DA:142,0
DA:143,0
DA:149,0
DA:159,0
DA:162,0
DA:173,0
DA:174,0
DA:187,6
DA:188,0
DA:189,0
DA:190,0
DA:192,0
DA:193,0
DA:199,0
DA:200,0
DA:201,0
DA:207,0
DA:209,0
DA:210,0
DA:216,0
DA:217,0
DA:218,0
DA:219,0
DA:222,0
DA:223,0
DA:224,0
DA:228,0
DA:234,0
DA:235,0
DA:243,6
LF:65
LH:10
BRDA:16,0,0,0
BRDA:16,0,1,0
BRDA:26,1,0,0
BRDA:26,1,1,0
BRDA:34,2,0,0
BRDA:34,2,1,0
BRDA:35,3,0,0
BRDA:35,3,1,0
BRDA:47,4,0,0
BRDA:47,4,1,0
BRDA:88,5,0,0
BRDA:88,5,1,0
BRDA:142,6,0,0
BRDA:142,6,1,0
BRDA:192,7,0,0
BRDA:192,7,1,0
BRDA:200,8,0,0
BRDA:200,8,1,0
BRDA:209,9,0,0
BRDA:209,9,1,0
BRDA:217,10,0,0
BRDA:217,10,1,0
BRDA:222,11,0,0
BRDA:222,11,1,0
BRF:24
BRH:0
end_of_record
TN:
SF:controllers\notificationController.js
FN:10,(anonymous_0)
FN:56,(anonymous_1)
FN:90,(anonymous_2)
FN:134,(anonymous_3)
FN:175,(anonymous_4)
FNF:5
FNH:0
FNDA:0,(anonymous_0)
FNDA:0,(anonymous_1)
FNDA:0,(anonymous_2)
FNDA:0,(anonymous_3)
FNDA:0,(anonymous_4)
DA:1,6
DA:2,6
DA:3,6
DA:10,6
DA:11,0
DA:12,0
DA:14,0
DA:15,0
DA:21,0
DA:29,0
DA:30,0
DA:36,0
DA:42,0
DA:43,0
DA:56,6
DA:57,0
DA:58,0
DA:60,0
DA:61,0
DA:62,0
DA:64,0
DA:68,0
DA:76,0
DA:77,0
DA:90,6
DA:91,0
DA:92,0
DA:94,0
DA:96,0
DA:97,0
DA:103,0
DA:104,0
DA:110,0
DA:111,0
DA:112,0
DA:114,0
DA:120,0
DA:121,0
DA:134,6
DA:135,0
DA:136,0
DA:138,0
DA:140,0
DA:141,0
DA:147,0
DA:148,0
DA:154,0
DA:156,0
DA:161,0
DA:162,0
DA:175,6
DA:176,0
DA:177,0
DA:182,0
DA:187,0
DA:188,0
DA:196,6
LF:57
LH:9
BRDA:14,0,0,0
BRDA:14,0,1,0
BRDA:14,1,0,0
BRDA:14,1,1,0
BRDA:14,1,2,0
BRDA:14,1,3,0
BRDA:29,2,0,0
BRDA:29,2,1,0
BRDA:38,3,0,0
BRDA:38,3,1,0
BRDA:58,4,0,0
BRDA:61,5,0,0
BRDA:61,5,1,0
BRDA:62,6,0,0
BRDA:62,6,1,0
BRDA:96,7,0,0
BRDA:96,7,1,0
BRDA:103,8,0,0
BRDA:103,8,1,0
BRDA:140,9,0,0
BRDA:140,9,1,0
BRDA:147,10,0,0
BRDA:147,10,1,0
BRF:23
BRH:0
end_of_record
TN:
SF:controllers\publicController.js
FN:10,(anonymous_0)
FN:58,(anonymous_1)
FN:72,(anonymous_2)
FN:73,(anonymous_3)
FN:104,(anonymous_4)
FN:150,(anonymous_5)
FN:180,(anonymous_6)
FN:187,(anonymous_7)
FN:188,(anonymous_8)
FNF:9
FNH:3
FNDA:2,(anonymous_0)
FNDA:1,(anonymous_1)
FNDA:1,(anonymous_2)
FNDA:0,(anonymous_3)
FNDA:0,(anonymous_4)
FNDA:0,(anonymous_5)
FNDA:0,(anonymous_6)
FNDA:0,(anonymous_7)
FNDA:0,(anonymous_8)
DA:1,6
DA:2,6
DA:3,6
DA:10,6
DA:11,2
DA:20,2
DA:30,2
DA:44,0
DA:45,0
DA:58,6
DA:59,1
DA:60,1
DA:62,1
DA:71,1
DA:72,1
DA:73,0
DA:82,1
DA:90,0
DA:91,0
DA:104,6
DA:105,0
DA:106,0
DA:115,0
DA:124,0
DA:136,0
DA:144,0
DA:150,0
DA:164,0
DA:165,0
DA:173,6
DA:180,6
DA:181,0
DA:182,0
DA:186,0
DA:187,0
DA:188,0
DA:198,0
DA:203,0
DA:204,0
DA:211,6
LF:40
LH:18
BRDA:60,0,0,1
BRDA:60,0,1,1
BRDA:76,1,0,0
BRDA:76,1,1,0
BRDA:193,2,0,0
BRDA:193,2,1,0
BRF:6
BRH:2
end_of_record
TN:
SF:controllers\requestController.js
FN:8,(anonymous_0)
FN:79,(anonymous_1)
FN:113,(anonymous_2)
FN:148,(anonymous_3)
FN:193,(anonymous_4)
FN:261,(anonymous_5)
FN:300,(anonymous_6)
FNF:7
FNH:0
FNDA:0,(anonymous_0)
FNDA:0,(anonymous_1)
FNDA:0,(anonymous_2)
FNDA:0,(anonymous_3)
FNDA:0,(anonymous_4)
FNDA:0,(anonymous_5)
FNDA:0,(anonymous_6)
DA:1,6
DA:2,6
DA:3,6
DA:8,6
DA:9,0
DA:17,0
DA:20,0
DA:21,0
DA:27,0
DA:28,0
DA:29,0
DA:35,0
DA:36,0
DA:42,0
DA:43,0
DA:49,0
DA:54,0
DA:55,0
DA:66,0
DA:78,0
DA:79,0
DA:80,0
DA:84,0
DA:86,0
DA:94,0
DA:97,0
DA:98,0
DA:103,0
DA:113,6
DA:114,0
DA:115,0
DA:118,0
DA:119,0
DA:124,0
DA:129,0
DA:137,0
DA:138,0
DA:148,6
DA:149,0
DA:150,0
DA:153,0
DA:154,0
DA:155,0
DA:156,0
DA:158,0
DA:164,0
DA:173,0
DA:182,0
DA:183,0
DA:193,6
DA:194,0
DA:195,0
DA:197,0
DA:199,0
DA:200,0
DA:206,0
DA:210,0
DA:216,0
DA:217,0
DA:222,0
DA:223,0
DA:229,0
DA:230,0
DA:231,0
DA:233,0
DA:236,0
DA:239,0
DA:240,0
DA:242,0
DA:250,0
DA:251,0
DA:261,6
DA:262,0
DA:263,0
DA:265,0
DA:269,0
DA:270,0
DA:276,0
DA:280,0
DA:285,0
DA:292,0
DA:293,0
DA:300,6
DA:301,0
DA:302,0
DA:303,0
DA:305,0
DA:306,0
DA:307,0
DA:310,0
DA:311,0
DA:313,0
DA:319,0
DA:323,6
LF:94
LH:10
BRDA:20,0,0,0
BRDA:20,0,1,0
BRDA:20,1,0,0
BRDA:20,1,1,0
BRDA:28,2,0,0
BRDA:28,2,1,0
BRDA:35,3,0,0
BRDA:35,3,1,0
BRDA:35,4,0,0
BRDA:35,4,1,0
BRDA:42,5,0,0
BRDA:42,5,1,0
BRDA:54,6,0,0
BRDA:54,6,1,0
BRDA:70,7,0,0
BRDA:70,7,1,0
BRDA:97,8,0,0
BRDA:97,8,1,0
BRDA:118,9,0,0
BRDA:118,9,1,0
BRDA:118,10,0,0
BRDA:118,10,1,0
BRDA:154,11,0,0
BRDA:154,11,1,0
BRDA:155,12,0,0
BRDA:155,12,1,0
BRDA:156,13,0,0
BRDA:156,13,1,0
BRDA:199,14,0,0
BRDA:199,14,1,0
BRDA:206,15,0,0
BRDA:206,15,1,0
BRDA:207,16,0,0
BRDA:207,16,1,0
BRDA:216,17,0,0
BRDA:216,17,1,0
BRDA:222,18,0,0
BRDA:222,18,1,0
BRDA:269,19,0,0
BRDA:269,19,1,0
BRDA:276,20,0,0
BRDA:276,20,1,0
BRDA:277,21,0,0
BRDA:277,21,1,0
BRDA:306,22,0,0
BRDA:306,22,1,0
BRF:46
BRH:0
end_of_record
TN:
SF:middleware\authMiddleware.js
FN:5,(anonymous_0)
FN:38,(anonymous_1)
FNF:2
FNH:2
FNDA:5,(anonymous_0)
FNDA:2,(anonymous_1)
DA:1,6
DA:2,6
DA:5,6
DA:9,5
DA:10,5
DA:12,5
DA:15,5
DA:18,5
DA:20,5
DA:21,3
DA:24,2
DA:25,0
DA:28,2
DA:30,0
DA:31,0
DA:34,0
DA:38,6
DA:41,2
DA:42,1
DA:43,1
DA:44,1
DA:45,1
DA:50,2
DA:53,6
LF:24
LH:20
BRDA:9,0,0,5
BRDA:9,0,1,0
BRDA:9,1,0,5
BRDA:9,1,1,5
BRDA:20,2,0,3
BRDA:20,2,1,2
BRDA:24,3,0,0
BRDA:24,3,1,2
BRDA:41,4,0,1
BRDA:41,4,1,1
BRDA:41,5,0,2
BRDA:41,5,1,1
BRF:12
BRH:10
end_of_record
TN:
SF:middleware\errorHandler.js
FN:2,(anonymous_0)
FN:25,(anonymous_1)
FNF:2
FNH:0
FNDA:0,(anonymous_0)
FNDA:0,(anonymous_1)
DA:2,6
DA:3,0
DA:4,0
DA:7,0
DA:8,0
DA:12,0
DA:13,0
DA:14,0
DA:18,0
DA:19,0
DA:20,0
DA:24,0
DA:25,0
DA:26,0
DA:30,0
DA:31,0
DA:32,0
DA:35,0
DA:36,0
DA:37,0
DA:40,0
DA:47,6
LF:22
LH:2
BRDA:7,0,0,0
BRDA:7,0,1,0
BRDA:12,1,0,0
BRDA:12,1,1,0
BRDA:18,2,0,0
BRDA:18,2,1,0
BRDA:24,3,0,0
BRDA:24,3,1,0
BRDA:30,4,0,0
BRDA:30,4,1,0
BRDA:35,5,0,0
BRDA:35,5,1,0
BRDA:40,6,0,0
BRDA:40,6,1,0
BRDA:42,7,0,0
BRDA:42,7,1,0
BRDA:43,8,0,0
BRDA:43,8,1,0
BRF:18
BRH:0
end_of_record
TN:
SF:middleware\rateLimiter.js
FN:18,(anonymous_0)
FN:38,(anonymous_1)
FN:50,(anonymous_2)
FNF:3
FNH:1
FNDA:0,(anonymous_0)
FNDA:0,(anonymous_1)
FNDA:2,(anonymous_2)
DA:1,6
DA:7,6
DA:19,0
DA:27,6
DA:39,0
DA:47,6
DA:52,2
DA:53,1
DA:56,1
DA:71,6
LF:10
LH:8
BRDA:52,0,0,1
BRDA:52,0,1,1
BRDA:52,1,0,2
BRDA:52,1,1,1
BRF:4
BRH:4
end_of_record
TN:
SF:middleware\roleMiddleware.js
FN:2,(anonymous_0)
FN:3,(anonymous_1)
FNF:2
FNH:1
FNDA:54,(anonymous_0)
FNDA:0,(anonymous_1)
DA:2,6
DA:3,54
DA:4,0
DA:5,0
DA:8,0
DA:9,0
DA:14,0
DA:18,6
LF:8
LH:3
BRDA:4,0,0,0
BRDA:4,0,1,0
BRDA:8,1,0,0
BRDA:8,1,1,0
BRF:4
BRH:0
end_of_record
TN:
SF:models\appointmentModel.js
FNF:0
FNH:0
DA:1,6
DA:3,6
DA:49,6
DA:50,6
DA:51,6
DA:53,6
DA:55,6
LF:7
LH:7
BRF:0
BRH:0
end_of_record
TN:
SF:models\chatbotLogModel.js
FNF:0
FNH:0
DA:1,6
DA:3,6
DA:58,6
DA:59,6
DA:61,6
DA:63,6
LF:6
LH:6
BRF:0
BRH:0
end_of_record
TN:
SF:models\connectionModel.js
FNF:0
FNH:0
DA:1,6
DA:3,6
DA:40,6
DA:42,6
DA:44,6
LF:5
LH:5
BRF:0
BRH:0
end_of_record
TN:
SF:models\doctorModel.js
FN:143,(anonymous_0)
FN:144,(anonymous_1)
FN:148,(anonymous_2)
FN:151,(anonymous_3)
FN:171,(anonymous_4)
FN:173,(anonymous_5)
FN:185,(anonymous_6)
FN:187,(anonymous_7)
FNF:8
FNH:0
FNDA:0,(anonymous_0)
FNDA:0,(anonymous_1)
FNDA:0,(anonymous_2)
FNDA:0,(anonymous_3)
FNDA:0,(anonymous_4)
FNDA:0,(anonymous_5)
FNDA:0,(anonymous_6)
FNDA:0,(anonymous_7)
DA:1,6
DA:7,6
DA:139,6
DA:140,6
DA:143,6
DA:144,0
DA:148,6
DA:150,0
DA:151,0
DA:154,0
DA:155,0
DA:158,0
DA:166,0
DA:167,0
DA:171,6
DA:172,0
DA:173,0
DA:176,0
DA:177,0
DA:180,0
DA:181,0
DA:185,6
DA:186,0
DA:187,0
DA:190,0
DA:191,0
DA:194,0
DA:195,0
DA:198,6
DA:200,6
LF:30
LH:10
BRDA:148,0,0,0
BRDA:151,1,0,0
BRDA:151,1,1,0
BRDA:154,2,0,0
BRDA:154,2,1,0
BRDA:173,3,0,0
BRDA:173,3,1,0
BRDA:176,4,0,0
BRDA:176,4,1,0
BRDA:187,5,0,0
BRDA:187,5,1,0
BRDA:190,6,0,0
BRDA:190,6,1,0
BRF:13
BRH:0
end_of_record
TN:
SF:models\donorHistoryModel.js
FNF:0
FNH:0
DA:1,6
DA:3,6
DA:44,6
DA:45,6
DA:47,6
DA:49,6
LF:6
LH:6
BRF:0
BRH:0
end_of_record
TN:
SF:models\donorModel.js
FN:20,(anonymous_0)
FN:126,(anonymous_1)
FN:138,(anonymous_2)
FN:206,(anonymous_3)
FN:216,(anonymous_4)
FN:224,(anonymous_5)
FN:235,(anonymous_6)
FNF:7
FNH:4
FNDA:11,(anonymous_0)
FNDA:6,(anonymous_1)
FNDA:8,(anonymous_2)
FNDA:0,(anonymous_3)
FNDA:0,(anonymous_4)
FNDA:11,(anonymous_5)
FNDA:0,(anonymous_6)
DA:1,6
DA:7,6
DA:22,11
DA:23,11
DA:24,11
DA:25,11
DA:26,11
DA:27,11
DA:127,6
DA:128,4
DA:139,8
DA:199,6
DA:200,6
DA:201,6
DA:202,6
DA:203,6
DA:206,6
DA:207,0
DA:208,0
DA:209,0
DA:210,0
DA:211,0
DA:212,0
DA:216,6
DA:217,0
DA:218,0
DA:219,0
DA:220,0
DA:224,6
DA:225,11
DA:226,5
DA:227,5
DA:228,5
DA:229,5
DA:231,11
DA:235,6
DA:236,0
DA:238,0
DA:239,0
DA:241,0
DA:247,6
DA:249,6
LF:42
LH:28
BRDA:26,0,0,0
BRDA:26,0,1,11
BRDA:26,1,0,11
BRDA:26,1,1,11
BRDA:26,1,2,2
BRDA:127,2,0,2
BRDA:127,2,1,4
BRDA:207,3,0,0
BRDA:207,3,1,0
BRDA:212,4,0,0
BRDA:212,4,1,0
BRDA:212,5,0,0
BRDA:212,5,1,0
BRDA:212,5,2,0
BRDA:217,6,0,0
BRDA:217,6,1,0
BRDA:225,7,0,5
BRDA:225,7,1,6
BRDA:236,8,0,0
BRDA:236,8,1,0
BRDA:241,9,0,0
BRDA:241,9,1,0
BRDA:241,9,2,0
BRDA:241,9,3,0
BRF:24
BRH:8
end_of_record
TN:
SF:models\matchLogModel.js
FNF:0
FNH:0
DA:1,6
DA:3,6
DA:46,6
DA:47,6
DA:48,6
DA:50,6
DA:52,6
LF:7
LH:7
BRF:0
BRH:0
end_of_record
TN:
SF:models\notificationModel.js
FNF:0
FNH:0
DA:1,6
DA:3,6
DA:69,6
DA:70,6
DA:71,6
DA:73,6
DA:75,6
LF:7
LH:7
BRF:0
BRH:0
end_of_record
TN:
SF:models\patientModel.js
FN:22,(anonymous_0)
FN:62,(anonymous_1)
FN:228,(anonymous_2)
FN:236,(anonymous_3)
FN:242,(anonymous_4)
FN:254,(anonymous_5)
FN:259,(anonymous_6)
FN:263,(anonymous_7)
FNF:8
FNH:1
FNDA:0,(anonymous_0)
FNDA:0,(anonymous_1)
FNDA:0,(anonymous_2)
FNDA:0,(anonymous_3)
FNDA:0,(anonymous_4)
FNDA:0,(anonymous_5)
FNDA:7,(anonymous_6)
FNDA:0,(anonymous_7)
DA:1,6
DA:7,6
DA:23,0
DA:63,0
DA:64,0
DA:224,6
DA:225,6
DA:228,6
DA:229,0
DA:230,0
DA:231,0
DA:232,0
DA:236,6
DA:237,0
DA:238,0
DA:241,0
DA:242,0
DA:245,0
DA:246,0
DA:247,0
DA:248,0
DA:249,0
DA:250,0
DA:254,0
DA:255,0
DA:259,6
DA:261,7
DA:262,0
DA:263,0
DA:265,0
DA:268,0
DA:270,7
DA:273,6
DA:275,6
LF:34
LH:11
BRDA:63,0,0,0
BRDA:63,0,1,0
BRDA:229,1,0,0
BRDA:229,1,1,0
BRDA:237,2,0,0
BRDA:237,2,1,0
BRDA:237,3,0,0
BRDA:237,3,1,0
BRDA:261,4,0,0
BRDA:261,4,1,7
BRDA:261,5,0,7
BRDA:261,5,1,7
BRF:12
BRH:3
end_of_record
TN:
SF:models\requestModel.js
FNF:0
FNH:0
DA:1,6
DA:3,6
DA:66,6
DA:67,6
DA:68,6
DA:69,6
DA:71,6
DA:73,6
LF:8
LH:8
BRF:0
BRH:0
end_of_record
TN:
SF:models\userModel.js
FN:42,(anonymous_0)
FN:127,(anonymous_1)
FN:137,(anonymous_2)
FN:142,(anonymous_3)
FNF:4
FNH:3
FNDA:0,(anonymous_0)
FNDA:28,(anonymous_1)
FNDA:2,(anonymous_2)
FNDA:16,(anonymous_3)
DA:1,6
DA:2,6
DA:4,6
DA:45,0
DA:48,0
DA:49,0
DA:53,0
DA:56,0
DA:72,0
DA:127,6
DA:128,28
DA:129,1
DA:131,27
DA:132,27
DA:133,27
DA:137,6
DA:138,2
DA:142,6
DA:143,16
DA:144,16
DA:151,6
DA:153,6
LF:22
LH:16
BRDA:48,0,0,0
BRDA:48,0,1,0
BRDA:48,1,0,0
BRDA:48,1,1,0
BRDA:128,2,0,1
BRDA:128,2,1,27
BRF:6
BRH:2
end_of_record
TN:
SF:routes\adminRoutes.js
FNF:0
FNH:0
DA:1,6
DA:2,6
DA:17,6
DA:18,6
DA:19,6
DA:22,6
DA:23,6
DA:26,6
DA:27,6
DA:32,6
DA:37,6
DA:42,6
DA:47,6
DA:52,6
DA:57,6
DA:62,6
DA:67,6
DA:72,6
DA:77,6
DA:81,6
DA:84,6
DA:87,6
DA:89,6
LF:23
LH:23
BRF:0
BRH:0
end_of_record
TN:
SF:routes\appointmentRoutes.js
FNF:0
FNH:0
DA:1,6
DA:2,6
DA:3,6
DA:10,6
DA:12,6
DA:16,6
DA:20,6
DA:24,6
DA:28,6
DA:32,6
DA:34,6
LF:11
LH:11
BRF:0
BRH:0
end_of_record
TN:
SF:routes\authRoutes.js
FNF:0
FNH:0
DA:1,6
DA:2,6
DA:12,6
DA:13,6
DA:14,6
DA:19,6
DA:24,6
DA:29,6
DA:34,6
DA:39,6
DA:44,6
DA:49,6
DA:54,6
DA:59,6
DA:61,6
LF:15
LH:15
BRF:0
BRH:0
end_of_record
TN:
SF:routes\chatbotRoutes.js
FNF:0
FNH:0
DA:1,6
DA:2,6
DA:3,6
DA:4,6
DA:5,6
DA:6,6
DA:7,6
DA:12,6
DA:26,6
DA:31,6
DA:33,6
LF:11
LH:11
BRF:0
BRH:0
end_of_record
TN:
SF:routes\connectionRoutes.js
FNF:0
FNH:0
DA:1,6
DA:2,6
DA:3,6
DA:10,6
DA:12,6
DA:14,6
DA:15,6
DA:16,6
DA:17,6
DA:18,6
DA:20,6
LF:11
LH:11
BRF:0
BRH:0
end_of_record
TN:
SF:routes\doctorRoutes.js
FNF:0
FNH:0
DA:1,6
DA:2,6
DA:3,6
DA:4,6
DA:12,6
DA:15,6
DA:16,6
DA:20,6
DA:24,6
DA:28,6
DA:32,6
DA:36,6
DA:40,6
DA:42,6
LF:14
LH:14
BRF:0
BRH:0
end_of_record
TN:
SF:routes\donorRoutes.js
FNF:0
FNH:0
DA:1,6
DA:2,6
DA:7,6
DA:8,6
DA:9,6
DA:14,6
DA:24,6
DA:34,6
DA:41,6
LF:9
LH:9
BRF:0
BRH:0
end_of_record
TN:
SF:routes\externalRoutes.js
FNF:0
FNH:0
DA:1,6
DA:2,6
DA:3,6
DA:4,6
DA:7,6
DA:12,6
DA:17,6
DA:19,6
LF:8
LH:8
BRF:0
BRH:0
end_of_record
TN:
SF:routes\matchRoutes.js
FNF:0
FNH:0
DA:1,6
DA:2,6
DA:3,6
DA:4,6
DA:7,6
DA:12,6
DA:17,6
DA:22,6
DA:27,6
DA:29,6
LF:10
LH:10
BRF:0
BRH:0
end_of_record
TN:
SF:routes\notificationRoutes.js
FNF:0
FNH:0
DA:1,6
DA:2,6
DA:9,6
DA:10,6
DA:11,6
DA:14,6
DA:19,6
DA:24,6
DA:29,6
DA:34,6
DA:39,6
DA:41,6
LF:12
LH:12
BRF:0
BRH:0
end_of_record
TN:
SF:routes\publicRoutes.js
FN:29,(anonymous_0)
FNF:1
FNH:0
FNDA:0,(anonymous_0)
DA:1,6
DA:2,6
DA:7,6
DA:14,6
DA:19,6
DA:24,6
DA:29,6
DA:30,0
DA:31,0
DA:34,6
LF:10
LH:8
BRF:0
BRH:0
end_of_record
TN:
SF:routes\requestRoutes.js
FNF:0
FNH:0
DA:1,6
DA:2,6
DA:10,6
DA:11,6
DA:12,6
DA:13,6
DA:16,6
DA:21,6
DA:26,6
DA:31,6
DA:36,6
DA:41,6
DA:46,6
DA:48,6
LF:14
LH:14
BRF:0
BRH:0
end_of_record
TN:
SF:services\chatbotService.js
FN:28,(anonymous_0)
FN:34,(anonymous_1)
FN:251,(anonymous_2)
FN:275,(anonymous_3)
FN:283,(anonymous_4)
FN:345,(anonymous_5)
FN:356,(anonymous_6)
FN:368,(anonymous_7)
FN:390,(anonymous_8)
FN:498,(anonymous_9)
FN:559,(anonymous_10)
FNF:11
FNH:6
FNDA:0,(anonymous_0)
FNDA:0,(anonymous_1)
FNDA:2,(anonymous_2)
FNDA:0,(anonymous_3)
FNDA:2,(anonymous_4)
FNDA:7,(anonymous_5)
FNDA:14,(anonymous_6)
FNDA:6,(anonymous_7)
FNDA:0,(anonymous_8)
FNDA:2,(anonymous_9)
FNDA:0,(anonymous_10)
DA:1,6
DA:2,6
DA:3,6
DA:4,6
DA:11,6
DA:25,6
DA:28,0
DA:34,0
DA:251,6
DA:252,2
DA:255,2
DA:256,2
DA:259,2
DA:262,1
DA:263,7
DA:265,6
DA:266,41
DA:267,41
DA:268,1
DA:274,0
DA:275,0
DA:277,0
DA:283,6
DA:284,2
DA:285,2
DA:286,2
DA:287,2
DA:290,2
DA:295,2
DA:296,2
DA:297,1
DA:298,1
DA:299,0
DA:300,0
DA:301,0
DA:302,0
DA:303,0
DA:304,0
DA:306,1
DA:307,0
DA:308,0
DA:309,0
DA:310,0
DA:311,0
DA:312,0
DA:313,0
DA:318,0
DA:323,2
DA:326,2
DA:327,2
DA:328,2
DA:330,2
DA:331,0
DA:334,2
DA:335,2
DA:336,2
DA:337,2
DA:338,1
DA:339,1
DA:340,1
DA:343,1
DA:344,1
DA:345,7
DA:346,1
DA:348,0
DA:353,2
DA:354,2
DA:355,2
DA:356,14
DA:357,2
DA:358,2
DA:361,0
DA:365,2
DA:368,2
DA:369,6
DA:370,6
DA:374,2
DA:380,2
DA:382,2
DA:383,2
DA:384,2
DA:389,2
DA:390,0
DA:394,2
DA:395,2
DA:399,2
DA:420,2
DA:421,2
DA:422,2
DA:424,2
DA:425,2
DA:427,0
DA:428,0
DA:429,0
DA:434,2
DA:435,0
DA:437,0
DA:438,0
DA:439,0
DA:441,0
DA:448,0
DA:450,0
DA:451,0
DA:452,0
DA:453,0
DA:454,0
DA:457,0
DA:462,2
DA:465,0
DA:466,0
DA:467,0
DA:469,0
DA:470,0
DA:473,0
DA:477,2
DA:478,0
DA:479,0
DA:480,0
DA:481,0
DA:482,0
DA:483,0
DA:488,2
DA:498,6
DA:499,2
DA:501,2
DA:502,0
DA:503,0
DA:504,0
DA:505,0
DA:509,2
DA:510,0
DA:511,0
DA:514,2
DA:515,0
DA:518,2
DA:519,1
DA:520,1
DA:523,2
DA:524,0
DA:525,0
DA:528,2
DA:529,0
DA:534,0
DA:537,2
DA:538,0
DA:545,2
DA:546,0
DA:553,2
DA:559,6
DA:560,0
DA:561,0
DA:563,0
DA:568,0
DA:569,0
DA:570,0
DA:571,0
DA:572,0
DA:573,0
DA:574,0
DA:575,0
DA:578,0
DA:581,0
DA:584,6
LF:163
LH:87
BRDA:255,0,0,0
BRDA:255,0,1,2
BRDA:255,1,0,2
BRDA:255,1,1,2
BRDA:256,2,0,0
BRDA:256,2,1,2
BRDA:259,3,0,1
BRDA:259,3,1,1
BRDA:259,4,0,2
BRDA:259,4,1,1
BRDA:263,5,0,1
BRDA:263,5,1,6
BRDA:263,6,0,7
BRDA:263,6,1,7
BRDA:267,7,0,1
BRDA:267,7,1,40
BRDA:275,8,0,0
BRDA:275,8,1,0
BRDA:283,9,0,0
BRDA:283,10,0,0
BRDA:286,11,0,1
BRDA:286,11,1,1
BRDA:287,12,0,2
BRDA:287,12,1,1
BRDA:290,13,0,0
BRDA:290,13,1,2
BRDA:296,14,0,1
BRDA:296,14,1,1
BRDA:296,15,0,2
BRDA:296,15,1,1
BRDA:298,16,0,0
BRDA:298,16,1,1
BRDA:298,17,0,1
BRDA:298,17,1,1
BRDA:298,17,2,1
BRDA:300,18,0,0
BRDA:300,18,1,0
BRDA:300,19,0,0
BRDA:300,19,1,0
BRDA:306,20,0,0
BRDA:306,20,1,1
BRDA:306,21,0,1
BRDA:306,21,1,0
BRDA:306,21,2,0
BRDA:308,22,0,0
BRDA:308,22,1,0
BRDA:308,23,0,0
BRDA:308,23,1,0
BRDA:310,24,0,0
BRDA:310,24,1,0
BRDA:312,25,0,0
BRDA:312,25,1,0
BRDA:327,26,0,2
BRDA:327,26,1,0
BRDA:328,27,0,2
BRDA:328,27,1,2
BRDA:328,27,2,2
BRDA:330,28,0,0
BRDA:330,28,1,2
BRDA:331,29,0,0
BRDA:331,29,1,0
BRDA:334,30,0,2
BRDA:334,30,1,0
BRDA:337,31,0,1
BRDA:337,31,1,1
BRDA:345,32,0,1
BRDA:345,32,1,0
BRDA:348,33,0,0
BRDA:348,33,1,0
BRDA:356,34,0,2
BRDA:356,34,1,0
BRDA:357,35,0,2
BRDA:357,35,1,0
BRDA:389,36,0,0
BRDA:389,36,1,2
BRDA:395,37,0,0
BRDA:395,37,1,2
BRDA:406,38,0,0
BRDA:406,38,1,2
BRDA:434,39,0,0
BRDA:434,39,1,2
BRDA:450,40,0,0
BRDA:450,40,1,0
BRDA:457,41,0,0
BRDA:457,41,1,0
BRDA:462,42,0,0
BRDA:462,42,1,2
BRDA:462,43,0,2
BRDA:462,43,1,0
BRDA:466,44,0,0
BRDA:466,44,1,0
BRDA:477,45,0,0
BRDA:477,45,1,2
BRDA:477,46,0,2
BRDA:477,46,1,0
BRDA:479,47,0,0
BRDA:479,47,1,0
BRDA:480,48,0,0
BRDA:480,48,1,0
BRDA:482,49,0,0
BRDA:482,49,1,0
BRDA:501,50,0,0
BRDA:501,50,1,2
BRDA:501,51,0,2
BRDA:501,51,1,2
BRDA:504,52,0,0
BRDA:504,52,1,0
BRDA:509,53,0,0
BRDA:509,53,1,2
BRDA:514,54,0,0
BRDA:514,54,1,2
BRDA:518,55,0,1
BRDA:518,55,1,1
BRDA:523,56,0,0
BRDA:523,56,1,2
BRDA:528,57,0,0
BRDA:528,57,1,2
BRDA:528,58,0,2
BRDA:528,58,1,0
BRDA:537,59,0,0
BRDA:537,59,1,2
BRDA:537,60,0,2
BRDA:537,60,1,0
BRDA:545,61,0,0
BRDA:545,61,1,2
BRDA:560,62,0,0
BRDA:560,62,1,0
BRDA:568,63,0,0
BRDA:568,63,1,0
BRDA:572,64,0,0
BRDA:572,64,1,0
BRF:131
BRH:61
end_of_record
TN:
SF:services\eligibilityService.js
FN:29,(anonymous_0)
FN:32,(anonymous_1)
FN:40,(anonymous_2)
FN:56,(anonymous_3)
FN:66,(anonymous_4)
FN:79,(anonymous_5)
FN:132,(anonymous_6)
FN:136,(anonymous_7)
FN:143,(anonymous_8)
FN:155,(anonymous_9)
FN:205,(anonymous_10)
FN:327,(anonymous_11)
FNF:12
FNH:6
FNDA:0,(anonymous_0)
FNDA:0,(anonymous_1)
FNDA:9,(anonymous_2)
FNDA:5,(anonymous_3)
FNDA:6,(anonymous_4)
FNDA:0,(anonymous_5)
FNDA:6,(anonymous_6)
FNDA:0,(anonymous_7)
FNDA:0,(anonymous_8)
FNDA:6,(anonymous_9)
FNDA:0,(anonymous_10)
FNDA:3,(anonymous_11)
DA:7,6
DA:10,6
DA:11,6
DA:14,6
DA:29,6
DA:30,0
DA:31,0
DA:32,0
DA:33,0
DA:40,6
DA:41,9
DA:44,9
DA:46,9
DA:47,9
DA:48,9
DA:49,9
DA:50,9
DA:56,6
DA:57,5
DA:58,5
DA:59,5
DA:60,5
DA:66,6
DA:67,6
DA:68,6
DA:69,6
DA:70,6
DA:71,6
DA:79,6
DA:80,0
DA:83,0
DA:84,0
DA:85,0
DA:86,0
DA:87,0
DA:92,0
DA:93,0
DA:94,0
DA:95,0
DA:96,0
DA:99,0
DA:100,0
DA:101,0
DA:106,0
DA:107,0
DA:108,0
DA:113,0
DA:114,0
DA:115,0
DA:116,0
DA:117,0
DA:121,0
DA:132,6
DA:133,6
DA:136,0
DA:137,0
DA:140,0
DA:143,0
DA:144,0
DA:147,0
DA:155,6
DA:156,6
DA:165,6
DA:166,6
DA:169,6
DA:170,6
DA:171,0
DA:172,0
DA:173,6
DA:174,0
DA:175,0
DA:177,6
DA:181,6
DA:182,4
DA:183,4
DA:185,4
DA:186,1
DA:190,1
DA:191,1
DA:195,3
DA:199,2
DA:203,6
DA:204,0
DA:206,0
DA:210,0
DA:211,0
DA:213,0
DA:215,0
DA:219,6
DA:220,4
DA:221,4
DA:223,2
DA:228,6
DA:229,6
DA:230,0
DA:232,0
DA:233,0
DA:234,0
DA:236,0
DA:240,0
DA:241,0
DA:242,0
DA:243,0
DA:244,0
DA:248,6
DA:249,4
DA:250,4
DA:253,2
DA:258,6
DA:259,4
DA:260,4
DA:262,2
DA:266,6
DA:267,4
DA:268,4
DA:270,2
DA:275,6
DA:277,0
DA:278,6
DA:280,0
DA:281,0
DA:284,6
DA:294,6
DA:295,6
DA:296,4
DA:302,2
DA:306,6
DA:307,1
DA:313,6
DA:327,6
DA:328,3
DA:331,3
DA:332,3
DA:333,3
DA:334,0
DA:342,3
DA:343,3
DA:344,0
DA:352,3
DA:353,3
DA:354,0
DA:362,3
DA:363,3
DA:364,0
DA:372,3
DA:373,1
DA:374,1
DA:376,1
DA:377,0
DA:381,0
DA:389,3
DA:395,6
LF:152
LH:90
BRDA:30,0,0,0
BRDA:30,0,1,0
BRDA:41,1,0,0
BRDA:41,1,1,9
BRDA:44,2,0,6
BRDA:44,2,1,3
BRDA:50,3,0,0
BRDA:50,3,1,9
BRDA:50,4,0,9
BRDA:50,4,1,9
BRDA:50,4,2,2
BRDA:57,5,0,0
BRDA:57,5,1,5
BRDA:66,6,0,0
BRDA:67,7,0,0
BRDA:67,7,1,6
BRDA:83,8,0,0
BRDA:83,8,1,0
BRDA:83,9,0,0
BRDA:83,9,1,0
BRDA:84,10,0,0
BRDA:84,10,1,0
BRDA:86,11,0,0
BRDA:86,11,1,0
BRDA:92,12,0,0
BRDA:92,12,1,0
BRDA:92,13,0,0
BRDA:92,13,1,0
BRDA:93,14,0,0
BRDA:93,14,1,0
BRDA:93,15,0,0
BRDA:93,15,1,0
BRDA:95,16,0,0
BRDA:95,16,1,0
BRDA:95,17,0,0
BRDA:95,17,1,0
BRDA:99,18,0,0
BRDA:99,18,1,0
BRDA:99,19,0,0
BRDA:99,19,1,0
BRDA:100,20,0,0
BRDA:100,20,1,0
BRDA:100,21,0,0
BRDA:100,21,1,0
BRDA:106,22,0,0
BRDA:106,22,1,0
BRDA:106,23,0,0
BRDA:106,23,1,0
BRDA:107,24,0,0
BRDA:107,24,1,0
BRDA:107,25,0,0
BRDA:107,25,1,0
BRDA:113,26,0,0
BRDA:113,26,1,0
BRDA:113,27,0,0
BRDA:113,27,1,0
BRDA:114,28,0,0
BRDA:114,28,1,0
BRDA:114,29,0,0
BRDA:114,29,1,0
BRDA:116,30,0,0
BRDA:116,30,1,0
BRDA:116,31,0,0
BRDA:116,31,1,0
BRDA:133,32,0,6
BRDA:133,32,1,0
BRDA:133,33,0,6
BRDA:133,33,1,6
BRDA:137,34,0,0
BRDA:137,34,1,0
BRDA:137,34,2,0
BRDA:137,34,3,0
BRDA:137,34,4,0
BRDA:140,35,0,0
BRDA:140,35,1,0
BRDA:169,36,0,6
BRDA:169,36,1,0
BRDA:170,37,0,0
BRDA:170,37,1,6
BRDA:173,38,0,0
BRDA:173,38,1,6
BRDA:181,39,0,4
BRDA:181,39,1,2
BRDA:183,40,0,4
BRDA:183,40,1,0
BRDA:185,41,0,1
BRDA:185,41,1,3
BRDA:188,42,0,1
BRDA:188,42,1,0
BRDA:203,43,0,0
BRDA:203,43,1,6
BRDA:203,44,0,6
BRDA:203,44,1,6
BRDA:206,45,0,0
BRDA:206,45,1,0
BRDA:207,46,0,0
BRDA:207,46,1,0
BRDA:210,47,0,0
BRDA:210,47,1,0
BRDA:219,48,0,4
BRDA:219,48,1,2
BRDA:229,49,0,0
BRDA:229,49,1,6
BRDA:232,50,0,0
BRDA:232,50,1,0
BRDA:241,51,0,0
BRDA:241,51,1,0
BRDA:248,52,0,4
BRDA:248,52,1,2
BRDA:258,53,0,4
BRDA:258,53,1,2
BRDA:266,54,0,4
BRDA:266,54,1,2
BRDA:275,55,0,0
BRDA:275,55,1,6
BRDA:275,56,0,6
BRDA:275,56,1,0
BRDA:278,57,0,0
BRDA:278,57,1,6
BRDA:281,58,0,0
BRDA:281,58,1,0
BRDA:285,59,0,6
BRDA:285,59,1,6
BRDA:285,59,2,5
BRDA:285,59,3,1
BRDA:285,59,4,1
BRDA:285,59,5,1
BRDA:295,60,0,4
BRDA:295,60,1,2
BRDA:298,61,0,4
BRDA:298,61,1,0
BRDA:302,62,0,0
BRDA:302,62,1,2
BRDA:306,63,0,1
BRDA:306,63,1,5
BRDA:306,64,0,6
BRDA:306,64,1,1
BRDA:309,65,0,1
BRDA:309,65,1,0
BRDA:315,66,0,5
BRDA:315,66,1,1
BRDA:331,67,0,3
BRDA:331,67,1,0
BRDA:333,68,0,0
BRDA:333,68,1,3
BRDA:333,69,0,3
BRDA:333,69,1,3
BRDA:342,70,0,3
BRDA:342,70,1,0
BRDA:343,71,0,0
BRDA:343,71,1,3
BRDA:343,72,0,3
BRDA:343,72,1,3
BRDA:352,73,0,3
BRDA:352,73,1,0
BRDA:353,74,0,0
BRDA:353,74,1,3
BRDA:353,75,0,3
BRDA:353,75,1,3
BRDA:362,76,0,3
BRDA:362,76,1,0
BRDA:363,77,0,0
BRDA:363,77,1,3
BRDA:372,78,0,1
BRDA:372,78,1,2
BRDA:374,79,0,1
BRDA:374,79,1,0
BRDA:376,80,0,0
BRDA:376,80,1,1
BRDA:379,81,0,0
BRDA:379,81,1,0
BRF:171
BRH:71
end_of_record
TN:
SF:services\eraktService.js
FN:9,(anonymous_0)
FN:31,(anonymous_1)
FN:64,(anonymous_2)
FN:104,(anonymous_3)
FN:108,(anonymous_4)
FN:131,(anonymous_5)
FNF:6
FNH:0
FNDA:0,(anonymous_0)
FNDA:0,(anonymous_1)
FNDA:0,(anonymous_2)
FNDA:0,(anonymous_3)
FNDA:0,(anonymous_4)
FNDA:0,(anonymous_5)
DA:1,6
DA:3,6
DA:4,6
DA:9,6
DA:10,0
DA:14,0
DA:29,0
DA:31,0
DA:50,0
DA:53,0
DA:54,0
DA:57,0
DA:64,6
DA:65,0
DA:104,6
DA:105,0
DA:108,0
DA:109,0
DA:131,0
DA:133,0
DA:136,6
LF:21
LH:7
BRDA:3,0,0,6
BRDA:3,0,1,6
BRDA:4,1,0,6
BRDA:4,1,1,6
BRDA:9,2,0,0
BRDA:29,3,0,0
BRDA:29,3,1,0
BRDA:29,3,2,0
BRDA:33,4,0,0
BRDA:33,4,1,0
BRDA:33,4,2,0
BRDA:34,5,0,0
BRDA:34,5,1,0
BRDA:36,6,0,0
BRDA:36,6,1,0
BRDA:37,7,0,0
BRDA:37,7,1,0
BRDA:38,8,0,0
BRDA:38,8,1,0
BRDA:39,9,0,0
BRDA:39,9,1,0
BRDA:42,10,0,0
BRDA:42,10,1,0
BRDA:45,11,0,0
BRDA:45,11,1,0
BRDA:46,12,0,0
BRDA:46,12,1,0
BRDA:47,13,0,0
BRDA:47,13,1,0
BRDA:53,14,0,0
BRDA:53,14,1,0
BRDA:72,15,0,0
BRDA:72,15,1,0
BRDA:73,16,0,0
BRDA:73,16,1,0
BRDA:88,17,0,0
BRDA:88,17,1,0
BRDA:89,18,0,0
BRDA:89,18,1,0
BRF:39
BRH:4
end_of_record
TN:
SF:services\matchService.js
FN:9,(anonymous_0)
FN:25,(anonymous_1)
FNF:2
FNH:0
FNDA:0,(anonymous_0)
FNDA:0,(anonymous_1)
DA:1,6
DA:2,6
DA:3,6
DA:4,6
DA:9,6
DA:10,0
DA:11,0
DA:16,0
DA:19,0
DA:21,0
DA:24,0
DA:26,0
DA:39,0
DA:40,0
DA:41,0
DA:45,0
DA:46,0
DA:47,0
DA:48,0
DA:54,0
DA:58,0
DA:60,0
DA:61,0
DA:65,6
LF:24
LH:6
BRDA:16,0,0,0
BRDA:16,0,1,0
BRDA:21,1,0,0
BRDA:21,1,1,0
BRDA:39,2,0,0
BRDA:39,2,1,0
BRF:6
BRH:0
end_of_record
TN:
SF:services\notificationService.js
FN:29,(anonymous_0)
FN:68,(anonymous_1)
FN:93,(anonymous_2)
FN:147,(anonymous_3)
FN:192,(anonymous_4)
FN:230,(anonymous_5)
FN:249,(anonymous_6)
FN:272,(anonymous_7)
FN:284,(anonymous_8)
FN:289,(anonymous_9)
FN:305,(anonymous_10)
FN:317,(anonymous_11)
FN:346,(anonymous_12)
FN:369,(anonymous_13)
FN:378,(anonymous_14)
FNF:15
FNH:0
FNDA:0,(anonymous_0)
FNDA:0,(anonymous_1)
FNDA:0,(anonymous_2)
FNDA:0,(anonymous_3)
FNDA:0,(anonymous_4)
FNDA:0,(anonymous_5)
FNDA:0,(anonymous_6)
FNDA:0,(anonymous_7)
FNDA:0,(anonymous_8)
FNDA:0,(anonymous_9)
FNDA:0,(anonymous_10)
FNDA:0,(anonymous_11)
FNDA:0,(anonymous_12)
FNDA:0,(anonymous_13)
FNDA:0,(anonymous_14)
DA:1,6
DA:2,6
DA:3,6
DA:4,6
DA:5,6
DA:6,6
DA:9,6
DA:10,6
DA:11,6
DA:13,6
DA:18,6
DA:29,6
DA:30,0
DA:31,0
DA:32,0
DA:33,0
DA:36,0
DA:37,0
DA:41,0
DA:45,0
DA:51,0
DA:57,0
DA:58,0
DA:68,6
DA:69,0
DA:70,0
DA:71,0
DA:72,0
DA:75,0
DA:82,0
DA:83,0
DA:85,0
DA:86,0
DA:93,6
DA:94,0
DA:95,0
DA:96,0
DA:97,0
DA:100,0
DA:101,0
DA:112,0
DA:115,0
DA:116,0
DA:117,0
DA:121,0
DA:122,0
DA:123,0
DA:126,0
DA:127,0
DA:128,0
DA:130,0
DA:136,0
DA:137,0
DA:147,6
DA:148,0
DA:149,0
DA:150,0
DA:152,0
DA:153,0
DA:156,0
DA:169,0
DA:184,0
DA:185,0
DA:192,6
DA:193,0
DA:194,0
DA:196,0
DA:197,0
DA:200,0
DA:206,0
DA:208,0
DA:222,0
DA:223,0
DA:230,6
DA:231,0
DA:232,0
DA:234,0
DA:235,0
DA:238,0
DA:248,0
DA:250,0
DA:251,0
DA:252,0
DA:266,0
DA:270,0
DA:272,0
DA:276,0
DA:277,0
DA:284,6
DA:285,0
DA:286,0
DA:288,0
DA:290,0
DA:303,0
DA:305,0
DA:309,0
DA:310,0
DA:317,6
DA:318,0
DA:326,0
DA:334,0
DA:346,6
DA:347,0
DA:352,0
DA:357,0
DA:369,6
DA:370,0
DA:378,6
DA:379,0
DA:380,0
DA:381,0
DA:391,0
DA:392,0
DA:395,0
DA:396,0
DA:398,0
DA:406,0
DA:421,0
DA:422,0
DA:426,6
LF:120
LH:23
BRDA:13,0,0,6
BRDA:13,0,1,0
BRDA:13,1,0,6
BRDA:13,1,1,6
BRDA:19,2,0,6
BRDA:19,2,1,0
BRDA:31,3,0,0
BRDA:31,3,1,0
BRDA:36,4,0,0
BRDA:36,4,1,0
BRDA:36,5,0,0
BRDA:36,5,1,0
BRDA:41,6,0,0
BRDA:41,6,1,0
BRDA:70,7,0,0
BRDA:70,7,1,0
BRDA:70,8,0,0
BRDA:70,8,1,0
BRDA:93,9,0,0
BRDA:96,10,0,0
BRDA:96,10,1,0
BRDA:100,11,0,0
BRDA:100,11,1,0
BRDA:108,12,0,0
BRDA:108,12,1,0
BRDA:115,13,0,0
BRDA:115,13,1,0
BRDA:115,14,0,0
BRDA:115,14,1,0
BRDA:115,14,2,0
BRDA:117,15,0,0
BRDA:117,15,1,0
BRDA:121,16,0,0
BRDA:121,16,1,0
BRDA:121,17,0,0
BRDA:121,17,1,0
BRDA:121,17,2,0
BRDA:123,18,0,0
BRDA:123,18,1,0
BRDA:126,19,0,0
BRDA:126,19,1,0
BRDA:152,20,0,0
BRDA:152,20,1,0
BRDA:152,21,0,0
BRDA:152,21,1,0
BRDA:152,21,2,0
BRDA:164,22,0,0
BRDA:164,22,1,0
BRDA:164,22,2,0
BRDA:196,23,0,0
BRDA:196,23,1,0
BRDA:206,24,0,0
BRDA:206,24,1,0
BRDA:234,25,0,0
BRDA:234,25,1,0
BRDA:242,26,0,0
BRDA:242,26,1,0
BRDA:242,26,2,0
BRDA:251,27,0,0
BRDA:251,27,1,0
BRDA:251,28,0,0
BRDA:251,28,1,0
BRDA:251,28,2,0
BRDA:284,29,0,0
BRDA:337,30,0,0
BRDA:337,30,1,0
BRDA:338,31,0,0
BRDA:338,31,1,0
BRDA:360,32,0,0
BRDA:360,32,1,0
BRDA:361,33,0,0
BRDA:361,33,1,0
BRDA:391,34,0,0
BRDA:391,34,1,0
BRDA:391,35,0,0
BRDA:391,35,1,0
BRDA:391,35,2,0
BRF:77
BRH:4
end_of_record
TN:
SF:utils\aiPrediction.js
FN:11,calculateAge
FN:28,(anonymous_1)
FN:51,(anonymous_2)
FN:65,(anonymous_3)
FN:123,(anonymous_4)
FNF:5
FNH:0
FNDA:0,calculateAge
FNDA:0,(anonymous_1)
FNDA:0,(anonymous_2)
FNDA:0,(anonymous_3)
FNDA:0,(anonymous_4)
DA:1,6
DA:2,6
DA:3,6
DA:5,6
DA:6,6
DA:12,0
DA:13,0
DA:14,0
DA:15,0
DA:16,0
DA:17,0
DA:18,0
DA:20,0
DA:28,6
DA:29,0
DA:30,0
DA:32,0
DA:33,0
DA:34,0
DA:38,0
DA:40,0
DA:41,0
DA:43,0
DA:44,0
DA:45,0
DA:46,0
DA:49,0
DA:51,0
DA:65,0
DA:69,0
DA:72,0
DA:81,0
DA:83,0
DA:84,0
DA:85,0
DA:86,0
DA:87,0
DA:89,0
DA:91,0
DA:93,0
DA:105,0
DA:107,0
DA:108,0
DA:109,0
DA:110,0
DA:111,0
DA:112,0
DA:114,0
DA:115,0
DA:116,0
DA:123,6
DA:124,0
DA:125,0
DA:127,0
DA:128,0
DA:131,0
DA:142,0
DA:143,0
DA:147,6
LF:59
LH:8
BRDA:5,0,0,6
BRDA:5,0,1,0
BRDA:12,1,0,0
BRDA:12,1,1,0
BRDA:17,2,0,0
BRDA:17,2,1,0
BRDA:17,3,0,0
BRDA:17,3,1,0
BRDA:17,3,2,0
BRDA:32,4,0,0
BRDA:32,4,1,0
BRDA:32,5,0,0
BRDA:32,5,1,0
BRDA:38,6,0,0
BRDA:38,6,1,0
BRDA:40,7,0,0
BRDA:40,7,1,0
BRDA:52,8,0,0
BRDA:52,8,1,0
BRDA:53,9,0,0
BRDA:53,9,1,0
BRDA:54,10,0,0
BRDA:54,10,1,0
BRDA:54,10,2,0
BRDA:56,11,0,0
BRDA:56,11,1,0
BRDA:57,12,0,0
BRDA:57,12,1,0
BRDA:58,13,0,0
BRDA:58,13,1,0
BRDA:59,14,0,0
BRDA:59,14,1,0
BRDA:60,15,0,0
BRDA:60,15,1,0
BRDA:61,16,0,0
BRDA:61,16,1,0
BRDA:62,17,0,0
BRDA:62,17,1,0
BRDA:63,18,0,0
BRDA:63,18,1,0
BRDA:64,19,0,0
BRDA:64,19,1,0
BRDA:65,20,0,0
BRDA:65,20,1,0
BRDA:81,21,0,0
BRDA:81,21,1,0
BRDA:81,22,0,0
BRDA:81,22,1,0
BRDA:84,23,0,0
BRDA:84,23,1,0
BRDA:85,24,0,0
BRDA:85,24,1,0
BRDA:86,25,0,0
BRDA:86,25,1,0
BRDA:100,26,0,0
BRDA:100,26,1,0
BRDA:107,27,0,0
BRDA:107,27,1,0
BRDA:110,28,0,0
BRDA:110,28,1,0
BRDA:114,29,0,0
BRDA:114,29,1,0
BRDA:127,30,0,0
BRDA:127,30,1,0
BRDA:137,31,0,0
BRDA:137,31,1,0
BRF:66
BRH:1
end_of_record
TN:
SF:utils\donorMatching.js
FN:11,(anonymous_0)
FN:42,(anonymous_1)
FN:59,(anonymous_2)
FN:107,(anonymous_3)
FN:131,(anonymous_4)
FN:149,(anonymous_5)
FN:162,(anonymous_6)
FN:178,(anonymous_7)
FN:189,(anonymous_8)
FN:241,(anonymous_9)
FNF:10
FNH:0
FNDA:0,(anonymous_0)
FNDA:0,(anonymous_1)
FNDA:0,(anonymous_2)
FNDA:0,(anonymous_3)
FNDA:0,(anonymous_4)
FNDA:0,(anonymous_5)
FNDA:0,(anonymous_6)
FNDA:0,(anonymous_7)
FNDA:0,(anonymous_8)
FNDA:0,(anonymous_9)
DA:1,6
DA:2,6
DA:3,6
DA:4,6
DA:6,6
DA:11,6
DA:12,0
DA:13,0
DA:17,0
DA:19,0
DA:20,0
DA:21,0
DA:22,0
DA:23,0
DA:24,0
DA:30,0
DA:31,0
DA:32,0
DA:36,0
DA:42,6
DA:43,0
DA:45,0
DA:46,0
DA:49,0
DA:50,0
DA:53,0
DA:59,6
DA:60,0
DA:61,0
DA:65,0
DA:66,0
DA:69,0
DA:70,0
DA:71,0
DA:73,0
DA:74,0
DA:77,0
DA:81,0
DA:84,0
DA:87,0
DA:88,0
DA:89,0
DA:90,0
DA:91,0
DA:92,0
DA:93,0
DA:94,0
DA:97,0
DA:99,0
DA:100,0
DA:107,6
DA:108,0
DA:109,0
DA:120,0
DA:122,0
DA:124,0
DA:131,6
DA:132,0
DA:143,0
DA:149,6
DA:150,0
DA:156,0
DA:162,6
DA:163,0
DA:169,0
DA:172,0
DA:178,0
DA:179,0
DA:180,0
DA:183,0
DA:184,0
DA:188,0
DA:190,0
DA:191,0
DA:194,0
DA:198,0
DA:199,0
DA:202,0
DA:212,0
DA:216,0
DA:221,0
DA:222,0
DA:224,0
DA:241,0
DA:244,0
DA:245,0
DA:247,0
DA:248,0
DA:252,6
LF:89
LH:13
BRDA:6,0,0,6
BRDA:6,0,1,0
BRDA:12,1,0,0
BRDA:12,1,1,0
BRDA:12,2,0,0
BRDA:12,2,1,0
BRDA:19,3,0,0
BRDA:19,3,1,0
BRDA:19,4,0,0
BRDA:19,4,1,0
BRDA:20,5,0,0
BRDA:20,5,1,0
BRDA:22,6,0,0
BRDA:22,6,1,0
BRDA:22,7,0,0
BRDA:22,7,1,0
BRDA:23,8,0,0
BRDA:23,8,1,0
BRDA:30,9,0,0
BRDA:30,9,1,0
BRDA:30,10,0,0
BRDA:30,10,1,0
BRDA:31,11,0,0
BRDA:31,11,1,0
BRDA:45,12,0,0
BRDA:45,12,1,0
BRDA:49,13,0,0
BRDA:49,13,1,0
BRDA:65,14,0,0
BRDA:65,14,1,0
BRDA:73,15,0,0
BRDA:73,15,1,0
BRDA:87,16,0,0
BRDA:87,16,1,0
BRDA:87,17,0,0
BRDA:87,17,1,0
BRDA:89,18,0,0
BRDA:89,18,1,0
BRDA:89,19,0,0
BRDA:89,19,1,0
BRDA:91,20,0,0
BRDA:91,20,1,0
BRDA:91,21,0,0
BRDA:91,21,1,0
BRDA:93,22,0,0
BRDA:93,22,1,0
BRDA:111,23,0,0
BRDA:111,23,1,0
BRDA:112,24,0,0
BRDA:112,24,1,0
BRDA:114,25,0,0
BRDA:114,25,1,0
BRDA:115,26,0,0
BRDA:115,26,1,0
BRDA:120,27,0,0
BRDA:120,27,1,0
BRDA:143,28,0,0
BRDA:143,28,1,0
BRDA:156,29,0,0
BRDA:156,29,1,0
BRDA:162,30,0,0
BRDA:183,31,0,0
BRDA:183,31,1,0
BRDA:191,32,0,0
BRDA:191,32,1,0
BRDA:203,33,0,0
BRDA:203,33,1,0
BRDA:206,34,0,0
BRDA:206,34,1,0
BRDA:208,35,0,0
BRDA:208,35,1,0
BRDA:244,36,0,0
BRDA:244,36,1,0
BRF:73
BRH:1
end_of_record
TN:
SF:utils\logger.js
FN:21,(anonymous_0)
FN:99,(anonymous_1)
FN:111,(anonymous_2)
FN:122,(anonymous_3)
FN:133,(anonymous_4)
FN:144,(anonymous_5)
FNF:6
FNH:2
FNDA:58,(anonymous_0)
FNDA:0,(anonymous_1)
FNDA:0,(anonymous_2)
FNDA:0,(anonymous_3)
FNDA:0,(anonymous_4)
FNDA:6,(anonymous_5)
DA:6,6
DA:7,6
DA:10,6
DA:18,6
DA:22,58
DA:23,58
DA:24,58
DA:26,58
DA:31,6
DA:32,6
DA:33,6
DA:34,0
DA:38,6
DA:81,6
DA:82,6
DA:90,0
DA:99,6
DA:100,0
DA:111,6
DA:112,0
DA:122,6
DA:123,0
DA:133,6
DA:134,0
DA:144,6
DA:145,6
DA:155,6
LF:27
LH:21
BRDA:23,0,0,58
BRDA:23,0,1,0
BRDA:33,1,0,0
BRDA:33,1,1,6
BRDA:39,2,0,6
BRDA:39,2,1,6
BRDA:81,3,0,6
BRDA:81,3,1,0
BRF:8
BRH:5
end_of_record
TN:
SF:utils\validation.js
FN:20,(anonymous_0)
FN:26,(anonymous_1)
FN:37,(anonymous_2)
FN:53,(anonymous_3)
FN:69,(anonymous_4)
FN:77,(anonymous_5)
FN:85,(anonymous_6)
FN:93,(anonymous_7)
FN:104,(anonymous_8)
FN:128,(anonymous_9)
FN:156,(anonymous_10)
FN:174,(anonymous_11)
FN:192,(anonymous_12)
FN:227,(anonymous_13)
FN:276,(anonymous_14)
FN:287,(anonymous_15)
FN:317,(anonymous_16)
FN:340,(anonymous_17)
FN:361,(anonymous_18)
FN:389,(anonymous_19)
FN:434,(anonymous_20)
FN:447,(anonymous_21)
FNF:22
FNH:10
FNDA:19,(anonymous_0)
FNDA:4,(anonymous_1)
FNDA:104,(anonymous_2)
FNDA:6,(anonymous_3)
FNDA:0,(anonymous_4)
FNDA:0,(anonymous_5)
FNDA:0,(anonymous_6)
FNDA:14,(anonymous_7)
FNDA:0,(anonymous_8)
FNDA:0,(anonymous_9)
FNDA:0,(anonymous_10)
FNDA:0,(anonymous_11)
FNDA:6,(anonymous_12)
FNDA:0,(anonymous_13)
FNDA:11,(anonymous_14)
FNDA:0,(anonymous_15)
FNDA:3,(anonymous_16)
FNDA:0,(anonymous_17)
FNDA:0,(anonymous_18)
FNDA:6,(anonymous_19)
FNDA:0,(anonymous_20)
FNDA:6,(anonymous_21)
DA:6,6
DA:14,6
DA:20,6
DA:21,19
DA:22,19
DA:23,4
DA:26,4
DA:34,15
DA:35,15
DA:36,15
DA:37,104
DA:39,15
DA:40,2
DA:47,13
DA:53,6
DA:54,6
DA:69,6
DA:70,0
DA:71,0
DA:77,6
DA:78,0
DA:79,0
DA:85,6
DA:86,0
DA:87,0
DA:93,6
DA:94,14
DA:95,14
DA:96,14
DA:97,14
DA:98,14
DA:104,6
DA:105,0
DA:106,0
DA:109,0
DA:110,0
DA:111,0
DA:114,0
DA:115,0
DA:122,0
DA:128,6
DA:129,0
DA:130,0
DA:133,0
DA:134,0
DA:136,0
DA:137,0
DA:141,0
DA:150,0
DA:156,6
DA:157,0
DA:158,0
DA:161,0
DA:162,0
DA:168,0
DA:174,6
DA:175,0
DA:176,0
DA:179,0
DA:180,0
DA:186,0
DA:192,6
DA:193,6
DA:228,0
DA:229,0
DA:231,0
DA:277,11
DA:278,0
DA:280,11
DA:288,0
DA:289,0
DA:291,0
DA:318,3
DA:319,0
DA:321,3
DA:340,6
DA:341,0
DA:362,0
DA:363,0
DA:365,0
DA:389,6
DA:390,6
DA:434,0
DA:447,6
DA:448,6
DA:456,6
LF:86
LH:41
BRDA:22,0,0,4
BRDA:22,0,1,15
BRDA:27,1,0,4
BRDA:27,1,1,0
BRDA:39,2,0,2
BRDA:39,2,1,13
BRDA:94,3,0,0
BRDA:94,3,1,14
BRDA:105,4,0,0
BRDA:105,4,1,0
BRDA:110,5,0,0
BRDA:110,5,1,0
BRDA:114,6,0,0
BRDA:114,6,1,0
BRDA:128,7,0,0
BRDA:129,8,0,0
BRDA:129,8,1,0
BRDA:136,9,0,0
BRDA:136,9,1,0
BRDA:157,10,0,0
BRDA:157,10,1,0
BRDA:157,11,0,0
BRDA:157,11,1,0
BRDA:161,12,0,0
BRDA:161,12,1,0
BRDA:161,13,0,0
BRDA:161,13,1,0
BRDA:175,14,0,0
BRDA:175,14,1,0
BRDA:175,15,0,0
BRDA:175,15,1,0
BRDA:179,16,0,0
BRDA:179,16,1,0
BRDA:179,17,0,0
BRDA:179,17,1,0
BRDA:228,18,0,0
BRDA:228,18,1,0
BRDA:228,19,0,0
BRDA:228,19,1,0
BRDA:277,20,0,0
BRDA:277,20,1,11
BRDA:288,21,0,0
BRDA:288,21,1,0
BRDA:318,22,0,0
BRDA:318,22,1,3
BRDA:362,23,0,0
BRDA:362,23,1,0
BRDA:434,24,0,0
BRDA:434,24,1,0
BRF:49
BRH:8
end_of_record
